{"/home/travis/build/kaizhu256/node-github-crud/test.js":{"path":"/home/travis/build/kaizhu256/node-github-crud/test.js","s":{"1":2,"2":2,"3":2,"4":2,"5":2,"6":2,"7":2,"8":2,"9":0,"10":0,"11":0,"12":0,"13":0,"14":0,"15":0,"16":0,"17":0,"18":2,"19":2,"20":2,"21":2,"22":2,"23":0,"24":0,"25":0,"26":0,"27":0,"28":2,"29":0,"30":2,"31":0,"32":2,"33":0,"34":2,"35":0,"36":0,"37":0,"38":0,"39":0,"40":2,"41":1,"42":1,"43":1,"44":1,"45":1,"46":1,"47":1,"48":1,"49":1,"50":1,"51":1,"52":1,"53":1,"54":1,"55":1,"56":1,"57":1,"58":1,"59":1,"60":1,"61":1,"62":1,"63":1,"64":1,"65":1,"66":1,"67":1,"68":2,"69":2,"70":2,"71":2,"72":2,"73":2,"74":2,"75":2,"76":2,"77":1,"78":1,"79":1,"80":3,"81":3,"82":1,"83":1,"84":1,"85":12,"86":12,"87":3,"88":3,"89":3,"90":3,"91":12,"92":1,"93":2,"94":2,"95":1,"96":1,"97":1,"98":7,"99":7,"100":13,"101":13,"102":7,"103":7,"104":52,"105":13,"106":13,"107":13,"108":13,"109":52,"110":7,"111":7,"112":7,"113":7,"114":2,"115":2,"116":1,"117":1,"118":1,"119":6,"120":6,"121":8,"122":8,"123":6,"124":6,"125":32,"126":8,"127":8,"128":8,"129":8,"130":16,"131":16,"132":32,"133":6,"134":6,"135":6,"136":6,"137":2,"138":2,"139":1,"140":1,"141":1,"142":1,"143":1,"144":2,"145":2,"146":2,"147":3,"148":3,"149":3,"150":3,"151":3,"152":3,"153":12,"154":3,"155":3,"156":12,"157":3,"158":3,"159":2,"160":2,"161":2,"162":2,"163":2,"164":1,"165":1,"166":1,"167":2,"168":2,"169":2,"170":2},"b":{"1":[0,2],"2":[2,1,1,1,1],"3":[0,0],"4":[0,0],"5":[0,0,0],"6":[0,0],"7":[0,0],"8":[0,0],"9":[0,0],"10":[0,0],"11":[0,0,0],"12":[0,0],"13":[1,1],"14":[2,1],"15":[1,1],"16":[3,3],"17":[2,1],"18":[1,1],"19":[13,13],"20":[1,1],"21":[8,8,16],"22":[1,1],"23":[3],"24":[1,1]},"f":{"1":2,"2":2,"3":0,"4":0,"5":0,"6":0,"7":0,"8":0,"9":0,"10":2,"11":2,"12":2,"13":2,"14":3,"15":12,"16":2,"17":7,"18":13,"19":52,"20":7,"21":2,"22":6,"23":8,"24":32,"25":6,"26":2,"27":2,"28":3,"29":12,"30":2,"31":2,"32":2,"33":2},"fnMap":{"1":{"name":"(anonymous_1)","line":4,"loc":{"start":{"line":4,"column":1},"end":{"line":4,"column":23}},"skip":true},"2":{"name":"(anonymous_2)","line":9,"loc":{"start":{"line":9,"column":5},"end":{"line":9,"column":17}},"skip":true},"3":{"name":"(anonymous_3)","line":18,"loc":{"start":{"line":18,"column":41},"end":{"line":18,"column":53}},"skip":true},"4":{"name":"(anonymous_4)","line":47,"loc":{"start":{"line":47,"column":24},"end":{"line":47,"column":51}},"skip":true},"5":{"name":"(anonymous_5)","line":74,"loc":{"start":{"line":74,"column":26},"end":{"line":74,"column":41}},"skip":true},"6":{"name":"(anonymous_6)","line":82,"loc":{"start":{"line":82,"column":21},"end":{"line":82,"column":38}},"skip":true},"7":{"name":"(anonymous_7)","line":88,"loc":{"start":{"line":88,"column":16},"end":{"line":88,"column":28}},"skip":true},"8":{"name":"(anonymous_8)","line":94,"loc":{"start":{"line":94,"column":32},"end":{"line":94,"column":58}},"skip":true},"9":{"name":"(anonymous_9)","line":101,"loc":{"start":{"line":101,"column":42},"end":{"line":101,"column":57}},"skip":true},"10":{"name":"(anonymous_10)","line":146,"loc":{"start":{"line":146,"column":1},"end":{"line":146,"column":18}}},"11":{"name":"(anonymous_11)","line":152,"loc":{"start":{"line":152,"column":1},"end":{"line":152,"column":13}}},"12":{"name":"(anonymous_12)","line":165,"loc":{"start":{"line":165,"column":1},"end":{"line":165,"column":13}}},"13":{"name":"(anonymous_13)","line":166,"loc":{"start":{"line":166,"column":46},"end":{"line":166,"column":74}}},"14":{"name":"(anonymous_14)","line":175,"loc":{"start":{"line":175,"column":14},"end":{"line":175,"column":42}}},"15":{"name":"(anonymous_15)","line":181,"loc":{"start":{"line":181,"column":17},"end":{"line":181,"column":42}}},"16":{"name":"(anonymous_16)","line":206,"loc":{"start":{"line":206,"column":46},"end":{"line":206,"column":74}}},"17":{"name":"(anonymous_17)","line":224,"loc":{"start":{"line":224,"column":7},"end":{"line":224,"column":35}}},"18":{"name":"(anonymous_18)","line":226,"loc":{"start":{"line":226,"column":18},"end":{"line":226,"column":46}}},"19":{"name":"(anonymous_19)","line":231,"loc":{"start":{"line":231,"column":21},"end":{"line":231,"column":46}}},"20":{"name":"(anonymous_20)","line":251,"loc":{"start":{"line":251,"column":11},"end":{"line":251,"column":26}}},"21":{"name":"(anonymous_21)","line":259,"loc":{"start":{"line":259,"column":42},"end":{"line":259,"column":70}}},"22":{"name":"(anonymous_22)","line":276,"loc":{"start":{"line":276,"column":7},"end":{"line":276,"column":35}}},"23":{"name":"(anonymous_23)","line":278,"loc":{"start":{"line":278,"column":18},"end":{"line":278,"column":46}}},"24":{"name":"(anonymous_24)","line":283,"loc":{"start":{"line":283,"column":21},"end":{"line":283,"column":46}}},"25":{"name":"(anonymous_25)","line":305,"loc":{"start":{"line":305,"column":11},"end":{"line":305,"column":26}}},"26":{"name":"(anonymous_26)","line":313,"loc":{"start":{"line":313,"column":47},"end":{"line":313,"column":75}}},"27":{"name":"(anonymous_27)","line":328,"loc":{"start":{"line":328,"column":7},"end":{"line":328,"column":35}}},"28":{"name":"(anonymous_28)","line":331,"loc":{"start":{"line":331,"column":18},"end":{"line":331,"column":46}}},"29":{"name":"(anonymous_29)","line":337,"loc":{"start":{"line":337,"column":24},"end":{"line":337,"column":49}}},"30":{"name":"(anonymous_30)","line":353,"loc":{"start":{"line":353,"column":11},"end":{"line":353,"column":26}}},"31":{"name":"(anonymous_31)","line":361,"loc":{"start":{"line":361,"column":39},"end":{"line":361,"column":67}}},"32":{"name":"(anonymous_32)","line":374,"loc":{"start":{"line":374,"column":7},"end":{"line":374,"column":35}}},"33":{"name":"(anonymous_33)","line":380,"loc":{"start":{"line":380,"column":11},"end":{"line":380,"column":26}}}},"statementMap":{"1":{"start":{"line":4,"column":0},"end":{"line":142,"column":9},"skip":true},"2":{"start":{"line":6,"column":4},"end":{"line":6,"column":21},"skip":true},"3":{"start":{"line":7,"column":4},"end":{"line":7,"column":14},"skip":true},"4":{"start":{"line":9,"column":4},"end":{"line":13,"column":9},"skip":true},"5":{"start":{"line":10,"column":8},"end":{"line":12,"column":27},"skip":true},"6":{"start":{"line":11,"column":12},"end":{"line":11,"column":51},"skip":true},"7":{"start":{"line":14,"column":4},"end":{"line":14,"column":39},"skip":true},"8":{"start":{"line":16,"column":4},"end":{"line":33,"column":5},"skip":true},"9":{"start":{"line":17,"column":8},"end":{"line":17,"column":37},"skip":true},"10":{"start":{"line":18,"column":8},"end":{"line":32,"column":10},"skip":true},"11":{"start":{"line":23,"column":12},"end":{"line":23,"column":24},"skip":true},"12":{"start":{"line":24,"column":12},"end":{"line":24,"column":44},"skip":true},"13":{"start":{"line":26,"column":12},"end":{"line":26,"column":62},"skip":true},"14":{"start":{"line":27,"column":12},"end":{"line":27,"column":49},"skip":true},"15":{"start":{"line":28,"column":12},"end":{"line":28,"column":49},"skip":true},"16":{"start":{"line":29,"column":12},"end":{"line":29,"column":31},"skip":true},"17":{"start":{"line":31,"column":12},"end":{"line":31,"column":30},"skip":true},"18":{"start":{"line":35,"column":4},"end":{"line":35,"column":15},"skip":true},"19":{"start":{"line":36,"column":4},"end":{"line":36,"column":24},"skip":true},"20":{"start":{"line":37,"column":4},"end":{"line":37,"column":35},"skip":true},"21":{"start":{"line":39,"column":4},"end":{"line":45,"column":6},"skip":true},"22":{"start":{"line":47,"column":4},"end":{"line":73,"column":6},"skip":true},"23":{"start":{"line":51,"column":8},"end":{"line":51,"column":16},"skip":true},"24":{"start":{"line":52,"column":8},"end":{"line":54,"column":9},"skip":true},"25":{"start":{"line":53,"column":12},"end":{"line":53,"column":19},"skip":true},"26":{"start":{"line":55,"column":8},"end":{"line":71,"column":10},"skip":true},"27":{"start":{"line":72,"column":8},"end":{"line":72,"column":18},"skip":true},"28":{"start":{"line":74,"column":4},"end":{"line":81,"column":6},"skip":true},"29":{"start":{"line":80,"column":8},"end":{"line":80,"column":32},"skip":true},"30":{"start":{"line":82,"column":4},"end":{"line":87,"column":6},"skip":true},"31":{"start":{"line":86,"column":8},"end":{"line":86,"column":21},"skip":true},"32":{"start":{"line":88,"column":4},"end":{"line":93,"column":6},"skip":true},"33":{"start":{"line":92,"column":8},"end":{"line":92,"column":15},"skip":true},"34":{"start":{"line":94,"column":4},"end":{"line":111,"column":6},"skip":true},"35":{"start":{"line":100,"column":8},"end":{"line":100,"column":30},"skip":true},"36":{"start":{"line":101,"column":8},"end":{"line":109,"column":11},"skip":true},"37":{"start":{"line":102,"column":12},"end":{"line":108,"column":13},"skip":true},"38":{"start":{"line":107,"column":16},"end":{"line":107,"column":57},"skip":true},"39":{"start":{"line":110,"column":8},"end":{"line":110,"column":22},"skip":true},"40":{"start":{"line":113,"column":4},"end":{"line":141,"column":5},"skip":true},"41":{"start":{"line":114,"column":8},"end":{"line":114,"column":41},"skip":true},"42":{"start":{"line":115,"column":8},"end":{"line":115,"column":41},"skip":true},"43":{"start":{"line":116,"column":8},"end":{"line":116,"column":55},"skip":true},"44":{"start":{"line":117,"column":8},"end":{"line":117,"column":43},"skip":true},"45":{"start":{"line":118,"column":8},"end":{"line":118,"column":41},"skip":true},"46":{"start":{"line":119,"column":8},"end":{"line":119,"column":39},"skip":true},"47":{"start":{"line":120,"column":8},"end":{"line":120,"column":35},"skip":true},"48":{"start":{"line":121,"column":8},"end":{"line":121,"column":41},"skip":true},"49":{"start":{"line":122,"column":8},"end":{"line":122,"column":41},"skip":true},"50":{"start":{"line":123,"column":8},"end":{"line":123,"column":33},"skip":true},"51":{"start":{"line":124,"column":8},"end":{"line":124,"column":37},"skip":true},"52":{"start":{"line":125,"column":8},"end":{"line":125,"column":39},"skip":true},"53":{"start":{"line":126,"column":8},"end":{"line":126,"column":35},"skip":true},"54":{"start":{"line":127,"column":8},"end":{"line":127,"column":33},"skip":true},"55":{"start":{"line":128,"column":8},"end":{"line":128,"column":37},"skip":true},"56":{"start":{"line":129,"column":8},"end":{"line":129,"column":51},"skip":true},"57":{"start":{"line":130,"column":8},"end":{"line":130,"column":45},"skip":true},"58":{"start":{"line":131,"column":8},"end":{"line":131,"column":37},"skip":true},"59":{"start":{"line":132,"column":8},"end":{"line":132,"column":41},"skip":true},"60":{"start":{"line":133,"column":8},"end":{"line":133,"column":57},"skip":true},"61":{"start":{"line":134,"column":8},"end":{"line":134,"column":41},"skip":true},"62":{"start":{"line":135,"column":8},"end":{"line":135,"column":35},"skip":true},"63":{"start":{"line":136,"column":8},"end":{"line":136,"column":35},"skip":true},"64":{"start":{"line":137,"column":8},"end":{"line":137,"column":35},"skip":true},"65":{"start":{"line":138,"column":8},"end":{"line":138,"column":37},"skip":true},"66":{"start":{"line":139,"column":8},"end":{"line":139,"column":33},"skip":true},"67":{"start":{"line":140,"column":8},"end":{"line":140,"column":37},"skip":true},"68":{"start":{"line":146,"column":0},"end":{"line":388,"column":5}},"69":{"start":{"line":152,"column":0},"end":{"line":160,"column":5}},"70":{"start":{"line":154,"column":0},"end":{"line":156,"column":18}},"71":{"start":{"line":157,"column":0},"end":{"line":157,"column":25}},"72":{"start":{"line":159,"column":0},"end":{"line":159,"column":28}},"73":{"start":{"line":165,"column":0},"end":{"line":387,"column":5}},"74":{"start":{"line":166,"column":0},"end":{"line":204,"column":2}},"75":{"start":{"line":170,"column":4},"end":{"line":170,"column":16}},"76":{"start":{"line":171,"column":4},"end":{"line":174,"column":5}},"77":{"start":{"line":172,"column":8},"end":{"line":172,"column":31}},"78":{"start":{"line":173,"column":8},"end":{"line":173,"column":15}},"79":{"start":{"line":175,"column":4},"end":{"line":178,"column":6}},"80":{"start":{"line":176,"column":8},"end":{"line":176,"column":34}},"81":{"start":{"line":177,"column":8},"end":{"line":177,"column":23}},"82":{"start":{"line":179,"column":4},"end":{"line":179,"column":28}},"83":{"start":{"line":180,"column":4},"end":{"line":180,"column":20}},"84":{"start":{"line":181,"column":4},"end":{"line":199,"column":6}},"85":{"start":{"line":182,"column":8},"end":{"line":182,"column":24}},"86":{"start":{"line":183,"column":8},"end":{"line":197,"column":9}},"87":{"start":{"line":185,"column":12},"end":{"line":192,"column":15}},"88":{"start":{"line":193,"column":12},"end":{"line":193,"column":18}},"89":{"start":{"line":195,"column":12},"end":{"line":195,"column":22}},"90":{"start":{"line":196,"column":12},"end":{"line":196,"column":18}},"91":{"start":{"line":198,"column":8},"end":{"line":198,"column":23}},"92":{"start":{"line":200,"column":4},"end":{"line":203,"column":16}},"93":{"start":{"line":206,"column":0},"end":{"line":257,"column":2}},"94":{"start":{"line":210,"column":4},"end":{"line":213,"column":5}},"95":{"start":{"line":211,"column":8},"end":{"line":211,"column":31}},"96":{"start":{"line":212,"column":8},"end":{"line":212,"column":15}},"97":{"start":{"line":214,"column":4},"end":{"line":256,"column":16}},"98":{"start":{"line":225,"column":8},"end":{"line":225,"column":20}},"99":{"start":{"line":226,"column":8},"end":{"line":229,"column":10}},"100":{"start":{"line":227,"column":12},"end":{"line":227,"column":53}},"101":{"start":{"line":228,"column":12},"end":{"line":228,"column":27}},"102":{"start":{"line":230,"column":8},"end":{"line":230,"column":32}},"103":{"start":{"line":231,"column":8},"end":{"line":241,"column":10}},"104":{"start":{"line":232,"column":12},"end":{"line":239,"column":13}},"105":{"start":{"line":234,"column":16},"end":{"line":234,"column":57}},"106":{"start":{"line":235,"column":16},"end":{"line":235,"column":22}},"107":{"start":{"line":237,"column":16},"end":{"line":237,"column":36}},"108":{"start":{"line":238,"column":16},"end":{"line":238,"column":22}},"109":{"start":{"line":240,"column":12},"end":{"line":240,"column":27}},"110":{"start":{"line":242,"column":8},"end":{"line":242,"column":32}},"111":{"start":{"line":243,"column":8},"end":{"line":255,"column":11}},"112":{"start":{"line":253,"column":12},"end":{"line":253,"column":41}},"113":{"start":{"line":254,"column":12},"end":{"line":254,"column":38}},"114":{"start":{"line":259,"column":0},"end":{"line":311,"column":2}},"115":{"start":{"line":263,"column":4},"end":{"line":266,"column":5}},"116":{"start":{"line":264,"column":8},"end":{"line":264,"column":31}},"117":{"start":{"line":265,"column":8},"end":{"line":265,"column":15}},"118":{"start":{"line":267,"column":4},"end":{"line":310,"column":16}},"119":{"start":{"line":277,"column":8},"end":{"line":277,"column":20}},"120":{"start":{"line":278,"column":8},"end":{"line":281,"column":10}},"121":{"start":{"line":279,"column":12},"end":{"line":279,"column":53}},"122":{"start":{"line":280,"column":12},"end":{"line":280,"column":27}},"123":{"start":{"line":282,"column":8},"end":{"line":282,"column":32}},"124":{"start":{"line":283,"column":8},"end":{"line":296,"column":10}},"125":{"start":{"line":284,"column":12},"end":{"line":294,"column":13}},"126":{"start":{"line":286,"column":16},"end":{"line":286,"column":43}},"127":{"start":{"line":287,"column":16},"end":{"line":287,"column":22}},"128":{"start":{"line":289,"column":16},"end":{"line":289,"column":36}},"129":{"start":{"line":290,"column":16},"end":{"line":290,"column":22}},"130":{"start":{"line":292,"column":16},"end":{"line":292,"column":60}},"131":{"start":{"line":293,"column":16},"end":{"line":293,"column":22}},"132":{"start":{"line":295,"column":12},"end":{"line":295,"column":27}},"133":{"start":{"line":297,"column":8},"end":{"line":297,"column":32}},"134":{"start":{"line":298,"column":8},"end":{"line":309,"column":11}},"135":{"start":{"line":307,"column":12},"end":{"line":307,"column":41}},"136":{"start":{"line":308,"column":12},"end":{"line":308,"column":38}},"137":{"start":{"line":313,"column":0},"end":{"line":359,"column":2}},"138":{"start":{"line":317,"column":4},"end":{"line":320,"column":5}},"139":{"start":{"line":318,"column":8},"end":{"line":318,"column":31}},"140":{"start":{"line":319,"column":8},"end":{"line":319,"column":15}},"141":{"start":{"line":321,"column":4},"end":{"line":321,"column":17}},"142":{"start":{"line":322,"column":4},"end":{"line":322,"column":29}},"143":{"start":{"line":323,"column":4},"end":{"line":358,"column":16}},"144":{"start":{"line":329,"column":8},"end":{"line":329,"column":20}},"145":{"start":{"line":330,"column":8},"end":{"line":330,"column":32}},"146":{"start":{"line":331,"column":8},"end":{"line":347,"column":10}},"147":{"start":{"line":332,"column":12},"end":{"line":332,"column":23}},"148":{"start":{"line":333,"column":12},"end":{"line":333,"column":24}},"149":{"start":{"line":334,"column":12},"end":{"line":334,"column":51}},"150":{"start":{"line":335,"column":12},"end":{"line":335,"column":35}},"151":{"start":{"line":336,"column":12},"end":{"line":336,"column":35}},"152":{"start":{"line":337,"column":12},"end":{"line":344,"column":14}},"153":{"start":{"line":338,"column":16},"end":{"line":342,"column":17}},"154":{"start":{"line":340,"column":20},"end":{"line":340,"column":40}},"155":{"start":{"line":341,"column":20},"end":{"line":341,"column":26}},"156":{"start":{"line":343,"column":16},"end":{"line":343,"column":30}},"157":{"start":{"line":345,"column":12},"end":{"line":345,"column":52}},"158":{"start":{"line":346,"column":12},"end":{"line":346,"column":26}},"159":{"start":{"line":348,"column":8},"end":{"line":357,"column":11}},"160":{"start":{"line":355,"column":12},"end":{"line":355,"column":41}},"161":{"start":{"line":356,"column":12},"end":{"line":356,"column":38}},"162":{"start":{"line":361,"column":0},"end":{"line":386,"column":2}},"163":{"start":{"line":365,"column":4},"end":{"line":368,"column":5}},"164":{"start":{"line":366,"column":8},"end":{"line":366,"column":31}},"165":{"start":{"line":367,"column":8},"end":{"line":367,"column":15}},"166":{"start":{"line":369,"column":4},"end":{"line":385,"column":16}},"167":{"start":{"line":375,"column":8},"end":{"line":375,"column":32}},"168":{"start":{"line":376,"column":8},"end":{"line":384,"column":11}},"169":{"start":{"line":382,"column":12},"end":{"line":382,"column":40}},"170":{"start":{"line":383,"column":12},"end":{"line":383,"column":38}}},"branchMap":{"1":{"line":16,"type":"if","locations":[{"start":{"line":16,"column":4},"end":{"line":16,"column":4},"skip":true},{"start":{"line":16,"column":4},"end":{"line":16,"column":4},"skip":true}]},"2":{"line":40,"type":"binary-expr","locations":[{"start":{"line":40,"column":8},"end":{"line":40,"column":34},"skip":true},{"start":{"line":41,"column":11},"end":{"line":41,"column":32},"skip":true},{"start":{"line":42,"column":11},"end":{"line":42,"column":54},"skip":true},{"start":{"line":43,"column":11},"end":{"line":43,"column":26},"skip":true},{"start":{"line":44,"column":11},"end":{"line":44,"column":62},"skip":true}]},"3":{"line":52,"type":"if","locations":[{"start":{"line":52,"column":8},"end":{"line":52,"column":8},"skip":true},{"start":{"line":52,"column":8},"end":{"line":52,"column":8},"skip":true}]},"4":{"line":57,"type":"cond-expr","locations":[{"start":{"line":63,"column":14},"end":{"line":63,"column":21},"skip":true},{"start":{"line":64,"column":14},"end":{"line":70,"column":13},"skip":true}]},"5":{"line":58,"type":"binary-expr","locations":[{"start":{"line":58,"column":16},"end":{"line":58,"column":23},"skip":true},{"start":{"line":59,"column":19},"end":{"line":59,"column":54},"skip":true},{"start":{"line":60,"column":19},"end":{"line":60,"column":52},"skip":true}]},"6":{"line":65,"type":"cond-expr","locations":[{"start":{"line":67,"column":18},"end":{"line":67,"column":25},"skip":true},{"start":{"line":69,"column":18},"end":{"line":69,"column":50},"skip":true}]},"7":{"line":80,"type":"binary-expr","locations":[{"start":{"line":80,"column":15},"end":{"line":80,"column":18},"skip":true},{"start":{"line":80,"column":22},"end":{"line":80,"column":31},"skip":true}]},"8":{"line":100,"type":"binary-expr","locations":[{"start":{"line":100,"column":17},"end":{"line":100,"column":23},"skip":true},{"start":{"line":100,"column":27},"end":{"line":100,"column":29},"skip":true}]},"9":{"line":101,"type":"binary-expr","locations":[{"start":{"line":101,"column":20},"end":{"line":101,"column":26},"skip":true},{"start":{"line":101,"column":30},"end":{"line":101,"column":32},"skip":true}]},"10":{"line":102,"type":"if","locations":[{"start":{"line":102,"column":12},"end":{"line":102,"column":12},"skip":true},{"start":{"line":102,"column":12},"end":{"line":102,"column":12},"skip":true}]},"11":{"line":103,"type":"binary-expr","locations":[{"start":{"line":103,"column":16},"end":{"line":103,"column":36},"skip":true},{"start":{"line":104,"column":19},"end":{"line":104,"column":44},"skip":true},{"start":{"line":105,"column":19},"end":{"line":105,"column":37},"skip":true}]},"12":{"line":107,"type":"binary-expr","locations":[{"start":{"line":107,"column":30},"end":{"line":107,"column":41},"skip":true},{"start":{"line":107,"column":45},"end":{"line":107,"column":56},"skip":true}]},"13":{"line":113,"type":"if","locations":[{"start":{"line":113,"column":4},"end":{"line":113,"column":4},"skip":true},{"start":{"line":113,"column":4},"end":{"line":113,"column":4},"skip":true}]},"14":{"line":155,"type":"binary-expr","locations":[{"start":{"line":155,"column":4},"end":{"line":155,"column":23}},{"start":{"line":155,"column":27},"end":{"line":155,"column":46}}]},"15":{"line":171,"type":"if","locations":[{"start":{"line":171,"column":4},"end":{"line":171,"column":4}},{"start":{"line":171,"column":4},"end":{"line":171,"column":4}}]},"16":{"line":183,"type":"switch","locations":[{"start":{"line":184,"column":8},"end":{"line":193,"column":18}},{"start":{"line":194,"column":8},"end":{"line":196,"column":18}}]},"17":{"line":186,"type":"cond-expr","locations":[{"start":{"line":187,"column":18},"end":{"line":187,"column":36}},{"start":{"line":189,"column":20},"end":{"line":190,"column":60}}]},"18":{"line":210,"type":"if","locations":[{"start":{"line":210,"column":4},"end":{"line":210,"column":4}},{"start":{"line":210,"column":4},"end":{"line":210,"column":4}}]},"19":{"line":232,"type":"switch","locations":[{"start":{"line":233,"column":12},"end":{"line":235,"column":22}},{"start":{"line":236,"column":12},"end":{"line":238,"column":22}}]},"20":{"line":263,"type":"if","locations":[{"start":{"line":263,"column":4},"end":{"line":263,"column":4}},{"start":{"line":263,"column":4},"end":{"line":263,"column":4}}]},"21":{"line":284,"type":"switch","locations":[{"start":{"line":285,"column":12},"end":{"line":287,"column":22}},{"start":{"line":288,"column":12},"end":{"line":290,"column":22}},{"start":{"line":291,"column":12},"end":{"line":293,"column":22}}]},"22":{"line":317,"type":"if","locations":[{"start":{"line":317,"column":4},"end":{"line":317,"column":4}},{"start":{"line":317,"column":4},"end":{"line":317,"column":4}}]},"23":{"line":338,"type":"switch","locations":[{"start":{"line":339,"column":16},"end":{"line":341,"column":26}}]},"24":{"line":365,"type":"if","locations":[{"start":{"line":365,"column":4},"end":{"line":365,"column":4}},{"start":{"line":365,"column":4},"end":{"line":365,"column":4}}]}},"code":["/* istanbul instrument in package github_crud */","/* istanbul ignore next */","/* jslint utility2:true */","(function (globalThis) {","    \"use strict\";","    var consoleError;","    var local;","    // init globalThis","    (function () {","        try {","            globalThis = Function(\"return this\")(); // jslint ignore:line","        } catch (ignore) {}","    }());","    globalThis.globalThis = globalThis;","    // init debug_inline","    if (!globalThis[\"debug\\u0049nline\"]) {","        consoleError = console.error;","        globalThis[\"debug\\u0049nline\"] = function () {","        /*","         * this function will both print <arguments> to stderr","         * and return <arguments>[0]","         */","            var argList;","            argList = Array.from(arguments); // jslint ignore:line","            // debug arguments","            globalThis[\"debug\\u0049nlineArguments\"] = argList;","            consoleError(\"\\n\\ndebug\\u0049nline\");","            consoleError.apply(console, argList);","            consoleError(\"\\n\");","            // return arg0 for inspection","            return argList[0];","        };","    }","    // init local","    local = {};","    local.local = local;","    globalThis.globalLocal = local;","    // init isBrowser","    local.isBrowser = (","        typeof window === \"object\"","        && window === globalThis","        && typeof window.XMLHttpRequest === \"function\"","        && window.document","        && typeof window.document.querySelector === \"function\"","    );","    // init function","    local.assertThrow = function (passed, message) {","    /*","     * this function will throw err.<message> if <passed> is falsy","     */","        var err;","        if (passed) {","            return;","        }","        err = (","            // ternary-operator","            (","                message","                && typeof message.message === \"string\"","                && typeof message.stack === \"string\"","            )","            // if message is errObj, then leave as is","            ? message","            : new Error(","                typeof message === \"string\"","                // if message is a string, then leave as is","                ? message","                // else JSON.stringify message","                : JSON.stringify(message, null, 4)","            )","        );","        throw err;","    };","    local.functionOrNop = function (fnc) {","    /*","     * this function will if <fnc> exists,","     * them return <fnc>,","     * else return <nop>","     */","        return fnc || local.nop;","    };","    local.identity = function (value) {","    /*","     * this function will return <value>","     */","        return value;","    };","    local.nop = function () {","    /*","     * this function will do nothing","     */","        return;","    };","    local.objectAssignDefault = function (target, source) {","    /*","     * this function will if items from <target> are","     * null, undefined, or empty-string,","     * then overwrite them with items from <source>","     */","        target = target || {};","        Object.keys(source || {}).forEach(function (key) {","            if (","                target[key] === null","                || target[key] === undefined","                || target[key] === \"\"","            ) {","                target[key] = target[key] || source[key];","            }","        });","        return target;","    };","    // require builtin","    if (!local.isBrowser) {","        local.assert = require(\"assert\");","        local.buffer = require(\"buffer\");","        local.child_process = require(\"child_process\");","        local.cluster = require(\"cluster\");","        local.crypto = require(\"crypto\");","        local.dgram = require(\"dgram\");","        local.dns = require(\"dns\");","        local.domain = require(\"domain\");","        local.events = require(\"events\");","        local.fs = require(\"fs\");","        local.http = require(\"http\");","        local.https = require(\"https\");","        local.net = require(\"net\");","        local.os = require(\"os\");","        local.path = require(\"path\");","        local.querystring = require(\"querystring\");","        local.readline = require(\"readline\");","        local.repl = require(\"repl\");","        local.stream = require(\"stream\");","        local.string_decoder = require(\"string_decoder\");","        local.timers = require(\"timers\");","        local.tls = require(\"tls\");","        local.tty = require(\"tty\");","        local.url = require(\"url\");","        local.util = require(\"util\");","        local.vm = require(\"vm\");","        local.zlib = require(\"zlib\");","    }","}(this));","","","","(function (local) {","\"use strict\";","","","","// run shared js-env code - init-before","(function () {","// init local","local = (","    globalThis.utility2 || require(\"utility2\")",").requireReadme();","globalThis.local = local;","// init test","local.testRunDefault(local);","}());","","","","// run shared js-env code - function","(function () {","local.testCase_githubCrudContentDelete_tree = function (options, onError) {","/*"," * this function will test githubCrudContentDelete's tree handling-behavior"," */","    var httpReq;","    if (local.isBrowser) {","        onError(null, options);","        return;","    }","    httpReq = function (urlParsed, onRes) {","        onRes(httpReq, urlParsed);","        return httpReq;","    };","    httpReq.end = local.nop;","    httpReq.ii = -1;","    httpReq.on = function (type, onError) {","        httpReq.ii += 1;","        switch (type) {","        case \"data\":","            onError(Buffer.from(","                httpReq.ii","                ? \"{\\\"sha\\\":\\\"aa\\\"}\"","                : (","                    \"[{\\\"url\\\":\\\"https://github.com\"","                    + \"/:owner/:repo/blob/:branch/:path\\\"}]\"","                )","            ));","            break;","        case \"end\":","            onError();","            break;","        }","        return httpReq;","    };","    local.githubCrudContentDelete({","        httpReq,","        url: \"https://github.com/:owner/:repo/blob/:branch/:path\"","    }, onError);","};","","local.testCase_githubCrudContentXxx_default = function (options, onError) {","/*"," * this function will test githubCrudContentXxx's default handling-behavior"," */","    if (local.isBrowser) {","        onError(null, options);","        return;","    }","    local.onParallelList({","        list: [","            \"githubCrudAjax\",","            \"githubCrudContentDelete\",","            \"githubCrudContentGet\",","            \"githubCrudContentPut\",","            \"githubCrudContentPutFile\",","            \"githubCrudContentTouch\",","            \"githubCrudContentTouchList\"","        ]","    }, function (opt2, onParallel) {","        var httpReq;","        httpReq = function (urlParsed, onRes) {","            setTimeout(onRes, 0, httpReq, urlParsed);","            return httpReq;","        };","        httpReq.end = local.nop;","        httpReq.on = function (type, onError) {","            switch (type) {","            case \"data\":","                onError(Buffer.from(\"{\\\"sha\\\":\\\"aa\\\"}\"));","                break;","            case \"end\":","                setTimeout(onError);","                break;","            }","            return httpReq;","        };","        onParallel.counter += 1;","        local[opt2.elem]({","            content: \"aa\",","            file: \"https://github.com/:owner/:repo/blob/:branch/:path\",","            httpReq,","            url: \"https://github.com/:owner/:repo/blob/:branch/:path\",","            urlList: [","                \"https://github.com/:owner/:repo/blob/:branch/:path\"","            ]","        }, function (err) {","            // validate no err occurred","            local.assertThrow(!err, err);","            onParallel(null, options);","        });","    }, onError);","};","","local.testCase_githubCrudContentXxx_err = function (options, onError) {","/*"," * this function will test githubCrudContentXxx's err handling-behavior"," */","    if (local.isBrowser) {","        onError(null, options);","        return;","    }","    local.onParallelList({","        list: [","            \"githubCrudAjax\",","            \"githubCrudContentGet\",","            \"githubCrudContentPut\",","            \"githubCrudContentPutFile\",","            \"githubCrudContentTouch\",","            \"githubCrudContentTouchList\"","        ]","    }, function (opt2, onParallel) {","        var httpReq;","        httpReq = function (urlParsed, onRes) {","            setTimeout(onRes, 0, httpReq, urlParsed);","            return httpReq;","        };","        httpReq.end = local.nop;","        httpReq.on = function (type, onError) {","            switch (type) {","            case \"data\":","                onError(Buffer.from(\"{}\"));","                break;","            case \"end\":","                setTimeout(onError);","                break;","            case \"error\":","                setTimeout(onError, null, local.errDefault);","                break;","            }","            return httpReq;","        };","        onParallel.counter += 1;","        local[opt2.elem]({","            file: \"package.json\",","            httpReq,","            url: \"https://github.com/:owner/:repo/blob/:branch/:path/\",","            urlList: [","                \"error\"","            ]","        }, function (err) {","            // validate err occurred","            local.assertThrow(err, opt2);","            onParallel(null, options);","        });","    }, onError);","};","","local.testCase_githubCrudRepoXxxList_default = function (options, onError) {","/*"," * this function will test githubCrudRepoXxxList's default handling-behavior"," */","    if (local.isBrowser) {","        onError(null, options);","        return;","    }","    options = {};","    options.statusCode = 404;","    local.onParallelList({","        list: [","            \"githubCrudRepoCreateList\",","            \"githubCrudRepoDeleteList\"","        ]","    }, function (opt2, onParallel) {","        var httpReq;","        onParallel.counter += 1;","        httpReq = function (urlParsed, onRes) {","            var reqObj;","            reqObj = {};","            reqObj.statusCode = options.statusCode;","            options.statusCode = 0;","            reqObj.end = local.nop;","            reqObj.on = function (type, onError) {","                switch (type) {","                case \"end\":","                    setTimeout(onError);","                    break;","                }","                return reqObj;","            };","            setTimeout(onRes, 0, reqObj, urlParsed);","            return reqObj;","        };","        local[opt2.elem]({","            httpReq,","            urlList: [","                \"aa/bb\"","            ]","        }, function (err) {","            // validate no err occurred","            local.assertThrow(!err, err);","            onParallel(null, options);","        });","    }, onError);","};","","local.testCase_githubCrudRepoXxx_err = function (options, onError) {","/*"," * this function will test githubCrudRepoXxx's err handling-behavior"," */","    if (local.isBrowser) {","        onError(null, options);","        return;","    }","    local.onParallelList({","        list: [","            \"githubCrudRepoCreateList\",","            \"githubCrudRepoDeleteList\"","        ]","    }, function (opt2, onParallel) {","        onParallel.counter += 1;","        local[opt2.elem]({","            urlList: [","                \"undefined\"","            ]","        }, function (err) {","            // validate err occurred","            local.assertThrow(err, err);","            onParallel(null, options);","        });","    }, onError);","};","}());","}());",""],"l":{"4":2,"6":2,"7":2,"9":2,"10":2,"11":2,"14":2,"16":2,"17":1,"18":1,"23":1,"24":1,"26":1,"27":1,"28":1,"29":1,"31":1,"35":2,"36":2,"37":2,"39":2,"47":2,"51":1,"52":1,"53":1,"55":1,"72":1,"74":2,"80":1,"82":2,"86":1,"88":2,"92":1,"94":2,"100":1,"101":1,"102":1,"107":1,"110":1,"113":2,"114":1,"115":1,"116":1,"117":1,"118":1,"119":1,"120":1,"121":1,"122":1,"123":1,"124":1,"125":1,"126":1,"127":1,"128":1,"129":1,"130":1,"131":1,"132":1,"133":1,"134":1,"135":1,"136":1,"137":1,"138":1,"139":1,"140":1,"146":2,"152":2,"154":2,"157":2,"159":2,"165":2,"166":2,"170":2,"171":2,"172":1,"173":1,"175":1,"176":3,"177":3,"179":1,"180":1,"181":1,"182":12,"183":12,"185":3,"193":3,"195":3,"196":3,"198":12,"200":1,"206":2,"210":2,"211":1,"212":1,"214":1,"225":7,"226":7,"227":13,"228":13,"230":7,"231":7,"232":52,"234":13,"235":13,"237":13,"238":13,"240":52,"242":7,"243":7,"253":7,"254":7,"259":2,"263":2,"264":1,"265":1,"267":1,"277":6,"278":6,"279":8,"280":8,"282":6,"283":6,"284":32,"286":8,"287":8,"289":8,"290":8,"292":16,"293":16,"295":32,"297":6,"298":6,"307":6,"308":6,"313":2,"317":2,"318":1,"319":1,"321":1,"322":1,"323":1,"329":2,"330":2,"331":2,"332":3,"333":3,"334":3,"335":3,"336":3,"337":3,"338":12,"340":3,"341":3,"343":12,"345":3,"346":3,"348":2,"355":2,"356":2,"361":2,"365":2,"366":1,"367":1,"369":1,"375":2,"376":2,"382":2,"383":2}},"/home/travis/build/kaizhu256/node-github-crud/lib.github_crud.js":{"path":"/home/travis/build/kaizhu256/node-github-crud/lib.github_crud.js","s":{"1":1,"2":1,"3":1,"4":1,"5":1,"6":1,"7":1,"8":1,"9":0,"10":0,"11":0,"12":0,"13":0,"14":0,"15":0,"16":0,"17":0,"18":1,"19":1,"20":1,"21":1,"22":1,"23":17,"24":17,"25":17,"26":0,"27":0,"28":1,"29":27,"30":1,"31":54,"32":1,"33":344,"34":1,"35":54,"36":54,"37":270,"38":155,"39":54,"40":1,"41":1,"42":1,"43":1,"44":1,"45":1,"46":1,"47":1,"48":1,"49":1,"50":1,"51":1,"52":1,"53":1,"54":1,"55":1,"56":1,"57":1,"58":1,"59":1,"60":1,"61":1,"62":1,"63":1,"64":1,"65":1,"66":1,"67":1,"68":1,"69":1,"70":1,"71":1,"72":0,"73":1,"74":1,"75":1,"76":1,"77":27,"78":27,"79":27,"80":27,"81":27,"82":27,"83":27,"84":27,"85":27,"86":27,"87":27,"88":27,"89":27,"90":27,"91":27,"92":0,"93":0,"94":0,"95":0,"96":0,"97":27,"98":59,"99":16,"100":16,"101":16,"102":43,"103":43,"104":43,"105":16,"106":27,"107":27,"108":27,"109":27,"110":0,"111":0,"112":19,"113":1,"114":19,"115":27,"116":9,"117":9,"118":9,"119":9,"120":9,"121":27,"122":0,"123":0,"124":27,"125":27,"126":27,"127":0,"128":27,"129":22,"130":6,"131":16,"132":16,"133":0,"134":0,"135":27,"136":27,"137":27,"138":27,"139":27,"140":27,"141":27,"142":27,"143":9,"144":27,"145":27,"146":54,"147":54,"148":54,"149":3,"150":54,"151":3,"152":3,"153":27,"154":54,"155":490,"156":490,"157":54,"158":54,"159":54,"160":156,"161":54,"162":0,"163":54,"164":54,"165":54,"166":54,"167":27,"168":27,"169":27,"170":27,"171":27,"172":27,"173":27,"174":27,"175":27,"176":27,"177":27,"178":27,"179":24,"180":27,"181":27,"182":27,"183":27,"184":27,"185":27,"186":0,"187":27,"188":27,"189":27,"190":27,"191":27,"192":27,"193":27,"194":27,"195":0,"196":0,"197":0,"198":0,"199":27,"200":27,"201":27,"202":27,"203":27,"204":27,"205":27,"206":27,"207":0,"208":27,"209":0,"210":0,"211":0,"212":27,"213":27,"214":104,"215":27,"216":0,"217":0,"218":0,"219":0,"220":0,"221":0,"222":27,"223":27,"224":1,"225":0,"226":0,"227":0,"228":0,"229":0,"230":0,"231":0,"232":0,"233":0,"234":0,"235":0,"236":0,"237":0,"238":0,"239":0,"240":0,"241":0,"242":0,"243":0,"244":0,"245":0,"246":0,"247":0,"248":0,"249":0,"250":0,"251":0,"252":0,"253":0,"254":0,"255":0,"256":0,"257":0,"258":0,"259":0,"260":0,"261":0,"262":0,"263":0,"264":0,"265":0,"266":0,"267":0,"268":0,"269":0,"270":0,"271":0,"272":0,"273":0,"274":0,"275":0,"276":0,"277":0,"278":0,"279":0,"280":0,"281":0,"282":0,"283":0,"284":0,"285":0,"286":0,"287":0,"288":0,"289":0,"290":1,"291":15,"292":44,"293":44,"294":44,"295":0,"296":0,"297":0,"298":44,"299":1,"300":0,"301":1,"302":1,"303":15,"304":1,"305":26,"306":8,"307":26,"308":1,"309":26,"310":26,"311":26,"312":26,"313":55,"314":5,"315":55,"316":26,"317":0,"318":26,"319":1,"320":11,"321":11,"322":11,"323":11,"324":11,"325":35,"326":0,"327":35,"328":35,"329":0,"330":35,"331":3,"332":32,"333":3,"334":3,"335":32,"336":11,"337":11,"338":21,"339":11,"340":11,"341":1,"342":11,"343":11,"344":11,"345":11,"346":11,"347":32,"348":56,"349":31,"350":31,"351":25,"352":1,"353":24,"354":24,"355":11,"356":35,"357":0,"358":0,"359":0,"360":0,"361":0,"362":0,"363":35,"364":0,"365":0,"366":11,"367":11,"368":11,"369":11,"370":11,"371":11,"372":11,"373":1,"374":1,"375":29,"376":29,"377":29,"378":29,"379":29,"380":29,"381":29,"382":23,"383":23,"384":14,"385":23,"386":29,"387":3,"388":3,"389":1,"390":1,"391":1,"392":1,"393":1,"394":1,"395":3,"396":26,"397":3,"398":3,"399":3,"400":23,"401":9,"402":9,"403":9,"404":6,"405":9,"406":26,"407":26,"408":26,"409":26,"410":26,"411":26,"412":1,"413":3,"414":3,"415":9,"416":3,"417":3,"418":3,"419":2,"420":2,"421":1,"422":1,"423":1,"424":1,"425":3,"426":3,"427":3,"428":1,"429":2,"430":2,"431":5,"432":2,"433":2,"434":1,"435":1,"436":2,"437":2,"438":2,"439":1,"440":4,"441":4,"442":12,"443":4,"444":4,"445":4,"446":4,"447":4,"448":4,"449":4,"450":1,"451":2,"452":2,"453":6,"454":2,"455":1,"456":1,"457":1,"458":1,"459":1,"460":2,"461":2,"462":2,"463":2,"464":2,"465":1,"466":4,"467":4,"468":12,"469":4,"470":4,"471":4,"472":3,"473":4,"474":4,"475":4,"476":1,"477":2,"478":2,"479":2,"480":1,"481":2,"482":2,"483":1,"484":1,"485":1,"486":1,"487":2,"488":2,"489":2,"490":1,"491":2,"492":1,"493":2,"494":2,"495":2,"496":1,"497":1,"498":0,"499":1,"500":1,"501":0,"502":0,"503":1,"504":0,"505":0,"506":0,"507":0,"508":1,"509":0,"510":0,"511":1,"512":0,"513":0,"514":1,"515":0,"516":0,"517":1,"518":0,"519":0,"520":1,"521":0},"b":{"1":[0,1],"2":[1,0,0,0,0],"3":[17,0],"4":[0,0],"5":[0,0,0],"6":[0,0],"7":[27,0],"8":[54,0],"9":[54,0],"10":[155,115],"11":[270,270,126],"12":[155,155],"13":[1,0],"14":[1,1],"15":[0,1],"16":[27,27,0],"17":[27,0],"18":[27,0],"19":[0,0],"20":[0,0],"21":[0,0],"22":[16,43],"23":[16,5],"24":[43,23],"25":[0,16,43],"26":[16,27],"27":[0,0,19],"28":[27,19],"29":[1,18],"30":[9,18],"31":[9,5],"32":[0,9],"33":[0,27],"34":[27,22,3],"35":[0,27],"36":[22,22,0],"37":[27,22],"38":[6,16],"39":[9,18],"40":[27,9],"41":[3,51],"42":[490,0],"43":[54,54,0],"44":[54,0,54],"45":[0,54],"46":[54,54,54],"47":[54,43],"48":[27,0,0,0],"49":[0,0],"50":[27,0],"51":[27,0],"52":[27,0,0,0],"53":[27,3],"54":[0,27],"55":[27,3],"56":[0,0],"57":[27,0],"58":[0,27],"59":[27,0],"60":[0,27],"61":[0,0,27],"62":[27,14,13],"63":[0,0],"64":[0,0],"65":[0,0],"66":[0,0],"67":[0,0],"68":[0,0],"69":[0,0],"70":[0,0],"71":[0,0],"72":[0,0],"73":[0,0],"74":[0,0],"75":[0,0,0],"76":[0,0],"77":[0,0],"78":[0,0],"79":[0,0],"80":[0,0],"81":[0,0],"82":[0,0],"83":[0,0],"84":[0,0],"85":[0,0],"86":[0,0],"87":[0,0],"88":[0,0],"89":[0,0],"90":[2,42],"91":[44,10],"92":[0,44],"93":[0,0],"94":[0,0],"95":[0,0],"96":[0,1],"97":[8,18],"98":[5,50],"99":[55,13,13,5],"100":[11,0],"101":[11,0],"102":[0,35],"103":[0,35],"104":[35,3,3],"105":[3,32],"106":[3,29],"107":[11,21],"108":[11,0],"109":[31,25],"110":[1,24],"111":[0,35],"112":[35,3,0],"113":[0,35],"114":[35,27],"115":[11,11],"116":[11,11],"117":[29,29,29],"118":[29,15],"119":[14,9],"120":[3,26],"121":[1,1,1],"122":[3,23],"123":[9,14],"124":[9,9],"125":[6,3],"126":[9,4],"127":[26,9,8,8],"128":[26,26],"129":[26,3],"130":[3,3,3],"131":[2,1],"132":[3,3],"133":[2,1,2],"134":[1,1],"135":[2,1],"136":[4,4,4],"137":[2,2,2],"138":[1,1],"139":[1,1],"140":[1,1],"141":[4,4,4],"142":[4,3],"143":[1,1],"144":[2,2],"145":[0,1],"146":[0,1],"147":[1,0]},"f":{"1":1,"2":1,"3":0,"4":17,"5":27,"6":54,"7":344,"8":54,"9":270,"10":1,"11":1,"12":27,"13":0,"14":59,"15":0,"16":27,"17":54,"18":54,"19":490,"20":156,"21":27,"22":24,"23":27,"24":0,"25":0,"26":104,"27":0,"28":0,"29":0,"30":0,"31":0,"32":0,"33":0,"34":0,"35":0,"36":0,"37":15,"38":44,"39":26,"40":26,"41":55,"42":0,"43":11,"44":35,"45":11,"46":32,"47":35,"48":0,"49":1,"50":29,"51":23,"52":26,"53":3,"54":9,"55":1,"56":2,"57":5,"58":4,"59":12,"60":2,"61":6,"62":1,"63":4,"64":12,"65":2,"66":2,"67":2,"68":2,"69":2,"70":2,"71":2,"72":2,"73":2,"74":1,"75":0,"76":0,"77":0,"78":0,"79":0,"80":0,"81":0,"82":0,"83":0,"84":0,"85":0,"86":0},"fnMap":{"1":{"name":"(anonymous_1)","line":14,"loc":{"start":{"line":14,"column":1},"end":{"line":14,"column":23}},"skip":true},"2":{"name":"(anonymous_2)","line":19,"loc":{"start":{"line":19,"column":5},"end":{"line":19,"column":17}},"skip":true},"3":{"name":"(anonymous_3)","line":28,"loc":{"start":{"line":28,"column":41},"end":{"line":28,"column":53}},"skip":true},"4":{"name":"(anonymous_4)","line":57,"loc":{"start":{"line":57,"column":24},"end":{"line":57,"column":51}},"skip":true},"5":{"name":"(anonymous_5)","line":84,"loc":{"start":{"line":84,"column":26},"end":{"line":84,"column":41}},"skip":true},"6":{"name":"(anonymous_6)","line":92,"loc":{"start":{"line":92,"column":21},"end":{"line":92,"column":38}},"skip":true},"7":{"name":"(anonymous_7)","line":98,"loc":{"start":{"line":98,"column":16},"end":{"line":98,"column":28}},"skip":true},"8":{"name":"(anonymous_8)","line":104,"loc":{"start":{"line":104,"column":32},"end":{"line":104,"column":58}},"skip":true},"9":{"name":"(anonymous_9)","line":111,"loc":{"start":{"line":111,"column":42},"end":{"line":111,"column":57}},"skip":true},"10":{"name":"(anonymous_10)","line":156,"loc":{"start":{"line":156,"column":1},"end":{"line":156,"column":18}}},"11":{"name":"(anonymous_11)","line":163,"loc":{"start":{"line":163,"column":1},"end":{"line":163,"column":13}},"skip":true},"12":{"name":"(anonymous_12)","line":184,"loc":{"start":{"line":184,"column":13},"end":{"line":184,"column":37}},"skip":true},"13":{"name":"(anonymous_13)","line":216,"loc":{"start":{"line":216,"column":64},"end":{"line":219,"column":6}},"skip":true},"14":{"name":"(anonymous_14)","line":234,"loc":{"start":{"line":234,"column":14},"end":{"line":234,"column":29}},"skip":true},"15":{"name":"(anonymous_15)","line":297,"loc":{"start":{"line":297,"column":19},"end":{"line":297,"column":53}},"skip":true},"16":{"name":"(anonymous_16)","line":349,"loc":{"start":{"line":349,"column":15},"end":{"line":349,"column":35}},"skip":true},"17":{"name":"(anonymous_17)","line":355,"loc":{"start":{"line":355,"column":20},"end":{"line":355,"column":38}},"skip":true},"18":{"name":"(anonymous_18)","line":373,"loc":{"start":{"line":373,"column":14},"end":{"line":373,"column":26}},"skip":true},"19":{"name":"(anonymous_19)","line":378,"loc":{"start":{"line":378,"column":33},"end":{"line":378,"column":48}},"skip":true},"20":{"name":"(anonymous_20)","line":394,"loc":{"start":{"line":394,"column":41},"end":{"line":394,"column":56}},"skip":true},"21":{"name":"(anonymous_21)","line":429,"loc":{"start":{"line":429,"column":15},"end":{"line":429,"column":36}},"skip":true},"22":{"name":"(anonymous_22)","line":439,"loc":{"start":{"line":439,"column":33},"end":{"line":439,"column":50}},"skip":true},"23":{"name":"(anonymous_23)","line":442,"loc":{"start":{"line":442,"column":32},"end":{"line":442,"column":44}},"skip":true},"24":{"name":"(anonymous_24)","line":457,"loc":{"start":{"line":457,"column":20},"end":{"line":457,"column":32}},"skip":true},"25":{"name":"(anonymous_25)","line":476,"loc":{"start":{"line":476,"column":34},"end":{"line":476,"column":46}},"skip":true},"26":{"name":"(anonymous_26)","line":512,"loc":{"start":{"line":512,"column":37},"end":{"line":512,"column":52}},"skip":true},"27":{"name":"(anonymous_27)","line":523,"loc":{"start":{"line":523,"column":34},"end":{"line":523,"column":55}},"skip":true},"28":{"name":"(anonymous_28)","line":538,"loc":{"start":{"line":538,"column":15},"end":{"line":538,"column":30}},"skip":true},"29":{"name":"(anonymous_29)","line":542,"loc":{"start":{"line":542,"column":49},"end":{"line":542,"column":61}},"skip":true},"30":{"name":"(anonymous_30)","line":552,"loc":{"start":{"line":552,"column":49},"end":{"line":552,"column":61}},"skip":true},"31":{"name":"(anonymous_31)","line":587,"loc":{"start":{"line":587,"column":50},"end":{"line":587,"column":69}},"skip":true},"32":{"name":"(anonymous_32)","line":628,"loc":{"start":{"line":628,"column":35},"end":{"line":628,"column":51}},"skip":true},"33":{"name":"(anonymous_33)","line":630,"loc":{"start":{"line":630,"column":15},"end":{"line":630,"column":35}},"skip":true},"34":{"name":"(anonymous_34)","line":631,"loc":{"start":{"line":631,"column":47},"end":{"line":631,"column":63}},"skip":true},"35":{"name":"(anonymous_35)","line":663,"loc":{"start":{"line":663,"column":63},"end":{"line":663,"column":75}},"skip":true},"36":{"name":"(anonymous_36)","line":678,"loc":{"start":{"line":678,"column":55},"end":{"line":678,"column":67}},"skip":true},"37":{"name":"(anonymous_37)","line":702,"loc":{"start":{"line":702,"column":17},"end":{"line":702,"column":41}},"skip":true},"38":{"name":"(anonymous_38)","line":707,"loc":{"start":{"line":707,"column":42},"end":{"line":707,"column":69}},"skip":true},"39":{"name":"(anonymous_39)","line":736,"loc":{"start":{"line":736,"column":23},"end":{"line":736,"column":38}},"skip":true},"40":{"name":"(anonymous_40)","line":746,"loc":{"start":{"line":746,"column":25},"end":{"line":746,"column":44}},"skip":true},"41":{"name":"(anonymous_41)","line":756,"loc":{"start":{"line":756,"column":15},"end":{"line":756,"column":42}},"skip":true},"42":{"name":"(anonymous_42)","line":769,"loc":{"start":{"line":769,"column":24},"end":{"line":769,"column":36}},"skip":true},"43":{"name":"(anonymous_43)","line":775,"loc":{"start":{"line":775,"column":19},"end":{"line":775,"column":55}},"skip":true},"44":{"name":"(anonymous_44)","line":785,"loc":{"start":{"line":785,"column":17},"end":{"line":785,"column":38}},"skip":true},"45":{"name":"(anonymous_45)","line":819,"loc":{"start":{"line":819,"column":23},"end":{"line":819,"column":55}},"skip":true},"46":{"name":"(anonymous_46)","line":830,"loc":{"start":{"line":830,"column":14},"end":{"line":830,"column":26}},"skip":true},"47":{"name":"(anonymous_47)","line":848,"loc":{"start":{"line":848,"column":52},"end":{"line":848,"column":73}},"skip":true},"48":{"name":"(anonymous_48)","line":852,"loc":{"start":{"line":852,"column":23},"end":{"line":852,"column":35}},"skip":true},"49":{"name":"(anonymous_49)","line":877,"loc":{"start":{"line":877,"column":1},"end":{"line":877,"column":13}}},"50":{"name":"(anonymous_50)","line":878,"loc":{"start":{"line":878,"column":23},"end":{"line":878,"column":47}}},"51":{"name":"(anonymous_51)","line":925,"loc":{"start":{"line":925,"column":7},"end":{"line":925,"column":33}}},"52":{"name":"(anonymous_52)","line":982,"loc":{"start":{"line":982,"column":20},"end":{"line":982,"column":40}}},"53":{"name":"(anonymous_53)","line":1007,"loc":{"start":{"line":1007,"column":32},"end":{"line":1007,"column":56}}},"54":{"name":"(anonymous_54)","line":1017,"loc":{"start":{"line":1017,"column":24},"end":{"line":1017,"column":45}}},"55":{"name":"(anonymous_55)","line":1041,"loc":{"start":{"line":1041,"column":15},"end":{"line":1041,"column":46}}},"56":{"name":"(anonymous_56)","line":1059,"loc":{"start":{"line":1059,"column":29},"end":{"line":1059,"column":53}}},"57":{"name":"(anonymous_57)","line":1068,"loc":{"start":{"line":1068,"column":24},"end":{"line":1068,"column":45}}},"58":{"name":"(anonymous_58)","line":1087,"loc":{"start":{"line":1087,"column":29},"end":{"line":1087,"column":53}}},"59":{"name":"(anonymous_59)","line":1100,"loc":{"start":{"line":1100,"column":24},"end":{"line":1100,"column":45}}},"60":{"name":"(anonymous_60)","line":1128,"loc":{"start":{"line":1128,"column":33},"end":{"line":1128,"column":57}}},"61":{"name":"(anonymous_61)","line":1139,"loc":{"start":{"line":1139,"column":24},"end":{"line":1139,"column":45}}},"62":{"name":"(anonymous_62)","line":1149,"loc":{"start":{"line":1149,"column":19},"end":{"line":1149,"column":39}}},"63":{"name":"(anonymous_63)","line":1181,"loc":{"start":{"line":1181,"column":31},"end":{"line":1181,"column":55}}},"64":{"name":"(anonymous_64)","line":1192,"loc":{"start":{"line":1192,"column":24},"end":{"line":1192,"column":45}}},"65":{"name":"(anonymous_65)","line":1220,"loc":{"start":{"line":1220,"column":35},"end":{"line":1220,"column":59}}},"66":{"name":"(anonymous_66)","line":1227,"loc":{"start":{"line":1227,"column":7},"end":{"line":1227,"column":38}}},"67":{"name":"(anonymous_67)","line":1237,"loc":{"start":{"line":1237,"column":29},"end":{"line":1237,"column":53}}},"68":{"name":"(anonymous_68)","line":1246,"loc":{"start":{"line":1246,"column":7},"end":{"line":1246,"column":28}}},"69":{"name":"(anonymous_69)","line":1259,"loc":{"start":{"line":1259,"column":33},"end":{"line":1259,"column":57}}},"70":{"name":"(anonymous_70)","line":1266,"loc":{"start":{"line":1266,"column":7},"end":{"line":1266,"column":38}}},"71":{"name":"(anonymous_71)","line":1275,"loc":{"start":{"line":1275,"column":29},"end":{"line":1275,"column":53}}},"72":{"name":"(anonymous_72)","line":1287,"loc":{"start":{"line":1287,"column":33},"end":{"line":1287,"column":57}}},"73":{"name":"(anonymous_73)","line":1294,"loc":{"start":{"line":1294,"column":7},"end":{"line":1294,"column":38}}},"74":{"name":"(anonymous_74)","line":1308,"loc":{"start":{"line":1308,"column":1},"end":{"line":1308,"column":13}},"skip":true},"75":{"name":"(anonymous_75)","line":1316,"loc":{"start":{"line":1316,"column":23},"end":{"line":1316,"column":35}},"skip":true},"76":{"name":"(anonymous_76)","line":1324,"loc":{"start":{"line":1324,"column":7},"end":{"line":1324,"column":22}},"skip":true},"77":{"name":"(anonymous_77)","line":1329,"loc":{"start":{"line":1329,"column":20},"end":{"line":1329,"column":32}},"skip":true},"78":{"name":"(anonymous_78)","line":1336,"loc":{"start":{"line":1336,"column":7},"end":{"line":1336,"column":28}},"skip":true},"79":{"name":"(anonymous_79)","line":1344,"loc":{"start":{"line":1344,"column":20},"end":{"line":1344,"column":32}},"skip":true},"80":{"name":"(anonymous_80)","line":1353,"loc":{"start":{"line":1353,"column":7},"end":{"line":1353,"column":22}},"skip":true},"81":{"name":"(anonymous_81)","line":1358,"loc":{"start":{"line":1358,"column":28},"end":{"line":1358,"column":40}},"skip":true},"82":{"name":"(anonymous_82)","line":1367,"loc":{"start":{"line":1367,"column":7},"end":{"line":1367,"column":22}},"skip":true},"83":{"name":"(anonymous_83)","line":1372,"loc":{"start":{"line":1372,"column":28},"end":{"line":1372,"column":40}},"skip":true},"84":{"name":"(anonymous_84)","line":1381,"loc":{"start":{"line":1381,"column":7},"end":{"line":1381,"column":22}},"skip":true},"85":{"name":"(anonymous_85)","line":1386,"loc":{"start":{"line":1386,"column":22},"end":{"line":1386,"column":34}},"skip":true},"86":{"name":"(anonymous_86)","line":1396,"loc":{"start":{"line":1396,"column":7},"end":{"line":1396,"column":22}},"skip":true}},"statementMap":{"1":{"start":{"line":14,"column":0},"end":{"line":152,"column":9},"skip":true},"2":{"start":{"line":16,"column":4},"end":{"line":16,"column":21},"skip":true},"3":{"start":{"line":17,"column":4},"end":{"line":17,"column":14},"skip":true},"4":{"start":{"line":19,"column":4},"end":{"line":23,"column":9},"skip":true},"5":{"start":{"line":20,"column":8},"end":{"line":22,"column":27},"skip":true},"6":{"start":{"line":21,"column":12},"end":{"line":21,"column":51},"skip":true},"7":{"start":{"line":24,"column":4},"end":{"line":24,"column":39},"skip":true},"8":{"start":{"line":26,"column":4},"end":{"line":43,"column":5},"skip":true},"9":{"start":{"line":27,"column":8},"end":{"line":27,"column":37},"skip":true},"10":{"start":{"line":28,"column":8},"end":{"line":42,"column":10},"skip":true},"11":{"start":{"line":33,"column":12},"end":{"line":33,"column":24},"skip":true},"12":{"start":{"line":34,"column":12},"end":{"line":34,"column":44},"skip":true},"13":{"start":{"line":36,"column":12},"end":{"line":36,"column":62},"skip":true},"14":{"start":{"line":37,"column":12},"end":{"line":37,"column":49},"skip":true},"15":{"start":{"line":38,"column":12},"end":{"line":38,"column":49},"skip":true},"16":{"start":{"line":39,"column":12},"end":{"line":39,"column":31},"skip":true},"17":{"start":{"line":41,"column":12},"end":{"line":41,"column":30},"skip":true},"18":{"start":{"line":45,"column":4},"end":{"line":45,"column":15},"skip":true},"19":{"start":{"line":46,"column":4},"end":{"line":46,"column":24},"skip":true},"20":{"start":{"line":47,"column":4},"end":{"line":47,"column":35},"skip":true},"21":{"start":{"line":49,"column":4},"end":{"line":55,"column":6},"skip":true},"22":{"start":{"line":57,"column":4},"end":{"line":83,"column":6},"skip":true},"23":{"start":{"line":61,"column":8},"end":{"line":61,"column":16},"skip":true},"24":{"start":{"line":62,"column":8},"end":{"line":64,"column":9},"skip":true},"25":{"start":{"line":63,"column":12},"end":{"line":63,"column":19},"skip":true},"26":{"start":{"line":65,"column":8},"end":{"line":81,"column":10},"skip":true},"27":{"start":{"line":82,"column":8},"end":{"line":82,"column":18},"skip":true},"28":{"start":{"line":84,"column":4},"end":{"line":91,"column":6},"skip":true},"29":{"start":{"line":90,"column":8},"end":{"line":90,"column":32},"skip":true},"30":{"start":{"line":92,"column":4},"end":{"line":97,"column":6},"skip":true},"31":{"start":{"line":96,"column":8},"end":{"line":96,"column":21},"skip":true},"32":{"start":{"line":98,"column":4},"end":{"line":103,"column":6},"skip":true},"33":{"start":{"line":102,"column":8},"end":{"line":102,"column":15},"skip":true},"34":{"start":{"line":104,"column":4},"end":{"line":121,"column":6},"skip":true},"35":{"start":{"line":110,"column":8},"end":{"line":110,"column":30},"skip":true},"36":{"start":{"line":111,"column":8},"end":{"line":119,"column":11},"skip":true},"37":{"start":{"line":112,"column":12},"end":{"line":118,"column":13},"skip":true},"38":{"start":{"line":117,"column":16},"end":{"line":117,"column":57},"skip":true},"39":{"start":{"line":120,"column":8},"end":{"line":120,"column":22},"skip":true},"40":{"start":{"line":123,"column":4},"end":{"line":151,"column":5},"skip":true},"41":{"start":{"line":124,"column":8},"end":{"line":124,"column":41},"skip":true},"42":{"start":{"line":125,"column":8},"end":{"line":125,"column":41},"skip":true},"43":{"start":{"line":126,"column":8},"end":{"line":126,"column":55},"skip":true},"44":{"start":{"line":127,"column":8},"end":{"line":127,"column":43},"skip":true},"45":{"start":{"line":128,"column":8},"end":{"line":128,"column":41},"skip":true},"46":{"start":{"line":129,"column":8},"end":{"line":129,"column":39},"skip":true},"47":{"start":{"line":130,"column":8},"end":{"line":130,"column":35},"skip":true},"48":{"start":{"line":131,"column":8},"end":{"line":131,"column":41},"skip":true},"49":{"start":{"line":132,"column":8},"end":{"line":132,"column":41},"skip":true},"50":{"start":{"line":133,"column":8},"end":{"line":133,"column":33},"skip":true},"51":{"start":{"line":134,"column":8},"end":{"line":134,"column":37},"skip":true},"52":{"start":{"line":135,"column":8},"end":{"line":135,"column":39},"skip":true},"53":{"start":{"line":136,"column":8},"end":{"line":136,"column":35},"skip":true},"54":{"start":{"line":137,"column":8},"end":{"line":137,"column":33},"skip":true},"55":{"start":{"line":138,"column":8},"end":{"line":138,"column":37},"skip":true},"56":{"start":{"line":139,"column":8},"end":{"line":139,"column":51},"skip":true},"57":{"start":{"line":140,"column":8},"end":{"line":140,"column":45},"skip":true},"58":{"start":{"line":141,"column":8},"end":{"line":141,"column":37},"skip":true},"59":{"start":{"line":142,"column":8},"end":{"line":142,"column":41},"skip":true},"60":{"start":{"line":143,"column":8},"end":{"line":143,"column":57},"skip":true},"61":{"start":{"line":144,"column":8},"end":{"line":144,"column":41},"skip":true},"62":{"start":{"line":145,"column":8},"end":{"line":145,"column":35},"skip":true},"63":{"start":{"line":146,"column":8},"end":{"line":146,"column":35},"skip":true},"64":{"start":{"line":147,"column":8},"end":{"line":147,"column":35},"skip":true},"65":{"start":{"line":148,"column":8},"end":{"line":148,"column":37},"skip":true},"66":{"start":{"line":149,"column":8},"end":{"line":149,"column":33},"skip":true},"67":{"start":{"line":150,"column":8},"end":{"line":150,"column":37},"skip":true},"68":{"start":{"line":156,"column":0},"end":{"line":1406,"column":5}},"69":{"start":{"line":163,"column":0},"end":{"line":872,"column":5},"skip":true},"70":{"start":{"line":165,"column":0},"end":{"line":170,"column":2},"skip":true},"71":{"start":{"line":172,"column":0},"end":{"line":177,"column":1},"skip":true},"72":{"start":{"line":173,"column":4},"end":{"line":173,"column":44},"skip":true},"73":{"start":{"line":175,"column":4},"end":{"line":175,"column":27},"skip":true},"74":{"start":{"line":176,"column":4},"end":{"line":176,"column":41},"skip":true},"75":{"start":{"line":179,"column":0},"end":{"line":179,"column":26},"skip":true},"76":{"start":{"line":184,"column":0},"end":{"line":536,"column":2},"skip":true},"77":{"start":{"line":200,"column":4},"end":{"line":200,"column":27},"skip":true},"78":{"start":{"line":201,"column":4},"end":{"line":201,"column":32},"skip":true},"79":{"start":{"line":202,"column":4},"end":{"line":202,"column":15},"skip":true},"80":{"start":{"line":203,"column":4},"end":{"line":203,"column":15},"skip":true},"81":{"start":{"line":204,"column":4},"end":{"line":204,"column":17},"skip":true},"82":{"start":{"line":205,"column":4},"end":{"line":205,"column":16},"skip":true},"83":{"start":{"line":206,"column":4},"end":{"line":206,"column":14},"skip":true},"84":{"start":{"line":207,"column":4},"end":{"line":207,"column":22},"skip":true},"85":{"start":{"line":208,"column":4},"end":{"line":208,"column":16},"skip":true},"86":{"start":{"line":209,"column":4},"end":{"line":209,"column":12},"skip":true},"87":{"start":{"line":210,"column":4},"end":{"line":210,"column":12},"skip":true},"88":{"start":{"line":211,"column":4},"end":{"line":211,"column":16},"skip":true},"89":{"start":{"line":213,"column":4},"end":{"line":213,"column":48},"skip":true},"90":{"start":{"line":215,"column":4},"end":{"line":215,"column":64},"skip":true},"91":{"start":{"line":216,"column":4},"end":{"line":233,"column":6},"skip":true},"92":{"start":{"line":225,"column":8},"end":{"line":227,"column":9},"skip":true},"93":{"start":{"line":226,"column":12},"end":{"line":226,"column":38},"skip":true},"94":{"start":{"line":229,"column":8},"end":{"line":231,"column":9},"skip":true},"95":{"start":{"line":230,"column":12},"end":{"line":230,"column":30},"skip":true},"96":{"start":{"line":232,"column":8},"end":{"line":232,"column":19},"skip":true},"97":{"start":{"line":234,"column":4},"end":{"line":346,"column":6},"skip":true},"98":{"start":{"line":238,"column":8},"end":{"line":244,"column":9},"skip":true},"99":{"start":{"line":239,"column":12},"end":{"line":239,"column":37},"skip":true},"100":{"start":{"line":240,"column":12},"end":{"line":242,"column":15},"skip":true},"101":{"start":{"line":243,"column":12},"end":{"line":243,"column":19},"skip":true},"102":{"start":{"line":246,"column":8},"end":{"line":246,"column":60},"skip":true},"103":{"start":{"line":247,"column":8},"end":{"line":345,"column":9},"skip":true},"104":{"start":{"line":251,"column":12},"end":{"line":253,"column":13},"skip":true},"105":{"start":{"line":252,"column":16},"end":{"line":252,"column":23},"skip":true},"106":{"start":{"line":254,"column":12},"end":{"line":254,"column":26},"skip":true},"107":{"start":{"line":256,"column":12},"end":{"line":259,"column":14},"skip":true},"108":{"start":{"line":260,"column":12},"end":{"line":260,"column":33},"skip":true},"109":{"start":{"line":262,"column":12},"end":{"line":274,"column":13},"skip":true},"110":{"start":{"line":265,"column":16},"end":{"line":265,"column":64},"skip":true},"111":{"start":{"line":266,"column":16},"end":{"line":266,"column":22},"skip":true},"112":{"start":{"line":268,"column":16},"end":{"line":272,"column":17},"skip":true},"113":{"start":{"line":269,"column":20},"end":{"line":271,"column":22},"skip":true},"114":{"start":{"line":273,"column":16},"end":{"line":273,"column":22},"skip":true},"115":{"start":{"line":276,"column":12},"end":{"line":291,"column":13},"skip":true},"116":{"start":{"line":277,"column":16},"end":{"line":277,"column":55},"skip":true},"117":{"start":{"line":278,"column":16},"end":{"line":278,"column":52},"skip":true},"118":{"start":{"line":279,"column":16},"end":{"line":288,"column":18},"skip":true},"119":{"start":{"line":289,"column":16},"end":{"line":289,"column":56},"skip":true},"120":{"start":{"line":290,"column":16},"end":{"line":290,"column":52},"skip":true},"121":{"start":{"line":294,"column":12},"end":{"line":300,"column":13},"skip":true},"122":{"start":{"line":295,"column":16},"end":{"line":299,"column":19},"skip":true},"123":{"start":{"line":298,"column":20},"end":{"line":298,"column":66},"skip":true},"124":{"start":{"line":302,"column":12},"end":{"line":305,"column":18},"skip":true},"125":{"start":{"line":306,"column":12},"end":{"line":306,"column":57},"skip":true},"126":{"start":{"line":307,"column":12},"end":{"line":318,"column":13},"skip":true},"127":{"start":{"line":308,"column":16},"end":{"line":317,"column":20},"skip":true},"128":{"start":{"line":321,"column":12},"end":{"line":337,"column":13},"skip":true},"129":{"start":{"line":326,"column":16},"end":{"line":328,"column":17},"skip":true},"130":{"start":{"line":327,"column":20},"end":{"line":327,"column":26},"skip":true},"131":{"start":{"line":329,"column":16},"end":{"line":332,"column":18},"skip":true},"132":{"start":{"line":333,"column":16},"end":{"line":333,"column":22},"skip":true},"133":{"start":{"line":335,"column":16},"end":{"line":335,"column":75},"skip":true},"134":{"start":{"line":336,"column":16},"end":{"line":336,"column":22},"skip":true},"135":{"start":{"line":339,"column":12},"end":{"line":339,"column":43},"skip":true},"136":{"start":{"line":341,"column":12},"end":{"line":341,"column":41},"skip":true},"137":{"start":{"line":342,"column":12},"end":{"line":342,"column":41},"skip":true},"138":{"start":{"line":343,"column":12},"end":{"line":343,"column":35},"skip":true},"139":{"start":{"line":344,"column":12},"end":{"line":344,"column":18},"skip":true},"140":{"start":{"line":348,"column":4},"end":{"line":348,"column":30},"skip":true},"141":{"start":{"line":349,"column":4},"end":{"line":354,"column":6},"skip":true},"142":{"start":{"line":350,"column":8},"end":{"line":352,"column":9},"skip":true},"143":{"start":{"line":351,"column":12},"end":{"line":351,"column":38},"skip":true},"144":{"start":{"line":353,"column":8},"end":{"line":353,"column":26},"skip":true},"145":{"start":{"line":355,"column":4},"end":{"line":372,"column":6},"skip":true},"146":{"start":{"line":359,"column":8},"end":{"line":359,"column":16},"skip":true},"147":{"start":{"line":361,"column":8},"end":{"line":365,"column":9},"skip":true},"148":{"start":{"line":362,"column":12},"end":{"line":362,"column":25},"skip":true},"149":{"start":{"line":364,"column":12},"end":{"line":364,"column":28},"skip":true},"150":{"start":{"line":367,"column":8},"end":{"line":371,"column":9},"skip":true},"151":{"start":{"line":368,"column":12},"end":{"line":370,"column":31},"skip":true},"152":{"start":{"line":369,"column":16},"end":{"line":369,"column":33},"skip":true},"153":{"start":{"line":373,"column":4},"end":{"line":411,"column":6},"skip":true},"154":{"start":{"line":378,"column":8},"end":{"line":382,"column":11},"skip":true},"155":{"start":{"line":379,"column":12},"end":{"line":381,"column":13},"skip":true},"156":{"start":{"line":380,"column":16},"end":{"line":380,"column":36},"skip":true},"157":{"start":{"line":384,"column":8},"end":{"line":384,"column":64},"skip":true},"158":{"start":{"line":386,"column":8},"end":{"line":392,"column":11},"skip":true},"159":{"start":{"line":394,"column":8},"end":{"line":396,"column":11},"skip":true},"160":{"start":{"line":395,"column":12},"end":{"line":395,"column":62},"skip":true},"161":{"start":{"line":398,"column":8},"end":{"line":405,"column":9},"skip":true},"162":{"start":{"line":404,"column":12},"end":{"line":404,"column":62},"skip":true},"163":{"start":{"line":407,"column":8},"end":{"line":407,"column":31},"skip":true},"164":{"start":{"line":408,"column":8},"end":{"line":408,"column":30},"skip":true},"165":{"start":{"line":409,"column":8},"end":{"line":409,"column":28},"skip":true},"166":{"start":{"line":410,"column":8},"end":{"line":410,"column":52},"skip":true},"167":{"start":{"line":413,"column":4},"end":{"line":418,"column":6},"skip":true},"168":{"start":{"line":420,"column":4},"end":{"line":472,"column":5},"skip":true},"169":{"start":{"line":421,"column":8},"end":{"line":421,"column":79},"skip":true},"170":{"start":{"line":423,"column":8},"end":{"line":423,"column":18},"skip":true},"171":{"start":{"line":425,"column":8},"end":{"line":456,"column":11},"skip":true},"172":{"start":{"line":433,"column":12},"end":{"line":433,"column":26},"skip":true},"173":{"start":{"line":434,"column":12},"end":{"line":434,"column":27},"skip":true},"174":{"start":{"line":435,"column":12},"end":{"line":435,"column":71},"skip":true},"175":{"start":{"line":436,"column":12},"end":{"line":436,"column":38},"skip":true},"176":{"start":{"line":437,"column":12},"end":{"line":437,"column":50},"skip":true},"177":{"start":{"line":438,"column":12},"end":{"line":438,"column":37},"skip":true},"178":{"start":{"line":439,"column":12},"end":{"line":441,"column":15},"skip":true},"179":{"start":{"line":440,"column":16},"end":{"line":440,"column":38},"skip":true},"180":{"start":{"line":442,"column":12},"end":{"line":454,"column":15},"skip":true},"181":{"start":{"line":443,"column":16},"end":{"line":447,"column":18},"skip":true},"182":{"start":{"line":448,"column":16},"end":{"line":450,"column":18},"skip":true},"183":{"start":{"line":451,"column":16},"end":{"line":453,"column":19},"skip":true},"184":{"start":{"line":455,"column":12},"end":{"line":455,"column":47},"skip":true},"185":{"start":{"line":457,"column":8},"end":{"line":465,"column":10},"skip":true},"186":{"start":{"line":462,"column":12},"end":{"line":464,"column":15},"skip":true},"187":{"start":{"line":466,"column":8},"end":{"line":466,"column":41},"skip":true},"188":{"start":{"line":467,"column":8},"end":{"line":467,"column":29},"skip":true},"189":{"start":{"line":468,"column":8},"end":{"line":468,"column":28},"skip":true},"190":{"start":{"line":469,"column":8},"end":{"line":469,"column":27},"skip":true},"191":{"start":{"line":470,"column":8},"end":{"line":470,"column":41},"skip":true},"192":{"start":{"line":471,"column":8},"end":{"line":471,"column":33},"skip":true},"193":{"start":{"line":474,"column":4},"end":{"line":474,"column":14},"skip":true},"194":{"start":{"line":476,"column":4},"end":{"line":485,"column":16},"skip":true},"195":{"start":{"line":477,"column":8},"end":{"line":480,"column":10},"skip":true},"196":{"start":{"line":481,"column":8},"end":{"line":481,"column":20},"skip":true},"197":{"start":{"line":483,"column":8},"end":{"line":483,"column":37},"skip":true},"198":{"start":{"line":484,"column":8},"end":{"line":484,"column":37},"skip":true},"199":{"start":{"line":487,"column":4},"end":{"line":487,"column":65},"skip":true},"200":{"start":{"line":488,"column":4},"end":{"line":488,"column":36},"skip":true},"201":{"start":{"line":490,"column":4},"end":{"line":490,"column":47},"skip":true},"202":{"start":{"line":491,"column":4},"end":{"line":491,"column":47},"skip":true},"203":{"start":{"line":492,"column":4},"end":{"line":492,"column":46},"skip":true},"204":{"start":{"line":493,"column":4},"end":{"line":493,"column":58},"skip":true},"205":{"start":{"line":494,"column":4},"end":{"line":494,"column":57},"skip":true},"206":{"start":{"line":496,"column":4},"end":{"line":498,"column":5},"skip":true},"207":{"start":{"line":497,"column":8},"end":{"line":497,"column":68},"skip":true},"208":{"start":{"line":500,"column":4},"end":{"line":510,"column":5},"skip":true},"209":{"start":{"line":501,"column":8},"end":{"line":501,"column":71},"skip":true},"210":{"start":{"line":502,"column":8},"end":{"line":505,"column":10},"skip":true},"211":{"start":{"line":506,"column":8},"end":{"line":506,"column":59},"skip":true},"212":{"start":{"line":509,"column":8},"end":{"line":509,"column":38},"skip":true},"213":{"start":{"line":512,"column":4},"end":{"line":514,"column":7},"skip":true},"214":{"start":{"line":513,"column":8},"end":{"line":513,"column":52},"skip":true},"215":{"start":{"line":516,"column":4},"end":{"line":534,"column":5},"skip":true},"216":{"start":{"line":523,"column":8},"end":{"line":530,"column":11},"skip":true},"217":{"start":{"line":524,"column":12},"end":{"line":527,"column":13},"skip":true},"218":{"start":{"line":525,"column":16},"end":{"line":525,"column":33},"skip":true},"219":{"start":{"line":526,"column":16},"end":{"line":526,"column":23},"skip":true},"220":{"start":{"line":529,"column":12},"end":{"line":529,"column":27},"skip":true},"221":{"start":{"line":531,"column":8},"end":{"line":531,"column":14},"skip":true},"222":{"start":{"line":533,"column":8},"end":{"line":533,"column":27},"skip":true},"223":{"start":{"line":535,"column":4},"end":{"line":535,"column":15},"skip":true},"224":{"start":{"line":538,"column":0},"end":{"line":700,"column":2},"skip":true},"225":{"start":{"line":542,"column":4},"end":{"line":549,"column":6},"skip":true},"226":{"start":{"line":547,"column":8},"end":{"line":547,"column":33},"skip":true},"227":{"start":{"line":548,"column":8},"end":{"line":548,"column":51},"skip":true},"228":{"start":{"line":550,"column":4},"end":{"line":550,"column":77},"skip":true},"229":{"start":{"line":551,"column":4},"end":{"line":551,"column":69},"skip":true},"230":{"start":{"line":552,"column":4},"end":{"line":658,"column":6},"skip":true},"231":{"start":{"line":557,"column":8},"end":{"line":557,"column":24},"skip":true},"232":{"start":{"line":558,"column":8},"end":{"line":558,"column":17},"skip":true},"233":{"start":{"line":559,"column":8},"end":{"line":559,"column":24},"skip":true},"234":{"start":{"line":560,"column":8},"end":{"line":560,"column":17},"skip":true},"235":{"start":{"line":561,"column":8},"end":{"line":561,"column":21},"skip":true},"236":{"start":{"line":562,"column":8},"end":{"line":576,"column":10},"skip":true},"237":{"start":{"line":577,"column":8},"end":{"line":579,"column":15},"skip":true},"238":{"start":{"line":580,"column":8},"end":{"line":580,"column":37},"skip":true},"239":{"start":{"line":581,"column":8},"end":{"line":581,"column":48},"skip":true},"240":{"start":{"line":583,"column":8},"end":{"line":585,"column":10},"skip":true},"241":{"start":{"line":586,"column":8},"end":{"line":586,"column":22},"skip":true},"242":{"start":{"line":587,"column":8},"end":{"line":625,"column":11},"skip":true},"243":{"start":{"line":588,"column":12},"end":{"line":590,"column":13},"skip":true},"244":{"start":{"line":589,"column":16},"end":{"line":589,"column":23},"skip":true},"245":{"start":{"line":591,"column":12},"end":{"line":591,"column":46},"skip":true},"246":{"start":{"line":592,"column":12},"end":{"line":594,"column":13},"skip":true},"247":{"start":{"line":593,"column":16},"end":{"line":593,"column":25},"skip":true},"248":{"start":{"line":595,"column":12},"end":{"line":595,"column":56},"skip":true},"249":{"start":{"line":596,"column":12},"end":{"line":596,"column":32},"skip":true},"250":{"start":{"line":597,"column":12},"end":{"line":600,"column":13},"skip":true},"251":{"start":{"line":598,"column":16},"end":{"line":598,"column":50},"skip":true},"252":{"start":{"line":599,"column":16},"end":{"line":599,"column":23},"skip":true},"253":{"start":{"line":601,"column":12},"end":{"line":624,"column":13},"skip":true},"254":{"start":{"line":602,"column":16},"end":{"line":602,"column":60},"skip":true},"255":{"start":{"line":603,"column":16},"end":{"line":609,"column":18},"skip":true},"256":{"start":{"line":611,"column":16},"end":{"line":623,"column":19},"skip":true},"257":{"start":{"line":626,"column":8},"end":{"line":626,"column":18},"skip":true},"258":{"start":{"line":627,"column":8},"end":{"line":627,"column":72},"skip":true},"259":{"start":{"line":628,"column":8},"end":{"line":656,"column":24},"skip":true},"260":{"start":{"line":629,"column":12},"end":{"line":629,"column":24},"skip":true},"261":{"start":{"line":631,"column":12},"end":{"line":633,"column":15},"skip":true},"262":{"start":{"line":632,"column":16},"end":{"line":632,"column":28},"skip":true},"263":{"start":{"line":634,"column":12},"end":{"line":648,"column":13},"skip":true},"264":{"start":{"line":637,"column":16},"end":{"line":639,"column":18},"skip":true},"265":{"start":{"line":640,"column":16},"end":{"line":640,"column":22},"skip":true},"266":{"start":{"line":642,"column":16},"end":{"line":642,"column":55},"skip":true},"267":{"start":{"line":643,"column":16},"end":{"line":647,"column":18},"skip":true},"268":{"start":{"line":649,"column":12},"end":{"line":655,"column":14},"skip":true},"269":{"start":{"line":657,"column":8},"end":{"line":657,"column":26},"skip":true},"270":{"start":{"line":659,"column":4},"end":{"line":659,"column":77},"skip":true},"271":{"start":{"line":660,"column":4},"end":{"line":660,"column":69},"skip":true},"272":{"start":{"line":661,"column":4},"end":{"line":661,"column":75},"skip":true},"273":{"start":{"line":662,"column":4},"end":{"line":662,"column":67},"skip":true},"274":{"start":{"line":663,"column":4},"end":{"line":672,"column":6},"skip":true},"275":{"start":{"line":668,"column":8},"end":{"line":668,"column":33},"skip":true},"276":{"start":{"line":669,"column":8},"end":{"line":671,"column":11},"skip":true},"277":{"start":{"line":673,"column":4},"end":{"line":676,"column":6},"skip":true},"278":{"start":{"line":677,"column":4},"end":{"line":677,"column":76},"skip":true},"279":{"start":{"line":678,"column":4},"end":{"line":684,"column":6},"skip":true},"280":{"start":{"line":683,"column":8},"end":{"line":683,"column":66},"skip":true},"281":{"start":{"line":685,"column":4},"end":{"line":688,"column":6},"skip":true},"282":{"start":{"line":689,"column":4},"end":{"line":689,"column":72},"skip":true},"283":{"start":{"line":691,"column":4},"end":{"line":694,"column":5},"skip":true},"284":{"start":{"line":692,"column":8},"end":{"line":692,"column":30},"skip":true},"285":{"start":{"line":693,"column":8},"end":{"line":693,"column":15},"skip":true},"286":{"start":{"line":695,"column":4},"end":{"line":698,"column":5},"skip":true},"287":{"start":{"line":696,"column":8},"end":{"line":696,"column":41},"skip":true},"288":{"start":{"line":697,"column":8},"end":{"line":697,"column":15},"skip":true},"289":{"start":{"line":699,"column":4},"end":{"line":699,"column":29},"skip":true},"290":{"start":{"line":702,"column":0},"end":{"line":734,"column":2},"skip":true},"291":{"start":{"line":707,"column":4},"end":{"line":732,"column":7},"skip":true},"292":{"start":{"line":708,"column":8},"end":{"line":731,"column":9},"skip":true},"293":{"start":{"line":709,"column":12},"end":{"line":713,"column":14},"skip":true},"294":{"start":{"line":714,"column":12},"end":{"line":722,"column":13},"skip":true},"295":{"start":{"line":715,"column":16},"end":{"line":718,"column":20},"skip":true},"296":{"start":{"line":719,"column":16},"end":{"line":721,"column":17},"skip":true},"297":{"start":{"line":720,"column":20},"end":{"line":720,"column":45},"skip":true},"298":{"start":{"line":723,"column":12},"end":{"line":723,"column":37},"skip":true},"299":{"start":{"line":726,"column":12},"end":{"line":728,"column":13},"skip":true},"300":{"start":{"line":727,"column":16},"end":{"line":727,"column":55},"skip":true},"301":{"start":{"line":729,"column":12},"end":{"line":729,"column":38},"skip":true},"302":{"start":{"line":730,"column":12},"end":{"line":730,"column":48},"skip":true},"303":{"start":{"line":733,"column":4},"end":{"line":733,"column":15},"skip":true},"304":{"start":{"line":736,"column":0},"end":{"line":744,"column":2},"skip":true},"305":{"start":{"line":740,"column":4},"end":{"line":742,"column":5},"skip":true},"306":{"start":{"line":741,"column":8},"end":{"line":741,"column":27},"skip":true},"307":{"start":{"line":743,"column":4},"end":{"line":743,"column":15},"skip":true},"308":{"start":{"line":746,"column":0},"end":{"line":773,"column":2},"skip":true},"309":{"start":{"line":751,"column":4},"end":{"line":751,"column":17},"skip":true},"310":{"start":{"line":752,"column":4},"end":{"line":752,"column":14},"skip":true},"311":{"start":{"line":753,"column":4},"end":{"line":755,
[...]
            // resolve file in url","                url: (","                    // ternary-operator","                    (","                        /\\/$/","                    ).test(opt.url)","                    ? opt.url + local.path.basename(opt.file)","                    : opt.url","                )","            }, opt.gotoNext);","            break;","        default:","            onError(err, data);","        }","    });","    opt.gotoState = 0;","    opt.gotoNext();","};","","local.githubCrudContentTouch = function (opt, onError) {","/*"," * this function will touch github-file <opt>.url"," * https://developer.github.com/v3/repos/contents/#update-a-file"," */","    opt = {","        httpReq: opt.httpReq,","        message: opt.message,","        modeErrorIgnore: true,","        url: opt.url","    };","    local.gotoNext(opt, function (err, data) {","        switch (opt.gotoState) {","        case 1:","            // get sha","            local.githubCrudAjax({","                httpReq: opt.httpReq,","                url: opt.url","            }, opt.gotoNext);","            break;","        case 2:","            // put file with sha","            local.githubCrudAjax({","                content: Buffer.from(data.content || \"\", \"base64\"),","                httpReq: opt.httpReq,","                message: opt.message,","                method: \"PUT\",","                sha: data.sha,","                url: opt.url","            }, opt.gotoNext);","            break;","        default:","            onError(err, data);","        }","    });","    opt.gotoState = 0;","    opt.gotoNext();","};","","local.githubCrudContentTouchList = function (opt, onError) {","/*"," * this function will touch github-files <opt>.urlList in parallel"," * https://developer.github.com/v3/repos/contents/#update-a-file"," */","    local.onParallelList({","        list: opt.urlList","    }, function (option2, onParallel) {","        onParallel.counter += 1;","        local.githubCrudContentTouch({","            httpReq: opt.httpReq,","            message: opt.message,","            url: option2.elem","        }, onParallel);","    }, onError);","};","","local.githubCrudRepoCreate = function (opt, onError) {","/*"," * this function will create github-repo <opt>.url"," * https://developer.github.com/v3/repos/#create"," */","    local.githubCrudAjax({","        httpReq: opt.httpReq,","        method: \"POST_ORG\",","        url: opt.url","    }, function (err, data) {","        if (!(err && err.statusCode === 404)) {","            onError(err, data);","            return;","        }","        local.githubCrudAjax({","            httpReq: opt.httpReq,","            method: \"POST_USER\",","            url: opt.url","        }, onError);","    });","};","","local.githubCrudRepoCreateList = function (opt, onError) {","/*"," * this function will create github-repos <opt>.urlList in parallel"," * https://developer.github.com/v3/repos/#create"," */","    local.onParallelList({","        list: opt.urlList","    }, function (option2, onParallel) {","        onParallel.counter += 1;","        local.githubCrudRepoCreate({","            httpReq: opt.httpReq,","            url: option2.elem","        }, onParallel);","    }, onError);","};","","local.githubCrudRepoDelete = function (opt, onError) {","/*"," * this function will delete github-repo <opt>.url"," * https://developer.github.com/v3/repos/#delete-a-repository"," */","    local.githubCrudAjax({","        httpReq: opt.httpReq,","        method: \"DELETE\",","        url: opt.url","    }, onError);","};","","local.githubCrudRepoDeleteList = function (opt, onError) {","/*"," * this function will delete github-repos <opt>.urlList in parallel"," * https://developer.github.com/v3/repos/#delete-a-repository"," */","    local.onParallelList({","        list: opt.urlList","    }, function (option2, onParallel) {","        onParallel.counter += 1;","        local.githubCrudRepoDelete({","            httpReq: opt.httpReq,","            url: option2.elem","        }, onParallel);","    }, onError);","};","}());","","","","// run node js-env code - init-after","/* istanbul ignore next */","(function () {","if (local.isBrowser) {","    return;","}","","","","local.cliDict = {};","local.cliDict.delete = function () {","/*"," * <fileRemote|dirRemote> <commitMessage>"," * will delete from github <fileRemote|dirRemote>"," */","    local.github_crud.githubCrudContentDelete({","        message: process.argv[4],","        url: process.argv[3]","    }, function (err) {","        process.exit(Boolean(err));","    });","};","","local.cliDict.get = function () {","/*"," * <fileRemote>"," * will get from github <fileRemote>"," */","    local.github_crud.githubCrudContentGet({","        url: process.argv[3]","    }, function (err, data) {","        try {","            process.stdout.write(data);","        } catch (ignore) {}","        process.exit(Boolean(err));","    });","};","","local.cliDict.put = function () {","/*"," * <fileRemote> <fileLocal> <commitMessage>"," * will put on github <fileRemote> to <fileLocal>"," */","    local.github_crud.githubCrudContentPutFile({","        message: process.argv[5],","        url: process.argv[3],","        file: process.argv[4]","    }, function (err) {","        process.exit(Boolean(err));","    });","};","","local.cliDict.repo_create = function () {","/*"," * <repoList>"," * will create on github in parallel, comma-separated <repoList>"," */","    local.github_crud.githubCrudRepoCreateList({","        urlList: process.argv[3].split(","            /[,\\s]/g","        ).filter(local.identity)","    }, function (err) {","        process.exit(Boolean(err));","    });","};","","local.cliDict.repo_delete = function () {","/*"," * <repoList>"," * will delete from github in parallel, comma-separated <repoList>"," */","    local.github_crud.githubCrudRepoDeleteList({","        urlList: process.argv[3].split(","            /[,\\s]/g","        ).filter(local.identity)","    }, function (err) {","        process.exit(Boolean(err));","    });","};","","local.cliDict.touch = function () {","/*"," * <fileRemoteList> <commitMessage>"," * will touch on github in parallel, comma-separated <fileRemoteList>"," */","    local.github_crud.githubCrudContentTouchList({","        message: process.argv[4],","        urlList: process.argv[3].split(","            /[,\\s]/g","        ).filter(local.identity)","    }, function (err) {","        process.exit(Boolean(err));","    });","};","","// run the cli","if (module === require.main && !globalThis.utility2_rollup) {","    local.cliRun();","}","}());","}());",""],"l":{"14":1,"16":1,"17":1,"19":1,"20":1,"21":1,"24":1,"26":1,"27":1,"28":1,"33":1,"34":1,"36":1,"37":1,"38":1,"39":1,"41":1,"45":1,"46":1,"47":1,"49":1,"57":1,"61":17,"62":17,"63":17,"65":1,"82":1,"84":1,"90":27,"92":1,"96":54,"98":1,"102":344,"104":1,"110":54,"111":54,"112":270,"117":155,"120":54,"123":1,"124":1,"125":1,"126":1,"127":1,"128":1,"129":1,"130":1,"131":1,"132":1,"133":1,"134":1,"135":1,"136":1,"137":1,"138":1,"139":1,"140":1,"141":1,"142":1,"143":1,"144":1,"145":1,"146":1,"147":1,"148":1,"149":1,"150":1,"156":1,"163":1,"165":1,"172":1,"173":1,"175":1,"176":1,"179":1,"184":1,"200":27,"201":27,"202":27,"203":27,"204":27,"205":27,"206":27,"207":27,"208":27,"209":27,"210":27,"211":27,"213":27,"215":27,"216":27,"225":1,"226":1,"229":1,"230":1,"232":1,"234":27,"238":59,"239":16,"240":16,"243":16,"246":43,"247":43,"251":43,"252":16,"254":27,"256":27,"260":27,"262":27,"265":1,"266":1,"268":19,"269":1,"273":19,"276":27,"277":9,"278":9,"279":9,"289":9,"290":9,"294":27,"295":1,"298":1,"302":27,"306":27,"307":27,"308":1,"321":27,"326":22,"327":6,"329":16,"333":16,"335":1,"336":1,"339":27,"341":27,"342":27,"343":27,"344":27,"348":27,"349":27,"350":27,"351":9,"353":27,"355":27,"359":54,"361":54,"362":54,"364":3,"367":54,"368":3,"369":3,"373":27,"378":54,"379":490,"380":490,"384":54,"386":54,"394":54,"395":156,"398":54,"404":1,"407":54,"408":54,"409":54,"410":54,"413":27,"420":27,"421":27,"423":27,"425":27,"433":27,"434":27,"435":27,"436":27,"437":27,"438":27,"439":27,"440":24,"442":27,"443":27,"448":27,"451":27,"455":27,"457":27,"462":1,"466":27,"467":27,"468":27,"469":27,"470":27,"471":27,"474":27,"476":27,"477":1,"481":1,"483":1,"484":1,"487":27,"488":27,"490":27,"491":27,"492":27,"493":27,"494":27,"496":27,"497":1,"500":27,"501":1,"502":1,"506":1,"509":27,"512":27,"513":104,"516":27,"523":1,"524":1,"525":1,"526":1,"529":1,"531":1,"533":27,"535":27,"538":1,"542":1,"547":1,"548":1,"550":1,"551":1,"552":1,"557":1,"558":1,"559":1,"560":1,"561":1,"562":1,"577":1,"580":1,"581":1,"583":1,"586":1,"587":1,"588":1,"589":1,"591":1,"592":1,"593":1,"595":1,"596":1,"597":1,"598":1,"599":1,"601":1,"602":1,"603":1,"611":1,"626":1,"627":1,"628":1,"629":1,"631":1,"632":1,"634":1,"637":1,"640":1,"642":1,"643":1,"649":1,"657":1,"659":1,"660":1,"661":1,"662":1,"663":1,"668":1,"669":1,"673":1,"677":1,"678":1,"683":1,"685":1,"689":1,"691":1,"692":1,"693":1,"695":1,"696":1,"697":1,"699":1,"702":1,"707":15,"708":44,"709":44,"714":44,"715":1,"719":1,"720":1,"723":44,"726":1,"727":1,"729":1,"730":1,"733":15,"736":1,"740":26,"741":8,"743":26,"746":1,"751":26,"752":26,"753":26,"756":26,"758":55,"764":5,"766":55,"769":26,"770":1,"772":26,"775":1,"781":11,"782":11,"783":11,"784":11,"785":11,"786":35,"787":1,"790":35,"792":35,"793":1,"797":35,"798":3,"801":32,"802":3,"804":3,"807":32,"808":11,"809":11,"811":21,"814":11,"816":11,"819":1,"826":11,"827":11,"828":11,"829":11,"830":11,"831":32,"832":56,"833":31,"834":31,"836":25,"837":1,"839":24,"840":24,"848":11,"849":35,"850":1,"851":1,"852":1,"853":1,"854":1,"856":1,"859":35,"860":1,"861":1,"864":11,"865":11,"866":11,"867":11,"868":11,"869":11,"870":11,"877":1,"878":1,"884":29,"904":29,"908":29,"912":29,"916":29,"920":29,"923":29,"926":23,"927":23,"928":14,"930":23,"932":29,"935":3,"938":3,"940":1,"944":1,"946":1,"950":1,"952":1,"953":1,"955":3,"957":26,"958":3,"959":3,"960":3,"962":23,"963":9,"970":9,"971":9,"972":6,"974":9,"982":26,"983":26,"991":26,"997":26,"998":26,"1000":26,"1007":1,"1012":3,"1017":3,"1018":9,"1021":3,"1025":3,"1028":3,"1029":2,"1036":2,"1039":1,"1042":1,"1044":1,"1050":1,"1052":3,"1055":3,"1056":3,"1059":1,"1064":2,"1068":2,"1069":5,"1071":2,"1075":2,"1077":1,"1078":1,"1080":2,"1083":2,"1084":2,"1087":1,"1093":4,"1100":4,"1101":12,"1104":4,"1108":4,"1111":4,"1119":4,"1121":4,"1124":4,"1125":4,"1128":1,"1133":2,"1139":2,"1140":6,"1143":2,"1146":1,"1150":1,"1152":1,"1155":1,"1156":1,"1158":2,"1172":2,"1174":2,"1177":2,"1178":2,"1181":1,"1186":4,"1192":4,"1193":12,"1196":4,"1200":4,"1203":4,"1211":3,"1213":4,"1216":4,"1217":4,"1220":1,"1225":2,"1228":2,"1229":2,"1237":1,"1242":2,"1247":2,"1248":1,"1249":1,"1251":1,"1259":1,"1264":2,"1267":2,"1268":2,"1275":1,"1280":2,"1287":1,"1292":2,"1295":2,"1296":2,"1308":1,"1309":1,"1310":1,"1315":1,"1316":1,"1321":1,"1325":1,"1329":1,"1334":1,"1337":1,"1338":1,"1340":1,"1344":1,"1349":1,"1354":1,"1358":1,"1363":1,"1368":1,"1372":1,"1377":1,"1382":1,"1386":1,"1391":1,"1397":1,"1402":1,"1403":1}},"/home/travis/build/kaizhu256/node-github-crud/example.js":{"path":"/home/travis/build/kaizhu256/node-github-crud/example.js","s":{"1":2,"2":2,"3":1,"4":1,"5":1,"6":1,"7":1,"8":1,"9":1,"10":1,"11":0,"12":1,"13":1,"14":1,"15":0,"16":1,"17":1,"18":1,"19":1,"20":0,"21":0,"22":0,"23":0,"24":0,"25":0,"26":0,"27":0,"28":0,"29":0,"30":0,"31":0,"32":0,"33":0,"34":0,"35":1},"b":{"1":[1,1],"2":[0,1],"3":[1,0,0,0,0],"4":[0,1],"5":[1,1],"6":[1,0],"7":[1,1]},"f":{"1":2,"2":1},"fnMap":{"1":{"name":"(anonymous_1)","line":133,"loc":{"start":{"line":133,"column":1},"end":{"line":133,"column":13}}},"2":{"name":"(anonymous_2)","line":157,"loc":{"start":{"line":157,"column":11},"end":{"line":157,"column":32}},"skip":true}},"statementMap":{"1":{"start":{"line":133,"column":0},"end":{"line":221,"column":5}},"2":{"start":{"line":142,"column":0},"end":{"line":142,"column":32}},"3":{"start":{"line":143,"column":0},"end":{"line":143,"column":55}},"4":{"start":{"line":145,"column":0},"end":{"line":145,"column":66}},"5":{"start":{"line":152,"column":0},"end":{"line":152,"column":13}},"6":{"start":{"line":153,"column":0},"end":{"line":153,"column":14}},"7":{"start":{"line":154,"column":0},"end":{"line":154,"column":10}},"8":{"start":{"line":155,"column":0},"end":{"line":155,"column":14}},"9":{"start":{"line":157,"column":0},"end":{"line":219,"column":2},"skip":true},"10":{"start":{"line":158,"column":4},"end":{"line":160,"column":5},"skip":true},"11":{"start":{"line":159,"column":8},"end":{"line":159,"column":27},"skip":true},"12":{"start":{"line":161,"column":4},"end":{"line":161,"column":19},"skip":true},"13":{"start":{"line":162,"column":4},"end":{"line":218,"column":5},"skip":true},"14":{"start":{"line":165,"column":8},"end":{"line":170,"column":9},"skip":true},"15":{"start":{"line":169,"column":12},"end":{"line":169,"column":19},"skip":true},"16":{"start":{"line":171,"column":8},"end":{"line":171,"column":50},"skip":true},"17":{"start":{"line":172,"column":8},"end":{"line":172,"column":31},"skip":true},"18":{"start":{"line":173,"column":8},"end":{"line":178,"column":9},"skip":true},"19":{"start":{"line":177,"column":12},"end":{"line":177,"column":19},"skip":true},"20":{"start":{"line":179,"column":8},"end":{"line":179,"column":19},"skip":true},"21":{"start":{"line":180,"column":8},"end":{"line":180,"column":14},"skip":true},"22":{"start":{"line":183,"column":8},"end":{"line":183,"column":68},"skip":true},"23":{"start":{"line":184,"column":8},"end":{"line":189,"column":21},"skip":true},"24":{"start":{"line":190,"column":8},"end":{"line":190,"column":14},"skip":true},"25":{"start":{"line":193,"column":8},"end":{"line":193,"column":68},"skip":true},"26":{"start":{"line":194,"column":8},"end":{"line":197,"column":21},"skip":true},"27":{"start":{"line":198,"column":8},"end":{"line":198,"column":14},"skip":true},"28":{"start":{"line":201,"column":8},"end":{"line":201,"column":36},"skip":true},"29":{"start":{"line":202,"column":8},"end":{"line":202,"column":70},"skip":true},"30":{"start":{"line":203,"column":8},"end":{"line":207,"column":21},"skip":true},"31":{"start":{"line":208,"column":8},"end":{"line":208,"column":14},"skip":true},"32":{"start":{"line":211,"column":8},"end":{"line":211,"column":71},"skip":true},"33":{"start":{"line":212,"column":8},"end":{"line":216,"column":21},"skip":true},"34":{"start":{"line":217,"column":8},"end":{"line":217,"column":14},"skip":true},"35":{"start":{"line":220,"column":0},"end":{"line":220,"column":11}}},"branchMap":{"1":{"line":145,"type":"binary-expr","locations":[{"start":{"line":145,"column":27},"end":{"line":145,"column":51}},{"start":{"line":145,"column":55},"end":{"line":145,"column":65}}]},"2":{"line":158,"type":"if","locations":[{"start":{"line":158,"column":4},"end":{"line":158,"column":4},"skip":true},{"start":{"line":158,"column":4},"end":{"line":158,"column":4},"skip":true}]},"3":{"line":162,"type":"switch","locations":[{"start":{"line":164,"column":4},"end":{"line":180,"column":14},"skip":true},{"start":{"line":182,"column":4},"end":{"line":190,"column":14},"skip":true},{"start":{"line":192,"column":4},"end":{"line":198,"column":14},"skip":true},{"start":{"line":200,"column":4},"end":{"line":208,"column":14},"skip":true},{"start":{"line":210,"column":4},"end":{"line":217,"column":14},"skip":true}]},"4":{"line":165,"type":"if","locations":[{"start":{"line":165,"column":8},"end":{"line":165,"column":8},"skip":true},{"start":{"line":165,"column":8},"end":{"line":165,"column":8},"skip":true}]},"5":{"line":166,"type":"binary-expr","locations":[{"start":{"line":166,"column":12},"end":{"line":166,"column":38},"skip":true},{"start":{"line":167,"column":15},"end":{"line":167,"column":37},"skip":true}]},"6":{"line":173,"type":"if","locations":[{"start":{"line":173,"column":8},"end":{"line":173,"column":8},"skip":true},{"start":{"line":173,"column":8},"end":{"line":173,"column":8},"skip":true}]},"7":{"line":174,"type":"binary-expr","locations":[{"start":{"line":174,"column":12},"end":{"line":174,"column":52},"skip":true},{"start":{"line":175,"column":15},"end":{"line":175,"column":47},"skip":true}]}},"code":["","","","","","","","","","","","","","","","","","","","","","","","","","","","","","","","","","","","","","","","","","","","","","","","","","","","","","","","","","","","","","","","","","","","","","","","","","","","","","","","","","","","","","","","","","","","","","","","","","","","","","","","","","","","","","","","","","","","/*","example.js","","this script will run a web-demo of github-crud","","instruction","    1. save this script as example.js","    2. edit env vars below","    3. run the shell command:","        $ npm install kaizhu256/node-github-crud#alpha && node example.js","    4. edit this script to suit your needs","*/","","","","/* istanbul instrument in package github_crud */","/* jslint utility2:true */","(function () {","\"use strict\";","","","","/*"," * edit begin"," * edit env vars below"," */","process.env.BRANCH = \"gh-pages\";","process.env.GITHUB_REPO = \"kaizhu256/node-github-crud\";","// get $GITHUB_TOKEN from https://github.com/settings/tokens","process.env.GITHUB_TOKEN = process.env.GITHUB_TOKEN || \"xxxxxxxx\";","/*"," * edit end"," */","","","","var gotoNext;","var gotoState;","var local;","gotoState = 0;","/* istanbul ignore next */","gotoNext = function (err, data) {","    if (err) {","        console.error(err);","    }","    gotoState += 1;","    switch (gotoState) {","    // init","    case 1:","        if (","            typeof window === \"object\"","            || global.utility2_rollup // jslint ignore:line","        ) {","            return;","        }","        local = globalThis.utility2_moduleExports;","        module.exports = local;","        if (","            process.env.npm_config_mode_auto_restart","            || process.env.npm_config_mode_test","        ) {","            return;","        }","        gotoNext();","        break;","    // test github-crud put","    case 2:","        console.error(\"\\n\\n\\ngithub-crud put /foo/bar/hello.txt\\n\");","        local.githubCrudContentPut({","            content: \"hello world\\n\",","            message: \"commit message 1\",","            url: \"https://github.com/\" + process.env.GITHUB_REPO + \"/blob/\"","            + process.env.BRANCH + \"/foo/bar/hello.txt\"","        }, gotoNext);","        break;","    // test github-crud get","    case 3:","        console.error(\"\\n\\n\\ngithub-crud get /foo/bar/hello.txt\\n\");","        local.githubCrudContentGet({","            url: \"https://github.com/\" + process.env.GITHUB_REPO + \"/blob/\"","            + process.env.BRANCH + \"/foo/bar/hello.txt\"","        }, gotoNext);","        break;","    // test github-crud touch","    case 4:","        console.error(String(data));","        console.error(\"\\n\\n\\ngithub-crud touch /foo/bar/hello.txt\\n\");","        local.githubCrudContentTouch({","            message: \"commit message 2\",","            url: \"https://github.com/\" + process.env.GITHUB_REPO + \"/blob/\"","            + process.env.BRANCH + \"/foo/bar/hello.txt\"","        }, gotoNext);","        break;","    // test github-crud delete","    case 5:","        console.error(\"\\n\\n\\ngithub-crud delete /foo/bar/hello.txt\\n\");","        local.githubCrudContentDelete({","            message: \"commit message 3\",","            url: \"https://github.com/\" + process.env.GITHUB_REPO + \"/blob/\"","            + process.env.BRANCH + \"/foo/bar/hello.txt\"","        }, gotoNext);","        break;","    }","};","gotoNext();","}());"],"l":{"133":2,"142":2,"143":1,"145":1,"152":1,"153":1,"154":1,"155":1,"157":1,"158":1,"159":1,"161":1,"162":1,"165":1,"169":1,"171":1,"172":1,"173":1,"177":1,"179":1,"180":1,"183":1,"184":1,"190":1,"193":1,"194":1,"198":1,"201":1,"202":1,"203":1,"208":1,"211":1,"212":1,"217":1,"220":1}}}