{"/home/travis/build/kaizhu256/node-github-crud/test.js":{"path":"/home/travis/build/kaizhu256/node-github-crud/test.js","s":{"1":2,"2":2,"3":2,"4":2,"5":2,"6":2,"7":2,"8":2,"9":0,"10":0,"11":0,"12":0,"13":0,"14":0,"15":0,"16":0,"17":0,"18":2,"19":2,"20":2,"21":2,"22":2,"23":0,"24":0,"25":0,"26":0,"27":0,"28":2,"29":0,"30":2,"31":0,"32":2,"33":0,"34":2,"35":0,"36":0,"37":0,"38":0,"39":0,"40":2,"41":1,"42":1,"43":1,"44":1,"45":1,"46":1,"47":1,"48":1,"49":1,"50":1,"51":1,"52":1,"53":1,"54":1,"55":1,"56":1,"57":1,"58":1,"59":1,"60":1,"61":1,"62":1,"63":1,"64":1,"65":1,"66":1,"67":1,"68":2,"69":2,"70":2,"71":2,"72":2,"73":2,"74":2,"75":2,"76":2,"77":1,"78":1,"79":1,"80":3,"81":3,"82":1,"83":1,"84":1,"85":12,"86":12,"87":3,"88":3,"89":3,"90":3,"91":12,"92":1,"93":2,"94":2,"95":1,"96":1,"97":1,"98":7,"99":7,"100":13,"101":13,"102":7,"103":7,"104":52,"105":13,"106":13,"107":13,"108":13,"109":52,"110":7,"111":7,"112":7,"113":7,"114":2,"115":2,"116":1,"117":1,"118":1,"119":6,"120":6,"121":8,"122":8,"123":6,"124":6,"125":32,"126":8,"127":8,"128":8,"129":8,"130":16,"131":16,"132":32,"133":6,"134":6,"135":6,"136":6,"137":2,"138":2,"139":1,"140":1,"141":1,"142":1,"143":1,"144":2,"145":2,"146":2,"147":3,"148":3,"149":3,"150":3,"151":3,"152":3,"153":12,"154":3,"155":3,"156":12,"157":3,"158":3,"159":2,"160":2,"161":2,"162":2,"163":2,"164":1,"165":1,"166":1,"167":2,"168":2,"169":2,"170":2},"b":{"1":[0,2],"2":[2,1,1,1,1],"3":[0,0],"4":[0,0],"5":[0,0,0],"6":[0,0],"7":[0,0],"8":[0,0],"9":[0,0],"10":[0,0],"11":[0,0,0],"12":[0,0],"13":[1,1],"14":[2,1],"15":[1,1],"16":[3,3],"17":[2,1],"18":[1,1],"19":[13,13],"20":[1,1],"21":[8,8,16],"22":[1,1],"23":[3],"24":[1,1]},"f":{"1":2,"2":2,"3":0,"4":0,"5":0,"6":0,"7":0,"8":0,"9":0,"10":2,"11":2,"12":2,"13":2,"14":3,"15":12,"16":2,"17":7,"18":13,"19":52,"20":7,"21":2,"22":6,"23":8,"24":32,"25":6,"26":2,"27":2,"28":3,"29":12,"30":2,"31":2,"32":2,"33":2},"fnMap":{"1":{"name":"(anonymous_1)","line":4,"loc":{"start":{"line":4,"column":1},"end":{"line":4,"column":23}},"skip":true},"2":{"name":"(anonymous_2)","line":9,"loc":{"start":{"line":9,"column":5},"end":{"line":9,"column":17}},"skip":true},"3":{"name":"(anonymous_3)","line":18,"loc":{"start":{"line":18,"column":41},"end":{"line":18,"column":53}},"skip":true},"4":{"name":"(anonymous_4)","line":47,"loc":{"start":{"line":47,"column":24},"end":{"line":47,"column":51}},"skip":true},"5":{"name":"(anonymous_5)","line":73,"loc":{"start":{"line":73,"column":26},"end":{"line":73,"column":41}},"skip":true},"6":{"name":"(anonymous_6)","line":81,"loc":{"start":{"line":81,"column":21},"end":{"line":81,"column":38}},"skip":true},"7":{"name":"(anonymous_7)","line":87,"loc":{"start":{"line":87,"column":16},"end":{"line":87,"column":28}},"skip":true},"8":{"name":"(anonymous_8)","line":93,"loc":{"start":{"line":93,"column":32},"end":{"line":93,"column":58}},"skip":true},"9":{"name":"(anonymous_9)","line":100,"loc":{"start":{"line":100,"column":42},"end":{"line":100,"column":57}},"skip":true},"10":{"name":"(anonymous_10)","line":145,"loc":{"start":{"line":145,"column":1},"end":{"line":145,"column":18}}},"11":{"name":"(anonymous_11)","line":151,"loc":{"start":{"line":151,"column":1},"end":{"line":151,"column":13}}},"12":{"name":"(anonymous_12)","line":164,"loc":{"start":{"line":164,"column":1},"end":{"line":164,"column":13}}},"13":{"name":"(anonymous_13)","line":165,"loc":{"start":{"line":165,"column":46},"end":{"line":165,"column":74}}},"14":{"name":"(anonymous_14)","line":174,"loc":{"start":{"line":174,"column":14},"end":{"line":174,"column":42}}},"15":{"name":"(anonymous_15)","line":180,"loc":{"start":{"line":180,"column":17},"end":{"line":180,"column":42}}},"16":{"name":"(anonymous_16)","line":205,"loc":{"start":{"line":205,"column":46},"end":{"line":205,"column":74}}},"17":{"name":"(anonymous_17)","line":223,"loc":{"start":{"line":223,"column":7},"end":{"line":223,"column":35}}},"18":{"name":"(anonymous_18)","line":225,"loc":{"start":{"line":225,"column":18},"end":{"line":225,"column":46}}},"19":{"name":"(anonymous_19)","line":230,"loc":{"start":{"line":230,"column":21},"end":{"line":230,"column":46}}},"20":{"name":"(anonymous_20)","line":250,"loc":{"start":{"line":250,"column":11},"end":{"line":250,"column":26}}},"21":{"name":"(anonymous_21)","line":258,"loc":{"start":{"line":258,"column":42},"end":{"line":258,"column":70}}},"22":{"name":"(anonymous_22)","line":275,"loc":{"start":{"line":275,"column":7},"end":{"line":275,"column":35}}},"23":{"name":"(anonymous_23)","line":277,"loc":{"start":{"line":277,"column":18},"end":{"line":277,"column":46}}},"24":{"name":"(anonymous_24)","line":282,"loc":{"start":{"line":282,"column":21},"end":{"line":282,"column":46}}},"25":{"name":"(anonymous_25)","line":304,"loc":{"start":{"line":304,"column":11},"end":{"line":304,"column":26}}},"26":{"name":"(anonymous_26)","line":312,"loc":{"start":{"line":312,"column":47},"end":{"line":312,"column":75}}},"27":{"name":"(anonymous_27)","line":327,"loc":{"start":{"line":327,"column":7},"end":{"line":327,"column":35}}},"28":{"name":"(anonymous_28)","line":330,"loc":{"start":{"line":330,"column":18},"end":{"line":330,"column":46}}},"29":{"name":"(anonymous_29)","line":336,"loc":{"start":{"line":336,"column":24},"end":{"line":336,"column":49}}},"30":{"name":"(anonymous_30)","line":352,"loc":{"start":{"line":352,"column":11},"end":{"line":352,"column":26}}},"31":{"name":"(anonymous_31)","line":360,"loc":{"start":{"line":360,"column":39},"end":{"line":360,"column":67}}},"32":{"name":"(anonymous_32)","line":373,"loc":{"start":{"line":373,"column":7},"end":{"line":373,"column":35}}},"33":{"name":"(anonymous_33)","line":379,"loc":{"start":{"line":379,"column":11},"end":{"line":379,"column":26}}}},"statementMap":{"1":{"start":{"line":4,"column":0},"end":{"line":141,"column":9},"skip":true},"2":{"start":{"line":6,"column":4},"end":{"line":6,"column":21},"skip":true},"3":{"start":{"line":7,"column":4},"end":{"line":7,"column":14},"skip":true},"4":{"start":{"line":9,"column":4},"end":{"line":13,"column":9},"skip":true},"5":{"start":{"line":10,"column":8},"end":{"line":12,"column":27},"skip":true},"6":{"start":{"line":11,"column":12},"end":{"line":11,"column":51},"skip":true},"7":{"start":{"line":14,"column":4},"end":{"line":14,"column":39},"skip":true},"8":{"start":{"line":16,"column":4},"end":{"line":33,"column":5},"skip":true},"9":{"start":{"line":17,"column":8},"end":{"line":17,"column":37},"skip":true},"10":{"start":{"line":18,"column":8},"end":{"line":32,"column":10},"skip":true},"11":{"start":{"line":23,"column":12},"end":{"line":23,"column":24},"skip":true},"12":{"start":{"line":24,"column":12},"end":{"line":24,"column":44},"skip":true},"13":{"start":{"line":26,"column":12},"end":{"line":26,"column":62},"skip":true},"14":{"start":{"line":27,"column":12},"end":{"line":27,"column":49},"skip":true},"15":{"start":{"line":28,"column":12},"end":{"line":28,"column":49},"skip":true},"16":{"start":{"line":29,"column":12},"end":{"line":29,"column":31},"skip":true},"17":{"start":{"line":31,"column":12},"end":{"line":31,"column":30},"skip":true},"18":{"start":{"line":35,"column":4},"end":{"line":35,"column":15},"skip":true},"19":{"start":{"line":36,"column":4},"end":{"line":36,"column":24},"skip":true},"20":{"start":{"line":37,"column":4},"end":{"line":37,"column":35},"skip":true},"21":{"start":{"line":39,"column":4},"end":{"line":45,"column":6},"skip":true},"22":{"start":{"line":47,"column":4},"end":{"line":72,"column":6},"skip":true},"23":{"start":{"line":51,"column":8},"end":{"line":51,"column":16},"skip":true},"24":{"start":{"line":52,"column":8},"end":{"line":54,"column":9},"skip":true},"25":{"start":{"line":53,"column":12},"end":{"line":53,"column":19},"skip":true},"26":{"start":{"line":55,"column":8},"end":{"line":70,"column":10},"skip":true},"27":{"start":{"line":71,"column":8},"end":{"line":71,"column":18},"skip":true},"28":{"start":{"line":73,"column":4},"end":{"line":80,"column":6},"skip":true},"29":{"start":{"line":79,"column":8},"end":{"line":79,"column":32},"skip":true},"30":{"start":{"line":81,"column":4},"end":{"line":86,"column":6},"skip":true},"31":{"start":{"line":85,"column":8},"end":{"line":85,"column":21},"skip":true},"32":{"start":{"line":87,"column":4},"end":{"line":92,"column":6},"skip":true},"33":{"start":{"line":91,"column":8},"end":{"line":91,"column":15},"skip":true},"34":{"start":{"line":93,"column":4},"end":{"line":110,"column":6},"skip":true},"35":{"start":{"line":99,"column":8},"end":{"line":99,"column":30},"skip":true},"36":{"start":{"line":100,"column":8},"end":{"line":108,"column":11},"skip":true},"37":{"start":{"line":101,"column":12},"end":{"line":107,"column":13},"skip":true},"38":{"start":{"line":106,"column":16},"end":{"line":106,"column":57},"skip":true},"39":{"start":{"line":109,"column":8},"end":{"line":109,"column":22},"skip":true},"40":{"start":{"line":112,"column":4},"end":{"line":140,"column":5},"skip":true},"41":{"start":{"line":113,"column":8},"end":{"line":113,"column":41},"skip":true},"42":{"start":{"line":114,"column":8},"end":{"line":114,"column":41},"skip":true},"43":{"start":{"line":115,"column":8},"end":{"line":115,"column":55},"skip":true},"44":{"start":{"line":116,"column":8},"end":{"line":116,"column":43},"skip":true},"45":{"start":{"line":117,"column":8},"end":{"line":117,"column":41},"skip":true},"46":{"start":{"line":118,"column":8},"end":{"line":118,"column":39},"skip":true},"47":{"start":{"line":119,"column":8},"end":{"line":119,"column":35},"skip":true},"48":{"start":{"line":120,"column":8},"end":{"line":120,"column":41},"skip":true},"49":{"start":{"line":121,"column":8},"end":{"line":121,"column":41},"skip":true},"50":{"start":{"line":122,"column":8},"end":{"line":122,"column":33},"skip":true},"51":{"start":{"line":123,"column":8},"end":{"line":123,"column":37},"skip":true},"52":{"start":{"line":124,"column":8},"end":{"line":124,"column":39},"skip":true},"53":{"start":{"line":125,"column":8},"end":{"line":125,"column":35},"skip":true},"54":{"start":{"line":126,"column":8},"end":{"line":126,"column":33},"skip":true},"55":{"start":{"line":127,"column":8},"end":{"line":127,"column":37},"skip":true},"56":{"start":{"line":128,"column":8},"end":{"line":128,"column":51},"skip":true},"57":{"start":{"line":129,"column":8},"end":{"line":129,"column":45},"skip":true},"58":{"start":{"line":130,"column":8},"end":{"line":130,"column":37},"skip":true},"59":{"start":{"line":131,"column":8},"end":{"line":131,"column":41},"skip":true},"60":{"start":{"line":132,"column":8},"end":{"line":132,"column":57},"skip":true},"61":{"start":{"line":133,"column":8},"end":{"line":133,"column":41},"skip":true},"62":{"start":{"line":134,"column":8},"end":{"line":134,"column":35},"skip":true},"63":{"start":{"line":135,"column":8},"end":{"line":135,"column":35},"skip":true},"64":{"start":{"line":136,"column":8},"end":{"line":136,"column":35},"skip":true},"65":{"start":{"line":137,"column":8},"end":{"line":137,"column":37},"skip":true},"66":{"start":{"line":138,"column":8},"end":{"line":138,"column":33},"skip":true},"67":{"start":{"line":139,"column":8},"end":{"line":139,"column":37},"skip":true},"68":{"start":{"line":145,"column":0},"end":{"line":387,"column":5}},"69":{"start":{"line":151,"column":0},"end":{"line":159,"column":5}},"70":{"start":{"line":153,"column":0},"end":{"line":155,"column":18}},"71":{"start":{"line":156,"column":0},"end":{"line":156,"column":25}},"72":{"start":{"line":158,"column":0},"end":{"line":158,"column":28}},"73":{"start":{"line":164,"column":0},"end":{"line":386,"column":5}},"74":{"start":{"line":165,"column":0},"end":{"line":203,"column":2}},"75":{"start":{"line":169,"column":4},"end":{"line":169,"column":16}},"76":{"start":{"line":170,"column":4},"end":{"line":173,"column":5}},"77":{"start":{"line":171,"column":8},"end":{"line":171,"column":31}},"78":{"start":{"line":172,"column":8},"end":{"line":172,"column":15}},"79":{"start":{"line":174,"column":4},"end":{"line":177,"column":6}},"80":{"start":{"line":175,"column":8},"end":{"line":175,"column":34}},"81":{"start":{"line":176,"column":8},"end":{"line":176,"column":23}},"82":{"start":{"line":178,"column":4},"end":{"line":178,"column":28}},"83":{"start":{"line":179,"column":4},"end":{"line":179,"column":20}},"84":{"start":{"line":180,"column":4},"end":{"line":198,"column":6}},"85":{"start":{"line":181,"column":8},"end":{"line":181,"column":24}},"86":{"start":{"line":182,"column":8},"end":{"line":196,"column":9}},"87":{"start":{"line":184,"column":12},"end":{"line":191,"column":15}},"88":{"start":{"line":192,"column":12},"end":{"line":192,"column":18}},"89":{"start":{"line":194,"column":12},"end":{"line":194,"column":22}},"90":{"start":{"line":195,"column":12},"end":{"line":195,"column":18}},"91":{"start":{"line":197,"column":8},"end":{"line":197,"column":23}},"92":{"start":{"line":199,"column":4},"end":{"line":202,"column":16}},"93":{"start":{"line":205,"column":0},"end":{"line":256,"column":2}},"94":{"start":{"line":209,"column":4},"end":{"line":212,"column":5}},"95":{"start":{"line":210,"column":8},"end":{"line":210,"column":31}},"96":{"start":{"line":211,"column":8},"end":{"line":211,"column":15}},"97":{"start":{"line":213,"column":4},"end":{"line":255,"column":16}},"98":{"start":{"line":224,"column":8},"end":{"line":224,"column":20}},"99":{"start":{"line":225,"column":8},"end":{"line":228,"column":10}},"100":{"start":{"line":226,"column":12},"end":{"line":226,"column":53}},"101":{"start":{"line":227,"column":12},"end":{"line":227,"column":27}},"102":{"start":{"line":229,"column":8},"end":{"line":229,"column":32}},"103":{"start":{"line":230,"column":8},"end":{"line":240,"column":10}},"104":{"start":{"line":231,"column":12},"end":{"line":238,"column":13}},"105":{"start":{"line":233,"column":16},"end":{"line":233,"column":57}},"106":{"start":{"line":234,"column":16},"end":{"line":234,"column":22}},"107":{"start":{"line":236,"column":16},"end":{"line":236,"column":36}},"108":{"start":{"line":237,"column":16},"end":{"line":237,"column":22}},"109":{"start":{"line":239,"column":12},"end":{"line":239,"column":27}},"110":{"start":{"line":241,"column":8},"end":{"line":241,"column":32}},"111":{"start":{"line":242,"column":8},"end":{"line":254,"column":11}},"112":{"start":{"line":252,"column":12},"end":{"line":252,"column":41}},"113":{"start":{"line":253,"column":12},"end":{"line":253,"column":38}},"114":{"start":{"line":258,"column":0},"end":{"line":310,"column":2}},"115":{"start":{"line":262,"column":4},"end":{"line":265,"column":5}},"116":{"start":{"line":263,"column":8},"end":{"line":263,"column":31}},"117":{"start":{"line":264,"column":8},"end":{"line":264,"column":15}},"118":{"start":{"line":266,"column":4},"end":{"line":309,"column":16}},"119":{"start":{"line":276,"column":8},"end":{"line":276,"column":20}},"120":{"start":{"line":277,"column":8},"end":{"line":280,"column":10}},"121":{"start":{"line":278,"column":12},"end":{"line":278,"column":53}},"122":{"start":{"line":279,"column":12},"end":{"line":279,"column":27}},"123":{"start":{"line":281,"column":8},"end":{"line":281,"column":32}},"124":{"start":{"line":282,"column":8},"end":{"line":295,"column":10}},"125":{"start":{"line":283,"column":12},"end":{"line":293,"column":13}},"126":{"start":{"line":285,"column":16},"end":{"line":285,"column":43}},"127":{"start":{"line":286,"column":16},"end":{"line":286,"column":22}},"128":{"start":{"line":288,"column":16},"end":{"line":288,"column":36}},"129":{"start":{"line":289,"column":16},"end":{"line":289,"column":22}},"130":{"start":{"line":291,"column":16},"end":{"line":291,"column":60}},"131":{"start":{"line":292,"column":16},"end":{"line":292,"column":22}},"132":{"start":{"line":294,"column":12},"end":{"line":294,"column":27}},"133":{"start":{"line":296,"column":8},"end":{"line":296,"column":32}},"134":{"start":{"line":297,"column":8},"end":{"line":308,"column":11}},"135":{"start":{"line":306,"column":12},"end":{"line":306,"column":41}},"136":{"start":{"line":307,"column":12},"end":{"line":307,"column":38}},"137":{"start":{"line":312,"column":0},"end":{"line":358,"column":2}},"138":{"start":{"line":316,"column":4},"end":{"line":319,"column":5}},"139":{"start":{"line":317,"column":8},"end":{"line":317,"column":31}},"140":{"start":{"line":318,"column":8},"end":{"line":318,"column":15}},"141":{"start":{"line":320,"column":4},"end":{"line":320,"column":17}},"142":{"start":{"line":321,"column":4},"end":{"line":321,"column":29}},"143":{"start":{"line":322,"column":4},"end":{"line":357,"column":16}},"144":{"start":{"line":328,"column":8},"end":{"line":328,"column":20}},"145":{"start":{"line":329,"column":8},"end":{"line":329,"column":32}},"146":{"start":{"line":330,"column":8},"end":{"line":346,"column":10}},"147":{"start":{"line":331,"column":12},"end":{"line":331,"column":23}},"148":{"start":{"line":332,"column":12},"end":{"line":332,"column":24}},"149":{"start":{"line":333,"column":12},"end":{"line":333,"column":51}},"150":{"start":{"line":334,"column":12},"end":{"line":334,"column":35}},"151":{"start":{"line":335,"column":12},"end":{"line":335,"column":35}},"152":{"start":{"line":336,"column":12},"end":{"line":343,"column":14}},"153":{"start":{"line":337,"column":16},"end":{"line":341,"column":17}},"154":{"start":{"line":339,"column":20},"end":{"line":339,"column":40}},"155":{"start":{"line":340,"column":20},"end":{"line":340,"column":26}},"156":{"start":{"line":342,"column":16},"end":{"line":342,"column":30}},"157":{"start":{"line":344,"column":12},"end":{"line":344,"column":52}},"158":{"start":{"line":345,"column":12},"end":{"line":345,"column":26}},"159":{"start":{"line":347,"column":8},"end":{"line":356,"column":11}},"160":{"start":{"line":354,"column":12},"end":{"line":354,"column":41}},"161":{"start":{"line":355,"column":12},"end":{"line":355,"column":38}},"162":{"start":{"line":360,"column":0},"end":{"line":385,"column":2}},"163":{"start":{"line":364,"column":4},"end":{"line":367,"column":5}},"164":{"start":{"line":365,"column":8},"end":{"line":365,"column":31}},"165":{"start":{"line":366,"column":8},"end":{"line":366,"column":15}},"166":{"start":{"line":368,"column":4},"end":{"line":384,"column":16}},"167":{"start":{"line":374,"column":8},"end":{"line":374,"column":32}},"168":{"start":{"line":375,"column":8},"end":{"line":383,"column":11}},"169":{"start":{"line":381,"column":12},"end":{"line":381,"column":40}},"170":{"start":{"line":382,"column":12},"end":{"line":382,"column":38}}},"branchMap":{"1":{"line":16,"type":"if","locations":[{"start":{"line":16,"column":4},"end":{"line":16,"column":4},"skip":true},{"start":{"line":16,"column":4},"end":{"line":16,"column":4},"skip":true}]},"2":{"line":40,"type":"binary-expr","locations":[{"start":{"line":40,"column":8},"end":{"line":40,"column":34},"skip":true},{"start":{"line":41,"column":11},"end":{"line":41,"column":32},"skip":true},{"start":{"line":42,"column":11},"end":{"line":42,"column":54},"skip":true},{"start":{"line":43,"column":11},"end":{"line":43,"column":26},"skip":true},{"start":{"line":44,"column":11},"end":{"line":44,"column":62},"skip":true}]},"3":{"line":52,"type":"if","locations":[{"start":{"line":52,"column":8},"end":{"line":52,"column":8},"skip":true},{"start":{"line":52,"column":8},"end":{"line":52,"column":8},"skip":true}]},"4":{"line":56,"type":"cond-expr","locations":[{"start":{"line":62,"column":14},"end":{"line":62,"column":21},"skip":true},{"start":{"line":63,"column":14},"end":{"line":69,"column":13},"skip":true}]},"5":{"line":57,"type":"binary-expr","locations":[{"start":{"line":57,"column":16},"end":{"line":57,"column":23},"skip":true},{"start":{"line":58,"column":19},"end":{"line":58,"column":54},"skip":true},{"start":{"line":59,"column":19},"end":{"line":59,"column":52},"skip":true}]},"6":{"line":64,"type":"cond-expr","locations":[{"start":{"line":66,"column":18},"end":{"line":66,"column":25},"skip":true},{"start":{"line":68,"column":18},"end":{"line":68,"column":50},"skip":true}]},"7":{"line":79,"type":"binary-expr","locations":[{"start":{"line":79,"column":15},"end":{"line":79,"column":18},"skip":true},{"start":{"line":79,"column":22},"end":{"line":79,"column":31},"skip":true}]},"8":{"line":99,"type":"binary-expr","locations":[{"start":{"line":99,"column":17},"end":{"line":99,"column":23},"skip":true},{"start":{"line":99,"column":27},"end":{"line":99,"column":29},"skip":true}]},"9":{"line":100,"type":"binary-expr","locations":[{"start":{"line":100,"column":20},"end":{"line":100,"column":26},"skip":true},{"start":{"line":100,"column":30},"end":{"line":100,"column":32},"skip":true}]},"10":{"line":101,"type":"if","locations":[{"start":{"line":101,"column":12},"end":{"line":101,"column":12},"skip":true},{"start":{"line":101,"column":12},"end":{"line":101,"column":12},"skip":true}]},"11":{"line":102,"type":"binary-expr","locations":[{"start":{"line":102,"column":16},"end":{"line":102,"column":36},"skip":true},{"start":{"line":103,"column":19},"end":{"line":103,"column":44},"skip":true},{"start":{"line":104,"column":19},"end":{"line":104,"column":37},"skip":true}]},"12":{"line":106,"type":"binary-expr","locations":[{"start":{"line":106,"column":30},"end":{"line":106,"column":41},"skip":true},{"start":{"line":106,"column":45},"end":{"line":106,"column":56},"skip":true}]},"13":{"line":112,"type":"if","locations":[{"start":{"line":112,"column":4},"end":{"line":112,"column":4},"skip":true},{"start":{"line":112,"column":4},"end":{"line":112,"column":4},"skip":true}]},"14":{"line":154,"type":"binary-expr","locations":[{"start":{"line":154,"column":4},"end":{"line":154,"column":23}},{"start":{"line":154,"column":27},"end":{"line":154,"column":46}}]},"15":{"line":170,"type":"if","locations":[{"start":{"line":170,"column":4},"end":{"line":170,"column":4}},{"start":{"line":170,"column":4},"end":{"line":170,"column":4}}]},"16":{"line":182,"type":"switch","locations":[{"start":{"line":183,"column":8},"end":{"line":192,"column":18}},{"start":{"line":193,"column":8},"end":{"line":195,"column":18}}]},"17":{"line":185,"type":"cond-expr","locations":[{"start":{"line":186,"column":18},"end":{"line":186,"column":36}},{"start":{"line":188,"column":20},"end":{"line":189,"column":60}}]},"18":{"line":209,"type":"if","locations":[{"start":{"line":209,"column":4},"end":{"line":209,"column":4}},{"start":{"line":209,"column":4},"end":{"line":209,"column":4}}]},"19":{"line":231,"type":"switch","locations":[{"start":{"line":232,"column":12},"end":{"line":234,"column":22}},{"start":{"line":235,"column":12},"end":{"line":237,"column":22}}]},"20":{"line":262,"type":"if","locations":[{"start":{"line":262,"column":4},"end":{"line":262,"column":4}},{"start":{"line":262,"column":4},"end":{"line":262,"column":4}}]},"21":{"line":283,"type":"switch","locations":[{"start":{"line":284,"column":12},"end":{"line":286,"column":22}},{"start":{"line":287,"column":12},"end":{"line":289,"column":22}},{"start":{"line":290,"column":12},"end":{"line":292,"column":22}}]},"22":{"line":316,"type":"if","locations":[{"start":{"line":316,"column":4},"end":{"line":316,"column":4}},{"start":{"line":316,"column":4},"end":{"line":316,"column":4}}]},"23":{"line":337,"type":"switch","locations":[{"start":{"line":338,"column":16},"end":{"line":340,"column":26}}]},"24":{"line":364,"type":"if","locations":[{"start":{"line":364,"column":4},"end":{"line":364,"column":4}},{"start":{"line":364,"column":4},"end":{"line":364,"column":4}}]}},"code":["/* istanbul instrument in package github_crud */","/* istanbul ignore next */","/* jslint utility2:true */","(function (globalThis) {","    \"use strict\";","    var consoleError;","    var local;","    // init globalThis","    (function () {","        try {","            globalThis = Function(\"return this\")(); // jslint ignore:line","        } catch (ignore) {}","    }());","    globalThis.globalThis = globalThis;","    // init debug_inline","    if (!globalThis[\"debug\\u0049nline\"]) {","        consoleError = console.error;","        globalThis[\"debug\\u0049nline\"] = function () {","        /*","         * this function will both print <arguments> to stderr","         * and return <arguments>[0]","         */","            var argList;","            argList = Array.from(arguments); // jslint ignore:line","            // debug arguments","            globalThis[\"debug\\u0049nlineArguments\"] = argList;","            consoleError(\"\\n\\ndebug\\u0049nline\");","            consoleError.apply(console, argList);","            consoleError(\"\\n\");","            // return arg0 for inspection","            return argList[0];","        };","    }","    // init local","    local = {};","    local.local = local;","    globalThis.globalLocal = local;","    // init isBrowser","    local.isBrowser = (","        typeof window === \"object\"","        && window === globalThis","        && typeof window.XMLHttpRequest === \"function\"","        && window.document","        && typeof window.document.querySelector === \"function\"","    );","    // init function","    local.assertThrow = function (passed, message) {","    /*","     * this function will throw err.<message> if <passed> is falsy","     */","        var err;","        if (passed) {","            return;","        }","        err = (","            (","                message","                && typeof message.message === \"string\"","                && typeof message.stack === \"string\"","            )","            // if message is errObj, then leave as is","            ? message","            : new Error(","                typeof message === \"string\"","                // if message is a string, then leave as is","                ? message","                // else JSON.stringify message","                : JSON.stringify(message, null, 4)","            )","        );","        throw err;","    };","    local.functionOrNop = function (fnc) {","    /*","     * this function will if <fnc> exists,","     * them return <fnc>,","     * else return <nop>","     */","        return fnc || local.nop;","    };","    local.identity = function (value) {","    /*","     * this function will return <value>","     */","        return value;","    };","    local.nop = function () {","    /*","     * this function will do nothing","     */","        return;","    };","    local.objectAssignDefault = function (target, source) {","    /*","     * this function will if items from <target> are","     * null, undefined, or empty-string,","     * then overwrite them with items from <source>","     */","        target = target || {};","        Object.keys(source || {}).forEach(function (key) {","            if (","                target[key] === null","                || target[key] === undefined","                || target[key] === \"\"","            ) {","                target[key] = target[key] || source[key];","            }","        });","        return target;","    };","    // require builtin","    if (!local.isBrowser) {","        local.assert = require(\"assert\");","        local.buffer = require(\"buffer\");","        local.child_process = require(\"child_process\");","        local.cluster = require(\"cluster\");","        local.crypto = require(\"crypto\");","        local.dgram = require(\"dgram\");","        local.dns = require(\"dns\");","        local.domain = require(\"domain\");","        local.events = require(\"events\");","        local.fs = require(\"fs\");","        local.http = require(\"http\");","        local.https = require(\"https\");","        local.net = require(\"net\");","        local.os = require(\"os\");","        local.path = require(\"path\");","        local.querystring = require(\"querystring\");","        local.readline = require(\"readline\");","        local.repl = require(\"repl\");","        local.stream = require(\"stream\");","        local.string_decoder = require(\"string_decoder\");","        local.timers = require(\"timers\");","        local.tls = require(\"tls\");","        local.tty = require(\"tty\");","        local.url = require(\"url\");","        local.util = require(\"util\");","        local.vm = require(\"vm\");","        local.zlib = require(\"zlib\");","    }","}(this));","","","","(function (local) {","\"use strict\";","","","","// run shared js-env code - init-before","(function () {","// init local","local = (","    globalThis.utility2 || require(\"utility2\")",").requireReadme();","globalThis.local = local;","// init test","local.testRunDefault(local);","}());","","","","// run shared js-env code - function","(function () {","local.testCase_githubCrudContentDelete_tree = function (options, onError) {","/*"," * this function will test githubCrudContentDelete's tree handling-behavior"," */","    var httpReq;","    if (local.isBrowser) {","        onError(null, options);","        return;","    }","    httpReq = function (urlParsed, onRes) {","        onRes(httpReq, urlParsed);","        return httpReq;","    };","    httpReq.end = local.nop;","    httpReq.ii = -1;","    httpReq.on = function (type, onError) {","        httpReq.ii += 1;","        switch (type) {","        case \"data\":","            onError(Buffer.from(","                httpReq.ii","                ? \"{\\\"sha\\\":\\\"aa\\\"}\"","                : (","                    \"[{\\\"url\\\":\\\"https://github.com\"","                    + \"/:owner/:repo/blob/:branch/:path\\\"}]\"","                )","            ));","            break;","        case \"end\":","            onError();","            break;","        }","        return httpReq;","    };","    local.githubCrudContentDelete({","        httpReq,","        url: \"https://github.com/:owner/:repo/blob/:branch/:path\"","    }, onError);","};","","local.testCase_githubCrudContentXxx_default = function (options, onError) {","/*"," * this function will test githubCrudContentXxx's default handling-behavior"," */","    if (local.isBrowser) {","        onError(null, options);","        return;","    }","    local.onParallelList({","        list: [","            \"githubCrudAjax\",","            \"githubCrudContentDelete\",","            \"githubCrudContentGet\",","            \"githubCrudContentPut\",","            \"githubCrudContentPutFile\",","            \"githubCrudContentTouch\",","            \"githubCrudContentTouchList\"","        ]","    }, function (opt2, onParallel) {","        var httpReq;","        httpReq = function (urlParsed, onRes) {","            setTimeout(onRes, 0, httpReq, urlParsed);","            return httpReq;","        };","        httpReq.end = local.nop;","        httpReq.on = function (type, onError) {","            switch (type) {","            case \"data\":","                onError(Buffer.from(\"{\\\"sha\\\":\\\"aa\\\"}\"));","                break;","            case \"end\":","                setTimeout(onError);","                break;","            }","            return httpReq;","        };","        onParallel.counter += 1;","        local[opt2.elem]({","            content: \"aa\",","            file: \"https://github.com/:owner/:repo/blob/:branch/:path\",","            httpReq,","            url: \"https://github.com/:owner/:repo/blob/:branch/:path\",","            urlList: [","                \"https://github.com/:owner/:repo/blob/:branch/:path\"","            ]","        }, function (err) {","            // validate no err occurred","            local.assertThrow(!err, err);","            onParallel(null, options);","        });","    }, onError);","};","","local.testCase_githubCrudContentXxx_err = function (options, onError) {","/*"," * this function will test githubCrudContentXxx's err handling-behavior"," */","    if (local.isBrowser) {","        onError(null, options);","        return;","    }","    local.onParallelList({","        list: [","            \"githubCrudAjax\",","            \"githubCrudContentGet\",","            \"githubCrudContentPut\",","            \"githubCrudContentPutFile\",","            \"githubCrudContentTouch\",","            \"githubCrudContentTouchList\"","        ]","    }, function (opt2, onParallel) {","        var httpReq;","        httpReq = function (urlParsed, onRes) {","            setTimeout(onRes, 0, httpReq, urlParsed);","            return httpReq;","        };","        httpReq.end = local.nop;","        httpReq.on = function (type, onError) {","            switch (type) {","            case \"data\":","                onError(Buffer.from(\"{}\"));","                break;","            case \"end\":","                setTimeout(onError);","                break;","            case \"error\":","                setTimeout(onError, null, local.errDefault);","                break;","            }","            return httpReq;","        };","        onParallel.counter += 1;","        local[opt2.elem]({","            file: \"package.json\",","            httpReq,","            url: \"https://github.com/:owner/:repo/blob/:branch/:path/\",","            urlList: [","                \"error\"","            ]","        }, function (err) {","            // validate err occurred","            local.assertThrow(err, opt2);","            onParallel(null, options);","        });","    }, onError);","};","","local.testCase_githubCrudRepoXxxList_default = function (options, onError) {","/*"," * this function will test githubCrudRepoXxxList's default handling-behavior"," */","    if (local.isBrowser) {","        onError(null, options);","        return;","    }","    options = {};","    options.statusCode = 404;","    local.onParallelList({","        list: [","            \"githubCrudRepoCreateList\",","            \"githubCrudRepoDeleteList\"","        ]","    }, function (opt2, onParallel) {","        var httpReq;","        onParallel.counter += 1;","        httpReq = function (urlParsed, onRes) {","            var reqObj;","            reqObj = {};","            reqObj.statusCode = options.statusCode;","            options.statusCode = 0;","            reqObj.end = local.nop;","            reqObj.on = function (type, onError) {","                switch (type) {","                case \"end\":","                    setTimeout(onError);","                    break;","                }","                return reqObj;","            };","            setTimeout(onRes, 0, reqObj, urlParsed);","            return reqObj;","        };","        local[opt2.elem]({","            httpReq,","            urlList: [","                \"aa/bb\"","            ]","        }, function (err) {","            // validate no err occurred","            local.assertThrow(!err, err);","            onParallel(null, options);","        });","    }, onError);","};","","local.testCase_githubCrudRepoXxx_err = function (options, onError) {","/*"," * this function will test githubCrudRepoXxx's err handling-behavior"," */","    if (local.isBrowser) {","        onError(null, options);","        return;","    }","    local.onParallelList({","        list: [","            \"githubCrudRepoCreateList\",","            \"githubCrudRepoDeleteList\"","        ]","    }, function (opt2, onParallel) {","        onParallel.counter += 1;","        local[opt2.elem]({","            urlList: [","                \"undefined\"","            ]","        }, function (err) {","            // validate err occurred","            local.assertThrow(err, err);","            onParallel(null, options);","        });","    }, onError);","};","}());","}());",""],"l":{"4":2,"6":2,"7":2,"9":2,"10":2,"11":2,"14":2,"16":2,"17":1,"18":1,"23":1,"24":1,"26":1,"27":1,"28":1,"29":1,"31":1,"35":2,"36":2,"37":2,"39":2,"47":2,"51":1,"52":1,"53":1,"55":1,"71":1,"73":2,"79":1,"81":2,"85":1,"87":2,"91":1,"93":2,"99":1,"100":1,"101":1,"106":1,"109":1,"112":2,"113":1,"114":1,"115":1,"116":1,"117":1,"118":1,"119":1,"120":1,"121":1,"122":1,"123":1,"124":1,"125":1,"126":1,"127":1,"128":1,"129":1,"130":1,"131":1,"132":1,"133":1,"134":1,"135":1,"136":1,"137":1,"138":1,"139":1,"145":2,"151":2,"153":2,"156":2,"158":2,"164":2,"165":2,"169":2,"170":2,"171":1,"172":1,"174":1,"175":3,"176":3,"178":1,"179":1,"180":1,"181":12,"182":12,"184":3,"192":3,"194":3,"195":3,"197":12,"199":1,"205":2,"209":2,"210":1,"211":1,"213":1,"224":7,"225":7,"226":13,"227":13,"229":7,"230":7,"231":52,"233":13,"234":13,"236":13,"237":13,"239":52,"241":7,"242":7,"252":7,"253":7,"258":2,"262":2,"263":1,"264":1,"266":1,"276":6,"277":6,"278":8,"279":8,"281":6,"282":6,"283":32,"285":8,"286":8,"288":8,"289":8,"291":16,"292":16,"294":32,"296":6,"297":6,"306":6,"307":6,"312":2,"316":2,"317":1,"318":1,"320":1,"321":1,"322":1,"328":2,"329":2,"330":2,"331":3,"332":3,"333":3,"334":3,"335":3,"336":3,"337":12,"339":3,"340":3,"342":12,"344":3,"345":3,"347":2,"354":2,"355":2,"360":2,"364":2,"365":1,"366":1,"368":1,"374":2,"375":2,"381":2,"382":2}},"/home/travis/build/kaizhu256/node-github-crud/lib.github_crud.js":{"path":"/home/travis/build/kaizhu256/node-github-crud/lib.github_crud.js","s":{"1":1,"2":1,"3":1,"4":1,"5":1,"6":1,"7":1,"8":1,"9":0,"10":0,"11":0,"12":0,"13":0,"14":0,"15":0,"16":0,"17":0,"18":1,"19":1,"20":1,"21":1,"22":1,"23":17,"24":17,"25":17,"26":0,"27":0,"28":1,"29":27,"30":1,"31":54,"32":1,"33":344,"34":1,"35":54,"36":54,"37":270,"38":155,"39":54,"40":1,"41":1,"42":1,"43":1,"44":1,"45":1,"46":1,"47":1,"48":1,"49":1,"50":1,"51":1,"52":1,"53":1,"54":1,"55":1,"56":1,"57":1,"58":1,"59":1,"60":1,"61":1,"62":1,"63":1,"64":1,"65":1,"66":1,"67":1,"68":1,"69":1,"70":1,"71":1,"72":0,"73":1,"74":1,"75":1,"76":1,"77":27,"78":27,"79":27,"80":27,"81":27,"82":27,"83":27,"84":27,"85":27,"86":27,"87":27,"88":27,"89":27,"90":27,"91":27,"92":0,"93":0,"94":0,"95":0,"96":0,"97":27,"98":59,"99":16,"100":16,"101":16,"102":43,"103":43,"104":43,"105":16,"106":27,"107":27,"108":27,"109":27,"110":0,"111":0,"112":19,"113":1,"114":19,"115":27,"116":9,"117":9,"118":9,"119":9,"120":9,"121":27,"122":0,"123":0,"124":27,"125":27,"126":27,"127":0,"128":27,"129":22,"130":6,"131":16,"132":16,"133":0,"134":0,"135":27,"136":27,"137":27,"138":27,"139":27,"140":27,"141":27,"142":27,"143":9,"144":27,"145":27,"146":54,"147":54,"148":54,"149":3,"150":54,"151":3,"152":3,"153":27,"154":54,"155":490,"156":490,"157":54,"158":54,"159":54,"160":156,"161":54,"162":0,"163":54,"164":54,"165":54,"166":54,"167":27,"168":27,"169":27,"170":27,"171":27,"172":27,"173":27,"174":27,"175":27,"176":27,"177":27,"178":27,"179":24,"180":27,"181":27,"182":27,"183":27,"184":27,"185":27,"186":0,"187":27,"188":27,"189":27,"190":27,"191":27,"192":27,"193":27,"194":27,"195":0,"196":0,"197":0,"198":0,"199":27,"200":27,"201":27,"202":27,"203":27,"204":27,"205":27,"206":27,"207":0,"208":27,"209":0,"210":0,"211":0,"212":27,"213":27,"214":104,"215":27,"216":0,"217":0,"218":0,"219":0,"220":0,"221":0,"222":27,"223":27,"224":1,"225":0,"226":0,"227":0,"228":0,"229":0,"230":0,"231":0,"232":0,"233":0,"234":0,"235":0,"236":0,"237":0,"238":0,"239":0,"240":0,"241":0,"242":0,"243":0,"244":0,"245":0,"246":0,"247":0,"248":0,"249":0,"250":0,"251":0,"252":0,"253":0,"254":0,"255":0,"256":0,"257":0,"258":0,"259":0,"260":0,"261":0,"262":0,"263":0,"264":0,"265":0,"266":0,"267":0,"268":0,"269":0,"270":0,"271":0,"272":0,"273":0,"274":0,"275":0,"276":0,"277":0,"278":0,"279":0,"280":0,"281":0,"282":0,"283":0,"284":0,"285":0,"286":0,"287":0,"288":0,"289":0,"290":1,"291":15,"292":44,"293":44,"294":44,"295":0,"296":0,"297":0,"298":44,"299":1,"300":0,"301":1,"302":1,"303":15,"304":1,"305":26,"306":8,"307":26,"308":1,"309":26,"310":26,"311":26,"312":26,"313":55,"314":5,"315":55,"316":26,"317":0,"318":26,"319":1,"320":11,"321":11,"322":11,"323":11,"324":11,"325":35,"326":0,"327":35,"328":35,"329":0,"330":35,"331":3,"332":32,"333":3,"334":3,"335":32,"336":11,"337":11,"338":21,"339":11,"340":11,"341":1,"342":11,"343":11,"344":11,"345":11,"346":11,"347":32,"348":56,"349":31,"350":31,"351":25,"352":1,"353":24,"354":24,"355":11,"356":35,"357":0,"358":0,"359":0,"360":0,"361":0,"362":0,"363":35,"364":0,"365":0,"366":11,"367":11,"368":11,"369":11,"370":11,"371":11,"372":11,"373":1,"374":1,"375":29,"376":29,"377":29,"378":29,"379":29,"380":29,"381":29,"382":23,"383":23,"384":14,"385":23,"386":29,"387":3,"388":3,"389":1,"390":1,"391":1,"392":1,"393":1,"394":1,"395":3,"396":26,"397":3,"398":3,"399":3,"400":23,"401":9,"402":9,"403":9,"404":6,"405":9,"406":26,"407":26,"408":26,"409":26,"410":26,"411":26,"412":1,"413":3,"414":3,"415":9,"416":3,"417":3,"418":3,"419":2,"420":2,"421":1,"422":1,"423":1,"424":1,"425":3,"426":3,"427":3,"428":1,"429":2,"430":2,"431":5,"432":2,"433":2,"434":1,"435":1,"436":2,"437":2,"438":2,"439":1,"440":4,"441":4,"442":12,"443":4,"444":4,"445":4,"446":4,"447":4,"448":4,"449":4,"450":1,"451":2,"452":2,"453":6,"454":2,"455":1,"456":1,"457":1,"458":1,"459":1,"460":2,"461":2,"462":2,"463":2,"464":2,"465":1,"466":4,"467":4,"468":12,"469":4,"470":4,"471":4,"472":3,"473":4,"474":4,"475":4,"476":1,"477":2,"478":2,"479":2,"480":1,"481":2,"482":2,"483":1,"484":1,"485":1,"486":1,"487":2,"488":2,"489":2,"490":1,"491":2,"492":1,"493":2,"494":2,"495":2,"496":1,"497":1,"498":0,"499":1,"500":1,"501":0,"502":0,"503":1,"504":0,"505":0,"506":0,"507":0,"508":1,"509":0,"510":0,"511":1,"512":0,"513":0,"514":1,"515":0,"516":0,"517":1,"518":0,"519":0,"520":1,"521":0},"b":{"1":[0,1],"2":[1,0,0,0,0],"3":[17,0],"4":[0,0],"5":[0,0,0],"6":[0,0],"7":[27,0],"8":[54,0],"9":[54,0],"10":[155,115],"11":[270,270,126],"12":[155,155],"13":[1,0],"14":[1,1],"15":[0,1],"16":[27,27,0],"17":[27,0],"18":[27,0],"19":[0,0],"20":[0,0],"21":[0,0],"22":[16,43],"23":[16,5],"24":[43,23],"25":[0,16,43],"26":[16,27],"27":[0,0,19],"28":[27,19],"29":[1,18],"30":[9,18],"31":[9,5],"32":[0,9],"33":[0,27],"34":[27,22,3],"35":[0,27],"36":[22,22,0],"37":[27,22],"38":[6,16],"39":[9,18],"40":[27,9],"41":[3,51],"42":[490,0],"43":[54,54,0],"44":[54,0,54],"45":[0,54],"46":[54,54,54],"47":[54,43],"48":[27,0,0,0],"49":[0,0],"50":[27,0],"51":[27,0],"52":[27,0,0,0],"53":[27,3],"54":[0,27],"55":[27,3],"56":[0,0],"57":[27,0],"58":[0,27],"59":[27,0],"60":[0,27],"61":[0,0,27],"62":[27,14,13],"63":[0,0],"64":[0,0],"65":[0,0],"66":[0,0],"67":[0,0],"68":[0,0],"69":[0,0],"70":[0,0],"71":[0,0],"72":[0,0],"73":[0,0],"74":[0,0],"75":[0,0,0],"76":[0,0],"77":[0,0],"78":[0,0],"79":[0,0],"80":[0,0],"81":[0,0],"82":[0,0],"83":[0,0],"84":[0,0],"85":[0,0],"86":[0,0],"87":[0,0],"88":[0,0],"89":[0,0],"90":[2,42],"91":[44,10],"92":[0,44],"93":[0,0],"94":[0,0],"95":[0,0],"96":[0,1],"97":[8,18],"98":[5,50],"99":[55,13,13,5],"100":[11,0],"101":[11,0],"102":[0,35],"103":[0,35],"104":[35,3,3],"105":[3,32],"106":[3,29],"107":[11,21],"108":[11,0],"109":[31,25],"110":[1,24],"111":[0,35],"112":[35,3,0],"113":[0,35],"114":[35,27],"115":[11,11],"116":[11,11],"117":[29,29,29],"118":[29,15],"119":[14,9],"120":[3,26],"121":[1,1,1],"122":[3,23],"123":[9,14],"124":[9,9],"125":[6,3],"126":[9,4],"127":[26,9,8,8],"128":[26,26],"129":[26,3],"130":[3,3,3],"131":[2,1],"132":[3,3],"133":[2,1,2],"134":[1,1],"135":[2,1],"136":[4,4,4],"137":[2,2,2],"138":[1,1],"139":[1,1],"140":[1,1],"141":[4,4,4],"142":[4,3],"143":[1,1],"144":[2,2],"145":[0,1],"146":[0,1],"147":[1,0]},"f":{"1":1,"2":1,"3":0,"4":17,"5":27,"6":54,"7":344,"8":54,"9":270,"10":1,"11":1,"12":27,"13":0,"14":59,"15":0,"16":27,"17":54,"18":54,"19":490,"20":156,"21":27,"22":24,"23":27,"24":0,"25":0,"26":104,"27":0,"28":0,"29":0,"30":0,"31":0,"32":0,"33":0,"34":0,"35":0,"36":0,"37":15,"38":44,"39":26,"40":26,"41":55,"42":0,"43":11,"44":35,"45":11,"46":32,"47":35,"48":0,"49":1,"50":29,"51":23,"52":26,"53":3,"54":9,"55":1,"56":2,"57":5,"58":4,"59":12,"60":2,"61":6,"62":1,"63":4,"64":12,"65":2,"66":2,"67":2,"68":2,"69":2,"70":2,"71":2,"72":2,"73":2,"74":1,"75":0,"76":0,"77":0,"78":0,"79":0,"80":0,"81":0,"82":0,"83":0,"84":0,"85":0,"86":0},"fnMap":{"1":{"name":"(anonymous_1)","line":14,"loc":{"start":{"line":14,"column":1},"end":{"line":14,"column":23}},"skip":true},"2":{"name":"(anonymous_2)","line":19,"loc":{"start":{"line":19,"column":5},"end":{"line":19,"column":17}},"skip":true},"3":{"name":"(anonymous_3)","line":28,"loc":{"start":{"line":28,"column":41},"end":{"line":28,"column":53}},"skip":true},"4":{"name":"(anonymous_4)","line":57,"loc":{"start":{"line":57,"column":24},"end":{"line":57,"column":51}},"skip":true},"5":{"name":"(anonymous_5)","line":83,"loc":{"start":{"line":83,"column":26},"end":{"line":83,"column":41}},"skip":true},"6":{"name":"(anonymous_6)","line":91,"loc":{"start":{"line":91,"column":21},"end":{"line":91,"column":38}},"skip":true},"7":{"name":"(anonymous_7)","line":97,"loc":{"start":{"line":97,"column":16},"end":{"line":97,"column":28}},"skip":true},"8":{"name":"(anonymous_8)","line":103,"loc":{"start":{"line":103,"column":32},"end":{"line":103,"column":58}},"skip":true},"9":{"name":"(anonymous_9)","line":110,"loc":{"start":{"line":110,"column":42},"end":{"line":110,"column":57}},"skip":true},"10":{"name":"(anonymous_10)","line":155,"loc":{"start":{"line":155,"column":1},"end":{"line":155,"column":18}}},"11":{"name":"(anonymous_11)","line":162,"loc":{"start":{"line":162,"column":1},"end":{"line":162,"column":13}},"skip":true},"12":{"name":"(anonymous_12)","line":183,"loc":{"start":{"line":183,"column":13},"end":{"line":183,"column":37}},"skip":true},"13":{"name":"(anonymous_13)","line":215,"loc":{"start":{"line":215,"column":64},"end":{"line":218,"column":6}},"skip":true},"14":{"name":"(anonymous_14)","line":233,"loc":{"start":{"line":233,"column":14},"end":{"line":233,"column":29}},"skip":true},"15":{"name":"(anonymous_15)","line":295,"loc":{"start":{"line":295,"column":19},"end":{"line":295,"column":53}},"skip":true},"16":{"name":"(anonymous_16)","line":347,"loc":{"start":{"line":347,"column":15},"end":{"line":347,"column":35}},"skip":true},"17":{"name":"(anonymous_17)","line":353,"loc":{"start":{"line":353,"column":20},"end":{"line":353,"column":38}},"skip":true},"18":{"name":"(anonymous_18)","line":371,"loc":{"start":{"line":371,"column":14},"end":{"line":371,"column":26}},"skip":true},"19":{"name":"(anonymous_19)","line":376,"loc":{"start":{"line":376,"column":33},"end":{"line":376,"column":48}},"skip":true},"20":{"name":"(anonymous_20)","line":392,"loc":{"start":{"line":392,"column":41},"end":{"line":392,"column":56}},"skip":true},"21":{"name":"(anonymous_21)","line":427,"loc":{"start":{"line":427,"column":15},"end":{"line":427,"column":36}},"skip":true},"22":{"name":"(anonymous_22)","line":437,"loc":{"start":{"line":437,"column":33},"end":{"line":437,"column":50}},"skip":true},"23":{"name":"(anonymous_23)","line":440,"loc":{"start":{"line":440,"column":32},"end":{"line":440,"column":44}},"skip":true},"24":{"name":"(anonymous_24)","line":455,"loc":{"start":{"line":455,"column":20},"end":{"line":455,"column":32}},"skip":true},"25":{"name":"(anonymous_25)","line":474,"loc":{"start":{"line":474,"column":34},"end":{"line":474,"column":46}},"skip":true},"26":{"name":"(anonymous_26)","line":510,"loc":{"start":{"line":510,"column":37},"end":{"line":510,"column":52}},"skip":true},"27":{"name":"(anonymous_27)","line":521,"loc":{"start":{"line":521,"column":34},"end":{"line":521,"column":55}},"skip":true},"28":{"name":"(anonymous_28)","line":536,"loc":{"start":{"line":536,"column":15},"end":{"line":536,"column":30}},"skip":true},"29":{"name":"(anonymous_29)","line":540,"loc":{"start":{"line":540,"column":49},"end":{"line":540,"column":61}},"skip":true},"30":{"name":"(anonymous_30)","line":550,"loc":{"start":{"line":550,"column":49},"end":{"line":550,"column":61}},"skip":true},"31":{"name":"(anonymous_31)","line":585,"loc":{"start":{"line":585,"column":50},"end":{"line":585,"column":69}},"skip":true},"32":{"name":"(anonymous_32)","line":626,"loc":{"start":{"line":626,"column":35},"end":{"line":626,"column":51}},"skip":true},"33":{"name":"(anonymous_33)","line":628,"loc":{"start":{"line":628,"column":15},"end":{"line":628,"column":35}},"skip":true},"34":{"name":"(anonymous_34)","line":629,"loc":{"start":{"line":629,"column":47},"end":{"line":629,"column":63}},"skip":true},"35":{"name":"(anonymous_35)","line":661,"loc":{"start":{"line":661,"column":63},"end":{"line":661,"column":75}},"skip":true},"36":{"name":"(anonymous_36)","line":676,"loc":{"start":{"line":676,"column":55},"end":{"line":676,"column":67}},"skip":true},"37":{"name":"(anonymous_37)","line":700,"loc":{"start":{"line":700,"column":17},"end":{"line":700,"column":41}},"skip":true},"38":{"name":"(anonymous_38)","line":705,"loc":{"start":{"line":705,"column":42},"end":{"line":705,"column":69}},"skip":true},"39":{"name":"(anonymous_39)","line":734,"loc":{"start":{"line":734,"column":23},"end":{"line":734,"column":38}},"skip":true},"40":{"name":"(anonymous_40)","line":744,"loc":{"start":{"line":744,"column":25},"end":{"line":744,"column":44}},"skip":true},"41":{"name":"(anonymous_41)","line":754,"loc":{"start":{"line":754,"column":15},"end":{"line":754,"column":42}},"skip":true},"42":{"name":"(anonymous_42)","line":767,"loc":{"start":{"line":767,"column":24},"end":{"line":767,"column":36}},"skip":true},"43":{"name":"(anonymous_43)","line":773,"loc":{"start":{"line":773,"column":19},"end":{"line":773,"column":55}},"skip":true},"44":{"name":"(anonymous_44)","line":783,"loc":{"start":{"line":783,"column":17},"end":{"line":783,"column":38}},"skip":true},"45":{"name":"(anonymous_45)","line":817,"loc":{"start":{"line":817,"column":23},"end":{"line":817,"column":55}},"skip":true},"46":{"name":"(anonymous_46)","line":828,"loc":{"start":{"line":828,"column":14},"end":{"line":828,"column":26}},"skip":true},"47":{"name":"(anonymous_47)","line":846,"loc":{"start":{"line":846,"column":52},"end":{"line":846,"column":73}},"skip":true},"48":{"name":"(anonymous_48)","line":850,"loc":{"start":{"line":850,"column":23},"end":{"line":850,"column":35}},"skip":true},"49":{"name":"(anonymous_49)","line":875,"loc":{"start":{"line":875,"column":1},"end":{"line":875,"column":13}}},"50":{"name":"(anonymous_50)","line":876,"loc":{"start":{"line":876,"column":23},"end":{"line":876,"column":47}}},"51":{"name":"(anonymous_51)","line":923,"loc":{"start":{"line":923,"column":7},"end":{"line":923,"column":33}}},"52":{"name":"(anonymous_52)","line":980,"loc":{"start":{"line":980,"column":20},"end":{"line":980,"column":40}}},"53":{"name":"(anonymous_53)","line":1005,"loc":{"start":{"line":1005,"column":32},"end":{"line":1005,"column":56}}},"54":{"name":"(anonymous_54)","line":1015,"loc":{"start":{"line":1015,"column":24},"end":{"line":1015,"column":45}}},"55":{"name":"(anonymous_55)","line":1039,"loc":{"start":{"line":1039,"column":15},"end":{"line":1039,"column":46}}},"56":{"name":"(anonymous_56)","line":1057,"loc":{"start":{"line":1057,"column":29},"end":{"line":1057,"column":53}}},"57":{"name":"(anonymous_57)","line":1066,"loc":{"start":{"line":1066,"column":24},"end":{"line":1066,"column":45}}},"58":{"name":"(anonymous_58)","line":1085,"loc":{"start":{"line":1085,"column":29},"end":{"line":1085,"column":53}}},"59":{"name":"(anonymous_59)","line":1098,"loc":{"start":{"line":1098,"column":24},"end":{"line":1098,"column":45}}},"60":{"name":"(anonymous_60)","line":1126,"loc":{"start":{"line":1126,"column":33},"end":{"line":1126,"column":57}}},"61":{"name":"(anonymous_61)","line":1137,"loc":{"start":{"line":1137,"column":24},"end":{"line":1137,"column":45}}},"62":{"name":"(anonymous_62)","line":1147,"loc":{"start":{"line":1147,"column":19},"end":{"line":1147,"column":39}}},"63":{"name":"(anonymous_63)","line":1178,"loc":{"start":{"line":1178,"column":31},"end":{"line":1178,"column":55}}},"64":{"name":"(anonymous_64)","line":1189,"loc":{"start":{"line":1189,"column":24},"end":{"line":1189,"column":45}}},"65":{"name":"(anonymous_65)","line":1217,"loc":{"start":{"line":1217,"column":35},"end":{"line":1217,"column":59}}},"66":{"name":"(anonymous_66)","line":1224,"loc":{"start":{"line":1224,"column":7},"end":{"line":1224,"column":38}}},"67":{"name":"(anonymous_67)","line":1234,"loc":{"start":{"line":1234,"column":29},"end":{"line":1234,"column":53}}},"68":{"name":"(anonymous_68)","line":1243,"loc":{"start":{"line":1243,"column":7},"end":{"line":1243,"column":28}}},"69":{"name":"(anonymous_69)","line":1256,"loc":{"start":{"line":1256,"column":33},"end":{"line":1256,"column":57}}},"70":{"name":"(anonymous_70)","line":1263,"loc":{"start":{"line":1263,"column":7},"end":{"line":1263,"column":38}}},"71":{"name":"(anonymous_71)","line":1272,"loc":{"start":{"line":1272,"column":29},"end":{"line":1272,"column":53}}},"72":{"name":"(anonymous_72)","line":1284,"loc":{"start":{"line":1284,"column":33},"end":{"line":1284,"column":57}}},"73":{"name":"(anonymous_73)","line":1291,"loc":{"start":{"line":1291,"column":7},"end":{"line":1291,"column":38}}},"74":{"name":"(anonymous_74)","line":1305,"loc":{"start":{"line":1305,"column":1},"end":{"line":1305,"column":13}},"skip":true},"75":{"name":"(anonymous_75)","line":1313,"loc":{"start":{"line":1313,"column":23},"end":{"line":1313,"column":35}},"skip":true},"76":{"name":"(anonymous_76)","line":1321,"loc":{"start":{"line":1321,"column":7},"end":{"line":1321,"column":22}},"skip":true},"77":{"name":"(anonymous_77)","line":1326,"loc":{"start":{"line":1326,"column":20},"end":{"line":1326,"column":32}},"skip":true},"78":{"name":"(anonymous_78)","line":1333,"loc":{"start":{"line":1333,"column":7},"end":{"line":1333,"column":28}},"skip":true},"79":{"name":"(anonymous_79)","line":1341,"loc":{"start":{"line":1341,"column":20},"end":{"line":1341,"column":32}},"skip":true},"80":{"name":"(anonymous_80)","line":1350,"loc":{"start":{"line":1350,"column":7},"end":{"line":1350,"column":22}},"skip":true},"81":{"name":"(anonymous_81)","line":1355,"loc":{"start":{"line":1355,"column":28},"end":{"line":1355,"column":40}},"skip":true},"82":{"name":"(anonymous_82)","line":1364,"loc":{"start":{"line":1364,"column":7},"end":{"line":1364,"column":22}},"skip":true},"83":{"name":"(anonymous_83)","line":1369,"loc":{"start":{"line":1369,"column":28},"end":{"line":1369,"column":40}},"skip":true},"84":{"name":"(anonymous_84)","line":1378,"loc":{"start":{"line":1378,"column":7},"end":{"line":1378,"column":22}},"skip":true},"85":{"name":"(anonymous_85)","line":1383,"loc":{"start":{"line":1383,"column":22},"end":{"line":1383,"column":34}},"skip":true},"86":{"name":"(anonymous_86)","line":1393,"loc":{"start":{"line":1393,"column":7},"end":{"line":1393,"column":22}},"skip":true}},"statementMap":{"1":{"start":{"line":14,"column":0},"end":{"line":151,"column":9},"skip":true},"2":{"start":{"line":16,"column":4},"end":{"line":16,"column":21},"skip":true},"3":{"start":{"line":17,"column":4},"end":{"line":17,"column":14},"skip":true},"4":{"start":{"line":19,"column":4},"end":{"line":23,"column":9},"skip":true},"5":{"start":{"line":20,"column":8},"end":{"line":22,"column":27},"skip":true},"6":{"start":{"line":21,"column":12},"end":{"line":21,"column":51},"skip":true},"7":{"start":{"line":24,"column":4},"end":{"line":24,"column":39},"skip":true},"8":{"start":{"line":26,"column":4},"end":{"line":43,"column":5},"skip":true},"9":{"start":{"line":27,"column":8},"end":{"line":27,"column":37},"skip":true},"10":{"start":{"line":28,"column":8},"end":{"line":42,"column":10},"skip":true},"11":{"start":{"line":33,"column":12},"end":{"line":33,"column":24},"skip":true},"12":{"start":{"line":34,"column":12},"end":{"line":34,"column":44},"skip":true},"13":{"start":{"line":36,"column":12},"end":{"line":36,"column":62},"skip":true},"14":{"start":{"line":37,"column":12},"end":{"line":37,"column":49},"skip":true},"15":{"start":{"line":38,"column":12},"end":{"line":38,"column":49},"skip":true},"16":{"start":{"line":39,"column":12},"end":{"line":39,"column":31},"skip":true},"17":{"start":{"line":41,"column":12},"end":{"line":41,"column":30},"skip":true},"18":{"start":{"line":45,"column":4},"end":{"line":45,"column":15},"skip":true},"19":{"start":{"line":46,"column":4},"end":{"line":46,"column":24},"skip":true},"20":{"start":{"line":47,"column":4},"end":{"line":47,"column":35},"skip":true},"21":{"start":{"line":49,"column":4},"end":{"line":55,"column":6},"skip":true},"22":{"start":{"line":57,"column":4},"end":{"line":82,"column":6},"skip":true},"23":{"start":{"line":61,"column":8},"end":{"line":61,"column":16},"skip":true},"24":{"start":{"line":62,"column":8},"end":{"line":64,"column":9},"skip":true},"25":{"start":{"line":63,"column":12},"end":{"line":63,"column":19},"skip":true},"26":{"start":{"line":65,"column":8},"end":{"line":80,"column":10},"skip":true},"27":{"start":{"line":81,"column":8},"end":{"line":81,"column":18},"skip":true},"28":{"start":{"line":83,"column":4},"end":{"line":90,"column":6},"skip":true},"29":{"start":{"line":89,"column":8},"end":{"line":89,"column":32},"skip":true},"30":{"start":{"line":91,"column":4},"end":{"line":96,"column":6},"skip":true},"31":{"start":{"line":95,"column":8},"end":{"line":95,"column":21},"skip":true},"32":{"start":{"line":97,"column":4},"end":{"line":102,"column":6},"skip":true},"33":{"start":{"line":101,"column":8},"end":{"line":101,"column":15},"skip":true},"34":{"start":{"line":103,"column":4},"end":{"line":120,"column":6},"skip":true},"35":{"start":{"line":109,"column":8},"end":{"line":109,"column":30},"skip":true},"36":{"start":{"line":110,"column":8},"end":{"line":118,"column":11},"skip":true},"37":{"start":{"line":111,"column":12},"end":{"line":117,"column":13},"skip":true},"38":{"start":{"line":116,"column":16},"end":{"line":116,"column":57},"skip":true},"39":{"start":{"line":119,"column":8},"end":{"line":119,"column":22},"skip":true},"40":{"start":{"line":122,"column":4},"end":{"line":150,"column":5},"skip":true},"41":{"start":{"line":123,"column":8},"end":{"line":123,"column":41},"skip":true},"42":{"start":{"line":124,"column":8},"end":{"line":124,"column":41},"skip":true},"43":{"start":{"line":125,"column":8},"end":{"line":125,"column":55},"skip":true},"44":{"start":{"line":126,"column":8},"end":{"line":126,"column":43},"skip":true},"45":{"start":{"line":127,"column":8},"end":{"line":127,"column":41},"skip":true},"46":{"start":{"line":128,"column":8},"end":{"line":128,"column":39},"skip":true},"47":{"start":{"line":129,"column":8},"end":{"line":129,"column":35},"skip":true},"48":{"start":{"line":130,"column":8},"end":{"line":130,"column":41},"skip":true},"49":{"start":{"line":131,"column":8},"end":{"line":131,"column":41},"skip":true},"50":{"start":{"line":132,"column":8},"end":{"line":132,"column":33},"skip":true},"51":{"start":{"line":133,"column":8},"end":{"line":133,"column":37},"skip":true},"52":{"start":{"line":134,"column":8},"end":{"line":134,"column":39},"skip":true},"53":{"start":{"line":135,"column":8},"end":{"line":135,"column":35},"skip":true},"54":{"start":{"line":136,"column":8},"end":{"line":136,"column":33},"skip":true},"55":{"start":{"line":137,"column":8},"end":{"line":137,"column":37},"skip":true},"56":{"start":{"line":138,"column":8},"end":{"line":138,"column":51},"skip":true},"57":{"start":{"line":139,"column":8},"end":{"line":139,"column":45},"skip":true},"58":{"start":{"line":140,"column":8},"end":{"line":140,"column":37},"skip":true},"59":{"start":{"line":141,"column":8},"end":{"line":141,"column":41},"skip":true},"60":{"start":{"line":142,"column":8},"end":{"line":142,"column":57},"skip":true},"61":{"start":{"line":143,"column":8},"end":{"line":143,"column":41},"skip":true},"62":{"start":{"line":144,"column":8},"end":{"line":144,"column":35},"skip":true},"63":{"start":{"line":145,"column":8},"end":{"line":145,"column":35},"skip":true},"64":{"start":{"line":146,"column":8},"end":{"line":146,"column":35},"skip":true},"65":{"start":{"line":147,"column":8},"end":{"line":147,"column":37},"skip":true},"66":{"start":{"line":148,"column":8},"end":{"line":148,"column":33},"skip":true},"67":{"start":{"line":149,"column":8},"end":{"line":149,"column":37},"skip":true},"68":{"start":{"line":155,"column":0},"end":{"line":1403,"column":5}},"69":{"start":{"line":162,"column":0},"end":{"line":870,"column":5},"skip":true},"70":{"start":{"line":164,"column":0},"end":{"line":169,"column":2},"skip":true},"71":{"start":{"line":171,"column":0},"end":{"line":176,"column":1},"skip":true},"72":{"start":{"line":172,"column":4},"end":{"line":172,"column":44},"skip":true},"73":{"start":{"line":174,"column":4},"end":{"line":174,"column":27},"skip":true},"74":{"start":{"line":175,"column":4},"end":{"line":175,"column":41},"skip":true},"75":{"start":{"line":178,"column":0},"end":{"line":178,"column":26},"skip":true},"76":{"start":{"line":183,"column":0},"end":{"line":534,"column":2},"skip":true},"77":{"start":{"line":199,"column":4},"end":{"line":199,"column":27},"skip":true},"78":{"start":{"line":200,"column":4},"end":{"line":200,"column":32},"skip":true},"79":{"start":{"line":201,"column":4},"end":{"line":201,"column":15},"skip":true},"80":{"start":{"line":202,"column":4},"end":{"line":202,"column":15},"skip":true},"81":{"start":{"line":203,"column":4},"end":{"line":203,"column":17},"skip":true},"82":{"start":{"line":204,"column":4},"end":{"line":204,"column":16},"skip":true},"83":{"start":{"line":205,"column":4},"end":{"line":205,"column":14},"skip":true},"84":{"start":{"line":206,"column":4},"end":{"line":206,"column":22},"skip":true},"85":{"start":{"line":207,"column":4},"end":{"line":207,"column":16},"skip":true},"86":{"start":{"line":208,"column":4},"end":{"line":208,"column":12},"skip":true},"87":{"start":{"line":209,"column":4},"end":{"line":209,"column":12},"skip":true},"88":{"start":{"line":210,"column":4},"end":{"line":210,"column":16},"skip":true},"89":{"start":{"line":212,"column":4},"end":{"line":212,"column":48},"skip":true},"90":{"start":{"line":214,"column":4},"end":{"line":214,"column":64},"skip":true},"91":{"start":{"line":215,"column":4},"end":{"line":232,"column":6},"skip":true},"92":{"start":{"line":224,"column":8},"end":{"line":226,"column":9},"skip":true},"93":{"start":{"line":225,"column":12},"end":{"line":225,"column":38},"skip":true},"94":{"start":{"line":228,"column":8},"end":{"line":230,"column":9},"skip":true},"95":{"start":{"line":229,"column":12},"end":{"line":229,"column":30},"skip":true},"96":{"start":{"line":231,"column":8},"end":{"line":231,"column":19},"skip":true},"97":{"start":{"line":233,"column":4},"end":{"line":344,"column":6},"skip":true},"98":{"start":{"line":237,"column":8},"end":{"line":243,"column":9},"skip":true},"99":{"start":{"line":238,"column":12},"end":{"line":238,"column":37},"skip":true},"100":{"start":{"line":239,"column":12},"end":{"line":241,"column":15},"skip":true},"101":{"start":{"line":242,"column":12},"end":{"line":242,"column":19},"skip":true},"102":{"start":{"line":245,"column":8},"end":{"line":245,"column":60},"skip":true},"103":{"start":{"line":246,"column":8},"end":{"line":343,"column":9},"skip":true},"104":{"start":{"line":250,"column":12},"end":{"line":252,"column":13},"skip":true},"105":{"start":{"line":251,"column":16},"end":{"line":251,"column":23},"skip":true},"106":{"start":{"line":253,"column":12},"end":{"line":253,"column":26},"skip":true},"107":{"start":{"line":255,"column":12},"end":{"line":258,"column":14},"skip":true},"108":{"start":{"line":259,"column":12},"end":{"line":259,"column":33},"skip":true},"109":{"start":{"line":261,"column":12},"end":{"line":273,"column":13},"skip":true},"110":{"start":{"line":264,"column":16},"end":{"line":264,"column":64},"skip":true},"111":{"start":{"line":265,"column":16},"end":{"line":265,"column":22},"skip":true},"112":{"start":{"line":267,"column":16},"end":{"line":271,"column":17},"skip":true},"113":{"start":{"line":268,"column":20},"end":{"line":270,"column":22},"skip":true},"114":{"start":{"line":272,"column":16},"end":{"line":272,"column":22},"skip":true},"115":{"start":{"line":275,"column":12},"end":{"line":289,"column":13},"skip":true},"116":{"start":{"line":276,"column":16},"end":{"line":276,"column":55},"skip":true},"117":{"start":{"line":277,"column":16},"end":{"line":277,"column":52},"skip":true},"118":{"start":{"line":278,"column":16},"end":{"line":286,"column":18},"skip":true},"119":{"start":{"line":287,"column":16},"end":{"line":287,"column":56},"skip":true},"120":{"start":{"line":288,"column":16},"end":{"line":288,"column":52},"skip":true},"121":{"start":{"line":292,"column":12},"end":{"line":298,"column":13},"skip":true},"122":{"start":{"line":293,"column":16},"end":{"line":297,"column":19},"skip":true},"123":{"start":{"line":296,"column":20},"end":{"line":296,"column":66},"skip":true},"124":{"start":{"line":300,"column":12},"end":{"line":303,"column":18},"skip":true},"125":{"start":{"line":304,"column":12},"end":{"line":304,"column":57},"skip":true},"126":{"start":{"line":305,"column":12},"end":{"line":316,"column":13},"skip":true},"127":{"start":{"line":306,"column":16},"end":{"line":315,"column":20},"skip":true},"128":{"start":{"line":319,"column":12},"end":{"line":335,"column":13},"skip":true},"129":{"start":{"line":324,"column":16},"end":{"line":326,"column":17},"skip":true},"130":{"start":{"line":325,"column":20},"end":{"line":325,"column":26},"skip":true},"131":{"start":{"line":327,"column":16},"end":{"line":330,"column":18},"skip":true},"132":{"start":{"line":331,"column":16},"end":{"line":331,"column":22},"skip":true},"133":{"start":{"line":333,"column":16},"end":{"line":333,"column":75},"skip":true},"134":{"start":{"line":334,"column":16},"end":{"line":334,"column":22},"skip":true},"135":{"start":{"line":337,"column":12},"end":{"line":337,"column":43},"skip":true},"136":{"start":{"line":339,"column":12},"end":{"line":339,"column":41},"skip":true},"137":{"start":{"line":340,"column":12},"end":{"line":340,"column":41},"skip":true},"138":{"start":{"line":341,"column":12},"end":{"line":341,"column":35},"skip":true},"139":{"start":{"line":342,"column":12},"end":{"line":342,"column":18},"skip":true},"140":{"start":{"line":346,"column":4},"end":{"line":346,"column":30},"skip":true},"141":{"start":{"line":347,"column":4},"end":{"line":352,"column":6},"skip":true},"142":{"start":{"line":348,"column":8},"end":{"line":350,"column":9},"skip":true},"143":{"start":{"line":349,"column":12},"end":{"line":349,"column":38},"skip":true},"144":{"start":{"line":351,"column":8},"end":{"line":351,"column":26},"skip":true},"145":{"start":{"line":353,"column":4},"end":{"line":370,"column":6},"skip":true},"146":{"start":{"line":357,"column":8},"end":{"line":357,"column":16},"skip":true},"147":{"start":{"line":359,"column":8},"end":{"line":363,"column":9},"skip":true},"148":{"start":{"line":360,"column":12},"end":{"line":360,"column":25},"skip":true},"149":{"start":{"line":362,"column":12},"end":{"line":362,"column":28},"skip":true},"150":{"start":{"line":365,"column":8},"end":{"line":369,"column":9},"skip":true},"151":{"start":{"line":366,"column":12},"end":{"line":368,"column":31},"skip":true},"152":{"start":{"line":367,"column":16},"end":{"line":367,"column":33},"skip":true},"153":{"start":{"line":371,"column":4},"end":{"line":409,"column":6},"skip":true},"154":{"start":{"line":376,"column":8},"end":{"line":380,"column":11},"skip":true},"155":{"start":{"line":377,"column":12},"end":{"line":379,"column":13},"skip":true},"156":{"start":{"line":378,"column":16},"end":{"line":378,"column":36},"skip":true},"157":{"start":{"line":382,"column":8},"end":{"line":382,"column":64},"skip":true},"158":{"start":{"line":384,"column":8},"end":{"line":390,"column":11},"skip":true},"159":{"start":{"line":392,"column":8},"end":{"line":394,"column":11},"skip":true},"160":{"start":{"line":393,"column":12},"end":{"line":393,"column":62},"skip":true},"161":{"start":{"line":396,"column":8},"end":{"line":403,"column":9},"skip":true},"162":{"start":{"line":402,"column":12},"end":{"line":402,"column":62},"skip":true},"163":{"start":{"line":405,"column":8},"end":{"line":405,"column":31},"skip":true},"164":{"start":{"line":406,"column":8},"end":{"line":406,"column":30},"skip":true},"165":{"start":{"line":407,"column":8},"end":{"line":407,"column":28},"skip":true},"166":{"start":{"line":408,"column":8},"end":{"line":408,"column":52},"skip":true},"167":{"start":{"line":411,"column":4},"end":{"line":416,"column":6},"skip":true},"168":{"start":{"line":418,"column":4},"end":{"line":470,"column":5},"skip":true},"169":{"start":{"line":419,"column":8},"end":{"line":419,"column":79},"skip":true},"170":{"start":{"line":421,"column":8},"end":{"line":421,"column":18},"skip":true},"171":{"start":{"line":423,"column":8},"end":{"line":454,"column":11},"skip":true},"172":{"start":{"line":431,"column":12},"end":{"line":431,"column":26},"skip":true},"173":{"start":{"line":432,"column":12},"end":{"line":432,"column":27},"skip":true},"174":{"start":{"line":433,"column":12},"end":{"line":433,"column":71},"skip":true},"175":{"start":{"line":434,"column":12},"end":{"line":434,"column":38},"skip":true},"176":{"start":{"line":435,"column":12},"end":{"line":435,"column":50},"skip":true},"177":{"start":{"line":436,"column":12},"end":{"line":436,"column":37},"skip":true},"178":{"start":{"line":437,"column":12},"end":{"line":439,"column":15},"skip":true},"179":{"start":{"line":438,"column":16},"end":{"line":438,"column":38},"skip":true},"180":{"start":{"line":440,"column":12},"end":{"line":452,"column":15},"skip":true},"181":{"start":{"line":441,"column":16},"end":{"line":445,"column":18},"skip":true},"182":{"start":{"line":446,"column":16},"end":{"line":448,"column":18},"skip":true},"183":{"start":{"line":449,"column":16},"end":{"line":451,"column":19},"skip":true},"184":{"start":{"line":453,"column":12},"end":{"line":453,"column":47},"skip":true},"185":{"start":{"line":455,"column":8},"end":{"line":463,"column":10},"skip":true},"186":{"start":{"line":460,"column":12},"end":{"line":462,"column":15},"skip":true},"187":{"start":{"line":464,"column":8},"end":{"line":464,"column":41},"skip":true},"188":{"start":{"line":465,"column":8},"end":{"line":465,"column":29},"skip":true},"189":{"start":{"line":466,"column":8},"end":{"line":466,"column":28},"skip":true},"190":{"start":{"line":467,"column":8},"end":{"line":467,"column":27},"skip":true},"191":{"start":{"line":468,"column":8},"end":{"line":468,"column":41},"skip":true},"192":{"start":{"line":469,"column":8},"end":{"line":469,"column":33},"skip":true},"193":{"start":{"line":472,"column":4},"end":{"line":472,"column":14},"skip":true},"194":{"start":{"line":474,"column":4},"end":{"line":483,"column":16},"skip":true},"195":{"start":{"line":475,"column":8},"end":{"line":478,"column":10},"skip":true},"196":{"start":{"line":479,"column":8},"end":{"line":479,"column":20},"skip":true},"197":{"start":{"line":481,"column":8},"end":{"line":481,"column":37},"skip":true},"198":{"start":{"line":482,"column":8},"end":{"line":482,"column":37},"skip":true},"199":{"start":{"line":485,"column":4},"end":{"line":485,"column":65},"skip":true},"200":{"start":{"line":486,"column":4},"end":{"line":486,"column":36},"skip":true},"201":{"start":{"line":488,"column":4},"end":{"line":488,"column":47},"skip":true},"202":{"start":{"line":489,"column":4},"end":{"line":489,"column":47},"skip":true},"203":{"start":{"line":490,"column":4},"end":{"line":490,"column":46},"skip":true},"204":{"start":{"line":491,"column":4},"end":{"line":491,"column":58},"skip":true},"205":{"start":{"line":492,"column":4},"end":{"line":492,"column":57},"skip":true},"206":{"start":{"line":494,"column":4},"end":{"line":496,"column":5},"skip":true},"207":{"start":{"line":495,"column":8},"end":{"line":495,"column":68},"skip":true},"208":{"start":{"line":498,"column":4},"end":{"line":508,"column":5},"skip":true},"209":{"start":{"line":499,"column":8},"end":{"line":499,"column":71},"skip":true},"210":{"start":{"line":500,"column":8},"end":{"line":503,"column":10},"skip":true},"211":{"start":{"line":504,"column":8},"end":{"line":504,"column":59},"skip":true},"212":{"start":{"line":507,"column":8},"end":{"line":507,"column":38},"skip":true},"213":{"start":{"line":510,"column":4},"end":{"line":512,"column":7},"skip":true},"214":{"start":{"line":511,"column":8},"end":{"line":511,"column":52},"skip":true},"215":{"start":{"line":514,"column":4},"end":{"line":532,"column":5},"skip":true},"216":{"start":{"line":521,"column":8},"end":{"line":528,"column":11},"skip":true},"217":{"start":{"line":522,"column":12},"end":{"line":525,"column":13},"skip":true},"218":{"start":{"line":523,"column":16},"end":{"line":523,"column":33},"skip":true},"219":{"start":{"line":524,"column":16},"end":{"line":524,"column":23},"skip":true},"220":{"start":{"line":527,"column":12},"end":{"line":527,"column":27},"skip":true},"221":{"start":{"line":529,"column":8},"end":{"line":529,"column":14},"skip":true},"222":{"start":{"line":531,"column":8},"end":{"line":531,"column":27},"skip":true},"223":{"start":{"line":533,"column":4},"end":{"line":533,"column":15},"skip":true},"224":{"start":{"line":536,"column":0},"end":{"line":698,"column":2},"skip":true},"225":{"start":{"line":540,"column":4},"end":{"line":547,"column":6},"skip":true},"226":{"start":{"line":545,"column":8},"end":{"line":545,"column":33},"skip":true},"227":{"start":{"line":546,"column":8},"end":{"line":546,"column":51},"skip":true},"228":{"start":{"line":548,"column":4},"end":{"line":548,"column":77},"skip":true},"229":{"start":{"line":549,"column":4},"end":{"line":549,"column":69},"skip":true},"230":{"start":{"line":550,"column":4},"end":{"line":656,"column":6},"skip":true},"231":{"start":{"line":555,"column":8},"end":{"line":555,"column":24},"skip":true},"232":{"start":{"line":556,"column":8},"end":{"line":556,"column":17},"skip":true},"233":{"start":{"line":557,"column":8},"end":{"line":557,"column":24},"skip":true},"234":{"start":{"line":558,"column":8},"end":{"line":558,"column":17},"skip":true},"235":{"start":{"line":559,"column":8},"end":{"line":559,"column":21},"skip":true},"236":{"start":{"line":560,"column":8},"end":{"line":574,"column":10},"skip":true},"237":{"start":{"line":575,"column":8},"end":{"line":577,"column":15},"skip":true},"238":{"start":{"line":578,"column":8},"end":{"line":578,"column":37},"skip":true},"239":{"start":{"line":579,"column":8},"end":{"line":579,"column":48},"skip":true},"240":{"start":{"line":581,"column":8},"end":{"line":583,"column":10},"skip":true},"241":{"start":{"line":584,"column":8},"end":{"line":584,"column":22},"skip":true},"242":{"start":{"line":585,"column":8},"end":{"line":623,"column":11},"skip":true},"243":{"start":{"line":586,"column":12},"end":{"line":588,"column":13},"skip":true},"244":{"start":{"line":587,"column":16},"end":{"line":587,"column":23},"skip":true},"245":{"start":{"line":589,"column":12},"end":{"line":589,"column":46},"skip":true},"246":{"start":{"line":590,"column":12},"end":{"line":592,"column":13},"skip":true},"247":{"start":{"line":591,"column":16},"end":{"line":591,"column":25},"skip":true},"248":{"start":{"line":593,"column":12},"end":{"line":593,"column":56},"skip":true},"249":{"start":{"line":594,"column":12},"end":{"line":594,"column":32},"skip":true},"250":{"start":{"line":595,"column":12},"end":{"line":598,"column":13},"skip":true},"251":{"start":{"line":596,"column":16},"end":{"line":596,"column":50},"skip":true},"252":{"start":{"line":597,"column":16},"end":{"line":597,"column":23},"skip":true},"253":{"start":{"line":599,"column":12},"end":{"line":622,"column":13},"skip":true},"254":{"start":{"line":600,"column":16},"end":{"line":600,"column":60},"skip":true},"255":{"start":{"line":601,"column":16},"end":{"line":607,"column":18},"skip":true},"256":{"start":{"line":609,"column":16},"end":{"line":621,"column":19},"skip":true},"257":{"start":{"line":624,"column":8},"end":{"line":624,"column":18},"skip":true},"258":{"start":{"line":625,"column":8},"end":{"line":625,"column":72},"skip":true},"259":{"start":{"line":626,"column":8},"end":{"line":654,"column":24},"skip":true},"260":{"start":{"line":627,"column":12},"end":{"line":627,"column":24},"skip":true},"261":{"start":{"line":629,"column":12},"end":{"line":631,"column":15},"skip":true},"262":{"start":{"line":630,"column":16},"end":{"line":630,"column":28},"skip":true},"263":{"start":{"line":632,"column":12},"end":{"line":646,"column":13},"skip":true},"264":{"start":{"line":635,"column":16},"end":{"line":637,"column":18},"skip":true},"265":{"start":{"line":638,"column":16},"end":{"line":638,"column":22},"skip":true},"266":{"start":{"line":640,"column":16},"end":{"line":640,"column":55},"skip":true},"267":{"start":{"line":641,"column":16},"end":{"line":645,"column":18},"skip":true},"268":{"start":{"line":647,"column":12},"end":{"line":653,"column":14},"skip":true},"269":{"start":{"line":655,"column":8},"end":{"line":655,"column":26},"skip":true},"270":{"start":{"line":657,"column":4},"end":{"line":657,"column":77},"skip":true},"271":{"start":{"line":658,"column":4},"end":{"line":658,"column":69},"skip":true},"272":{"start":{"line":659,"column":4},"end":{"line":659,"column":75},"skip":true},"273":{"start":{"line":660,"column":4},"end":{"line":660,"column":67},"skip":true},"274":{"start":{"line":661,"column":4},"end":{"line":670,"column":6},"skip":true},"275":{"start":{"line":666,"column":8},"end":{"line":666,"column":33},"skip":true},"276":{"start":{"line":667,"column":8},"end":{"line":669,"column":11},"skip":true},"277":{"start":{"line":671,"column":4},"end":{"line":674,"column":6},"skip":true},"278":{"start":{"line":675,"column":4},"end":{"line":675,"column":76},"skip":true},"279":{"start":{"line":676,"column":4},"end":{"line":682,"column":6},"skip":true},"280":{"start":{"line":681,"column":8},"end":{"line":681,"column":66},"skip":true},"281":{"start":{"line":683,"column":4},"end":{"line":686,"column":6},"skip":true},"282":{"start":{"line":687,"column":4},"end":{"line":687,"column":72},"skip":true},"283":{"start":{"line":689,"column":4},"end":{"line":692,"column":5},"skip":true},"284":{"start":{"line":690,"column":8},"end":{"line":690,"column":30},"skip":true},"285":{"start":{"line":691,"column":8},"end":{"line":691,"column":15},"skip":true},"286":{"start":{"line":693,"column":4},"end":{"line":696,"column":5},"skip":true},"287":{"start":{"line":694,"column":8},"end":{"line":694,"column":41},"skip":true},"288":{"start":{"line":695,"column":8},"end":{"line":695,"column":15},"skip":true},"289":{"start":{"line":697,"column":4},"end":{"line":697,"column":29},"skip":true},"290":{"start":{"line":700,"column":0},"end":{"line":732,"column":2},"skip":true},"291":{"start":{"line":705,"column":4},"end":{"line":730,"column":7},"skip":true},"292":{"start":{"line":706,"column":8},"end":{"line":729,"column":9},"skip":true},"293":{"start":{"line":707,"column":12},"end":{"line":711,"column":14},"skip":true},"294":{"start":{"line":712,"column":12},"end":{"line":720,"column":13},"skip":true},"295":{"start":{"line":713,"column":16},"end":{"line":716,"column":20},"skip":true},"296":{"start":{"line":717,"column":16},"end":{"line":719,"column":17},"skip":true},"297":{"start":{"line":718,"column":20},"end":{"line":718,"column":45},"skip":true},"298":{"start":{"line":721,"column":12},"end":{"line":721,"column":37},"skip":true},"299":{"start":{"line":724,"column":12},"end":{"line":726,"column":13},"skip":true},"300":{"start":{"line":725,"column":16},"end":{"line":725,"column":55},"skip":true},"301":{"start":{"line":727,"column":12},"end":{"line":727,"column":38},"skip":true},"302":{"start":{"line":728,"column":12},"end":{"line":728,"column":48},"skip":true},"303":{"start":{"line":731,"column":4},"end":{"line":731,"column":15},"skip":true},"304":{"start":{"line":734,"column":0},"end":{"line":742,"column":2},"skip":true},"305":{"start":{"line":738,"column":4},"end":{"line":740,"column":5},"skip":true},"306":{"start":{"line":739,"column":8},"end":{"line":739,"column":27},"skip":true},"307":{"start":{"line":741,"column":4},"end":{"line":741,"column":15},"skip":true},"308":{"start":{"line":744,"column":0},"end":{"line":771,"column":2},"skip":true},"309":{"start":{"line":749,"column":4},"end":{"line":749,"column":17},"skip":true},"310":{"start":{"line":750,"column":4},"end":{"line":750,"column":14},"skip":true},"311":{"start":{"line":751,"column":4},"end":{"line":753,"column":13},"skip":true},"312":{"start":{
[...]
               message: opt.message,","                // resolve file in url","                url: (","                    (","                        /\\/$/","                    ).test(opt.url)","                    ? opt.url + local.path.basename(opt.file)","                    : opt.url","                )","            }, opt.gotoNext);","            break;","        default:","            onError(err, data);","        }","    });","    opt.gotoState = 0;","    opt.gotoNext();","};","","local.githubCrudContentTouch = function (opt, onError) {","/*"," * this function will touch github-file <opt>.url"," * https://developer.github.com/v3/repos/contents/#update-a-file"," */","    opt = {","        httpReq: opt.httpReq,","        message: opt.message,","        modeErrorIgnore: true,","        url: opt.url","    };","    local.gotoNext(opt, function (err, data) {","        switch (opt.gotoState) {","        case 1:","            // get sha","            local.githubCrudAjax({","                httpReq: opt.httpReq,","                url: opt.url","            }, opt.gotoNext);","            break;","        case 2:","            // put file with sha","            local.githubCrudAjax({","                content: Buffer.from(data.content || \"\", \"base64\"),","                httpReq: opt.httpReq,","                message: opt.message,","                method: \"PUT\",","                sha: data.sha,","                url: opt.url","            }, opt.gotoNext);","            break;","        default:","            onError(err, data);","        }","    });","    opt.gotoState = 0;","    opt.gotoNext();","};","","local.githubCrudContentTouchList = function (opt, onError) {","/*"," * this function will touch github-files <opt>.urlList in parallel"," * https://developer.github.com/v3/repos/contents/#update-a-file"," */","    local.onParallelList({","        list: opt.urlList","    }, function (option2, onParallel) {","        onParallel.counter += 1;","        local.githubCrudContentTouch({","            httpReq: opt.httpReq,","            message: opt.message,","            url: option2.elem","        }, onParallel);","    }, onError);","};","","local.githubCrudRepoCreate = function (opt, onError) {","/*"," * this function will create github-repo <opt>.url"," * https://developer.github.com/v3/repos/#create"," */","    local.githubCrudAjax({","        httpReq: opt.httpReq,","        method: \"POST_ORG\",","        url: opt.url","    }, function (err, data) {","        if (!(err && err.statusCode === 404)) {","            onError(err, data);","            return;","        }","        local.githubCrudAjax({","            httpReq: opt.httpReq,","            method: \"POST_USER\",","            url: opt.url","        }, onError);","    });","};","","local.githubCrudRepoCreateList = function (opt, onError) {","/*"," * this function will create github-repos <opt>.urlList in parallel"," * https://developer.github.com/v3/repos/#create"," */","    local.onParallelList({","        list: opt.urlList","    }, function (option2, onParallel) {","        onParallel.counter += 1;","        local.githubCrudRepoCreate({","            httpReq: opt.httpReq,","            url: option2.elem","        }, onParallel);","    }, onError);","};","","local.githubCrudRepoDelete = function (opt, onError) {","/*"," * this function will delete github-repo <opt>.url"," * https://developer.github.com/v3/repos/#delete-a-repository"," */","    local.githubCrudAjax({","        httpReq: opt.httpReq,","        method: \"DELETE\",","        url: opt.url","    }, onError);","};","","local.githubCrudRepoDeleteList = function (opt, onError) {","/*"," * this function will delete github-repos <opt>.urlList in parallel"," * https://developer.github.com/v3/repos/#delete-a-repository"," */","    local.onParallelList({","        list: opt.urlList","    }, function (option2, onParallel) {","        onParallel.counter += 1;","        local.githubCrudRepoDelete({","            httpReq: opt.httpReq,","            url: option2.elem","        }, onParallel);","    }, onError);","};","}());","","","","// run node js-env code - init-after","/* istanbul ignore next */","(function () {","if (local.isBrowser) {","    return;","}","","","","local.cliDict = {};","local.cliDict.delete = function () {","/*"," * <fileRemote|dirRemote> <commitMessage>"," * will delete from github <fileRemote|dirRemote>"," */","    local.github_crud.githubCrudContentDelete({","        message: process.argv[4],","        url: process.argv[3]","    }, function (err) {","        process.exit(Boolean(err));","    });","};","","local.cliDict.get = function () {","/*"," * <fileRemote>"," * will get from github <fileRemote>"," */","    local.github_crud.githubCrudContentGet({","        url: process.argv[3]","    }, function (err, data) {","        try {","            process.stdout.write(data);","        } catch (ignore) {}","        process.exit(Boolean(err));","    });","};","","local.cliDict.put = function () {","/*"," * <fileRemote> <fileLocal> <commitMessage>"," * will put on github <fileRemote> to <fileLocal>"," */","    local.github_crud.githubCrudContentPutFile({","        message: process.argv[5],","        url: process.argv[3],","        file: process.argv[4]","    }, function (err) {","        process.exit(Boolean(err));","    });","};","","local.cliDict.repo_create = function () {","/*"," * <repoList>"," * will create on github in parallel, comma-separated <repoList>"," */","    local.github_crud.githubCrudRepoCreateList({","        urlList: process.argv[3].split(","            /[,\\s]/g","        ).filter(local.identity)","    }, function (err) {","        process.exit(Boolean(err));","    });","};","","local.cliDict.repo_delete = function () {","/*"," * <repoList>"," * will delete from github in parallel, comma-separated <repoList>"," */","    local.github_crud.githubCrudRepoDeleteList({","        urlList: process.argv[3].split(","            /[,\\s]/g","        ).filter(local.identity)","    }, function (err) {","        process.exit(Boolean(err));","    });","};","","local.cliDict.touch = function () {","/*"," * <fileRemoteList> <commitMessage>"," * will touch on github in parallel, comma-separated <fileRemoteList>"," */","    local.github_crud.githubCrudContentTouchList({","        message: process.argv[4],","        urlList: process.argv[3].split(","            /[,\\s]/g","        ).filter(local.identity)","    }, function (err) {","        process.exit(Boolean(err));","    });","};","","// run the cli","if (module === require.main && !globalThis.utility2_rollup) {","    local.cliRun();","}","}());","}());",""],"l":{"14":1,"16":1,"17":1,"19":1,"20":1,"21":1,"24":1,"26":1,"27":1,"28":1,"33":1,"34":1,"36":1,"37":1,"38":1,"39":1,"41":1,"45":1,"46":1,"47":1,"49":1,"57":1,"61":17,"62":17,"63":17,"65":1,"81":1,"83":1,"89":27,"91":1,"95":54,"97":1,"101":344,"103":1,"109":54,"110":54,"111":270,"116":155,"119":54,"122":1,"123":1,"124":1,"125":1,"126":1,"127":1,"128":1,"129":1,"130":1,"131":1,"132":1,"133":1,"134":1,"135":1,"136":1,"137":1,"138":1,"139":1,"140":1,"141":1,"142":1,"143":1,"144":1,"145":1,"146":1,"147":1,"148":1,"149":1,"155":1,"162":1,"164":1,"171":1,"172":1,"174":1,"175":1,"178":1,"183":1,"199":27,"200":27,"201":27,"202":27,"203":27,"204":27,"205":27,"206":27,"207":27,"208":27,"209":27,"210":27,"212":27,"214":27,"215":27,"224":1,"225":1,"228":1,"229":1,"231":1,"233":27,"237":59,"238":16,"239":16,"242":16,"245":43,"246":43,"250":43,"251":16,"253":27,"255":27,"259":27,"261":27,"264":1,"265":1,"267":19,"268":1,"272":19,"275":27,"276":9,"277":9,"278":9,"287":9,"288":9,"292":27,"293":1,"296":1,"300":27,"304":27,"305":27,"306":1,"319":27,"324":22,"325":6,"327":16,"331":16,"333":1,"334":1,"337":27,"339":27,"340":27,"341":27,"342":27,"346":27,"347":27,"348":27,"349":9,"351":27,"353":27,"357":54,"359":54,"360":54,"362":3,"365":54,"366":3,"367":3,"371":27,"376":54,"377":490,"378":490,"382":54,"384":54,"392":54,"393":156,"396":54,"402":1,"405":54,"406":54,"407":54,"408":54,"411":27,"418":27,"419":27,"421":27,"423":27,"431":27,"432":27,"433":27,"434":27,"435":27,"436":27,"437":27,"438":24,"440":27,"441":27,"446":27,"449":27,"453":27,"455":27,"460":1,"464":27,"465":27,"466":27,"467":27,"468":27,"469":27,"472":27,"474":27,"475":1,"479":1,"481":1,"482":1,"485":27,"486":27,"488":27,"489":27,"490":27,"491":27,"492":27,"494":27,"495":1,"498":27,"499":1,"500":1,"504":1,"507":27,"510":27,"511":104,"514":27,"521":1,"522":1,"523":1,"524":1,"527":1,"529":1,"531":27,"533":27,"536":1,"540":1,"545":1,"546":1,"548":1,"549":1,"550":1,"555":1,"556":1,"557":1,"558":1,"559":1,"560":1,"575":1,"578":1,"579":1,"581":1,"584":1,"585":1,"586":1,"587":1,"589":1,"590":1,"591":1,"593":1,"594":1,"595":1,"596":1,"597":1,"599":1,"600":1,"601":1,"609":1,"624":1,"625":1,"626":1,"627":1,"629":1,"630":1,"632":1,"635":1,"638":1,"640":1,"641":1,"647":1,"655":1,"657":1,"658":1,"659":1,"660":1,"661":1,"666":1,"667":1,"671":1,"675":1,"676":1,"681":1,"683":1,"687":1,"689":1,"690":1,"691":1,"693":1,"694":1,"695":1,"697":1,"700":1,"705":15,"706":44,"707":44,"712":44,"713":1,"717":1,"718":1,"721":44,"724":1,"725":1,"727":1,"728":1,"731":15,"734":1,"738":26,"739":8,"741":26,"744":1,"749":26,"750":26,"751":26,"754":26,"756":55,"762":5,"764":55,"767":26,"768":1,"770":26,"773":1,"779":11,"780":11,"781":11,"782":11,"783":11,"784":35,"785":1,"788":35,"790":35,"791":1,"795":35,"796":3,"799":32,"800":3,"802":3,"805":32,"806":11,"807":11,"809":21,"812":11,"814":11,"817":1,"824":11,"825":11,"826":11,"827":11,"828":11,"829":32,"830":56,"831":31,"832":31,"834":25,"835":1,"837":24,"838":24,"846":11,"847":35,"848":1,"849":1,"850":1,"851":1,"852":1,"854":1,"857":35,"858":1,"859":1,"862":11,"863":11,"864":11,"865":11,"866":11,"867":11,"868":11,"875":1,"876":1,"882":29,"902":29,"906":29,"910":29,"914":29,"918":29,"921":29,"924":23,"925":23,"926":14,"928":23,"930":29,"933":3,"936":3,"938":1,"942":1,"944":1,"948":1,"950":1,"951":1,"953":3,"955":26,"956":3,"957":3,"958":3,"960":23,"961":9,"968":9,"969":9,"970":6,"972":9,"980":26,"981":26,"989":26,"995":26,"996":26,"998":26,"1005":1,"1010":3,"1015":3,"1016":9,"1019":3,"1023":3,"1026":3,"1027":2,"1034":2,"1037":1,"1040":1,"1042":1,"1048":1,"1050":3,"1053":3,"1054":3,"1057":1,"1062":2,"1066":2,"1067":5,"1069":2,"1073":2,"1075":1,"1076":1,"1078":2,"1081":2,"1082":2,"1085":1,"1091":4,"1098":4,"1099":12,"1102":4,"1106":4,"1109":4,"1117":4,"1119":4,"1122":4,"1123":4,"1126":1,"1131":2,"1137":2,"1138":6,"1141":2,"1144":1,"1148":1,"1150":1,"1153":1,"1154":1,"1156":2,"1169":2,"1171":2,"1174":2,"1175":2,"1178":1,"1183":4,"1189":4,"1190":12,"1193":4,"1197":4,"1200":4,"1208":3,"1210":4,"1213":4,"1214":4,"1217":1,"1222":2,"1225":2,"1226":2,"1234":1,"1239":2,"1244":2,"1245":1,"1246":1,"1248":1,"1256":1,"1261":2,"1264":2,"1265":2,"1272":1,"1277":2,"1284":1,"1289":2,"1292":2,"1293":2,"1305":1,"1306":1,"1307":1,"1312":1,"1313":1,"1318":1,"1322":1,"1326":1,"1331":1,"1334":1,"1335":1,"1337":1,"1341":1,"1346":1,"1351":1,"1355":1,"1360":1,"1365":1,"1369":1,"1374":1,"1379":1,"1383":1,"1388":1,"1394":1,"1399":1,"1400":1}},"/home/travis/build/kaizhu256/node-github-crud/example.js":{"path":"/home/travis/build/kaizhu256/node-github-crud/example.js","s":{"1":2,"2":2,"3":1,"4":1,"5":1,"6":1,"7":1,"8":1,"9":1,"10":1,"11":0,"12":1,"13":1,"14":1,"15":0,"16":1,"17":1,"18":1,"19":1,"20":0,"21":0,"22":0,"23":0,"24":0,"25":0,"26":0,"27":0,"28":0,"29":0,"30":0,"31":0,"32":0,"33":0,"34":0,"35":1},"b":{"1":[1,1],"2":[0,1],"3":[1,0,0,0,0],"4":[0,1],"5":[1,1],"6":[1,0],"7":[1,1]},"f":{"1":2,"2":1},"fnMap":{"1":{"name":"(anonymous_1)","line":133,"loc":{"start":{"line":133,"column":1},"end":{"line":133,"column":13}}},"2":{"name":"(anonymous_2)","line":157,"loc":{"start":{"line":157,"column":11},"end":{"line":157,"column":32}},"skip":true}},"statementMap":{"1":{"start":{"line":133,"column":0},"end":{"line":221,"column":5}},"2":{"start":{"line":142,"column":0},"end":{"line":142,"column":32}},"3":{"start":{"line":143,"column":0},"end":{"line":143,"column":55}},"4":{"start":{"line":145,"column":0},"end":{"line":145,"column":66}},"5":{"start":{"line":152,"column":0},"end":{"line":152,"column":13}},"6":{"start":{"line":153,"column":0},"end":{"line":153,"column":14}},"7":{"start":{"line":154,"column":0},"end":{"line":154,"column":10}},"8":{"start":{"line":155,"column":0},"end":{"line":155,"column":14}},"9":{"start":{"line":157,"column":0},"end":{"line":219,"column":2},"skip":true},"10":{"start":{"line":158,"column":4},"end":{"line":160,"column":5},"skip":true},"11":{"start":{"line":159,"column":8},"end":{"line":159,"column":27},"skip":true},"12":{"start":{"line":161,"column":4},"end":{"line":161,"column":19},"skip":true},"13":{"start":{"line":162,"column":4},"end":{"line":218,"column":5},"skip":true},"14":{"start":{"line":165,"column":8},"end":{"line":170,"column":9},"skip":true},"15":{"start":{"line":169,"column":12},"end":{"line":169,"column":19},"skip":true},"16":{"start":{"line":171,"column":8},"end":{"line":171,"column":50},"skip":true},"17":{"start":{"line":172,"column":8},"end":{"line":172,"column":31},"skip":true},"18":{"start":{"line":173,"column":8},"end":{"line":178,"column":9},"skip":true},"19":{"start":{"line":177,"column":12},"end":{"line":177,"column":19},"skip":true},"20":{"start":{"line":179,"column":8},"end":{"line":179,"column":19},"skip":true},"21":{"start":{"line":180,"column":8},"end":{"line":180,"column":14},"skip":true},"22":{"start":{"line":183,"column":8},"end":{"line":183,"column":68},"skip":true},"23":{"start":{"line":184,"column":8},"end":{"line":189,"column":21},"skip":true},"24":{"start":{"line":190,"column":8},"end":{"line":190,"column":14},"skip":true},"25":{"start":{"line":193,"column":8},"end":{"line":193,"column":68},"skip":true},"26":{"start":{"line":194,"column":8},"end":{"line":197,"column":21},"skip":true},"27":{"start":{"line":198,"column":8},"end":{"line":198,"column":14},"skip":true},"28":{"start":{"line":201,"column":8},"end":{"line":201,"column":36},"skip":true},"29":{"start":{"line":202,"column":8},"end":{"line":202,"column":70},"skip":true},"30":{"start":{"line":203,"column":8},"end":{"line":207,"column":21},"skip":true},"31":{"start":{"line":208,"column":8},"end":{"line":208,"column":14},"skip":true},"32":{"start":{"line":211,"column":8},"end":{"line":211,"column":71},"skip":true},"33":{"start":{"line":212,"column":8},"end":{"line":216,"column":21},"skip":true},"34":{"start":{"line":217,"column":8},"end":{"line":217,"column":14},"skip":true},"35":{"start":{"line":220,"column":0},"end":{"line":220,"column":11}}},"branchMap":{"1":{"line":145,"type":"binary-expr","locations":[{"start":{"line":145,"column":27},"end":{"line":145,"column":51}},{"start":{"line":145,"column":55},"end":{"line":145,"column":65}}]},"2":{"line":158,"type":"if","locations":[{"start":{"line":158,"column":4},"end":{"line":158,"column":4},"skip":true},{"start":{"line":158,"column":4},"end":{"line":158,"column":4},"skip":true}]},"3":{"line":162,"type":"switch","locations":[{"start":{"line":164,"column":4},"end":{"line":180,"column":14},"skip":true},{"start":{"line":182,"column":4},"end":{"line":190,"column":14},"skip":true},{"start":{"line":192,"column":4},"end":{"line":198,"column":14},"skip":true},{"start":{"line":200,"column":4},"end":{"line":208,"column":14},"skip":true},{"start":{"line":210,"column":4},"end":{"line":217,"column":14},"skip":true}]},"4":{"line":165,"type":"if","locations":[{"start":{"line":165,"column":8},"end":{"line":165,"column":8},"skip":true},{"start":{"line":165,"column":8},"end":{"line":165,"column":8},"skip":true}]},"5":{"line":166,"type":"binary-expr","locations":[{"start":{"line":166,"column":12},"end":{"line":166,"column":38},"skip":true},{"start":{"line":167,"column":15},"end":{"line":167,"column":37},"skip":true}]},"6":{"line":173,"type":"if","locations":[{"start":{"line":173,"column":8},"end":{"line":173,"column":8},"skip":true},{"start":{"line":173,"column":8},"end":{"line":173,"column":8},"skip":true}]},"7":{"line":174,"type":"binary-expr","locations":[{"start":{"line":174,"column":12},"end":{"line":174,"column":52},"skip":true},{"start":{"line":175,"column":15},"end":{"line":175,"column":47},"skip":true}]}},"code":["","","","","","","","","","","","","","","","","","","","","","","","","","","","","","","","","","","","","","","","","","","","","","","","","","","","","","","","","","","","","","","","","","","","","","","","","","","","","","","","","","","","","","","","","","","","","","","","","","","","","","","","","","","","","","","","","","","","/*","example.js","","this script will run a web-demo of github-crud","","instruction","    1. save this script as example.js","    2. edit env vars below","    3. run the shell command:","        $ npm install kaizhu256/node-github-crud#alpha && node example.js","    4. edit this script to suit your needs","*/","","","","/* istanbul instrument in package github_crud */","/* jslint utility2:true */","(function () {","\"use strict\";","","","","/*"," * edit begin"," * edit env vars below"," */","process.env.BRANCH = \"gh-pages\";","process.env.GITHUB_REPO = \"kaizhu256/node-github-crud\";","// get $GITHUB_TOKEN from https://github.com/settings/tokens","process.env.GITHUB_TOKEN = process.env.GITHUB_TOKEN || \"xxxxxxxx\";","/*"," * edit end"," */","","","","var gotoNext;","var gotoState;","var local;","gotoState = 0;","/* istanbul ignore next */","gotoNext = function (err, data) {","    if (err) {","        console.error(err);","    }","    gotoState += 1;","    switch (gotoState) {","    // init","    case 1:","        if (","            typeof window === \"object\"","            || global.utility2_rollup // jslint ignore:line","        ) {","            return;","        }","        local = globalThis.utility2_moduleExports;","        module.exports = local;","        if (","            process.env.npm_config_mode_auto_restart","            || process.env.npm_config_mode_test","        ) {","            return;","        }","        gotoNext();","        break;","    // test github-crud put","    case 2:","        console.error(\"\\n\\n\\ngithub-crud put /foo/bar/hello.txt\\n\");","        local.githubCrudContentPut({","            content: \"hello world\\n\",","            message: \"commit message 1\",","            url: \"https://github.com/\" + process.env.GITHUB_REPO + \"/blob/\"","            + process.env.BRANCH + \"/foo/bar/hello.txt\"","        }, gotoNext);","        break;","    // test github-crud get","    case 3:","        console.error(\"\\n\\n\\ngithub-crud get /foo/bar/hello.txt\\n\");","        local.githubCrudContentGet({","            url: \"https://github.com/\" + process.env.GITHUB_REPO + \"/blob/\"","            + process.env.BRANCH + \"/foo/bar/hello.txt\"","        }, gotoNext);","        break;","    // test github-crud touch","    case 4:","        console.error(String(data));","        console.error(\"\\n\\n\\ngithub-crud touch /foo/bar/hello.txt\\n\");","        local.githubCrudContentTouch({","            message: \"commit message 2\",","            url: \"https://github.com/\" + process.env.GITHUB_REPO + \"/blob/\"","            + process.env.BRANCH + \"/foo/bar/hello.txt\"","        }, gotoNext);","        break;","    // test github-crud delete","    case 5:","        console.error(\"\\n\\n\\ngithub-crud delete /foo/bar/hello.txt\\n\");","        local.githubCrudContentDelete({","            message: \"commit message 3\",","            url: \"https://github.com/\" + process.env.GITHUB_REPO + \"/blob/\"","            + process.env.BRANCH + \"/foo/bar/hello.txt\"","        }, gotoNext);","        break;","    }","};","gotoNext();","}());"],"l":{"133":2,"142":2,"143":1,"145":1,"152":1,"153":1,"154":1,"155":1,"157":1,"158":1,"159":1,"161":1,"162":1,"165":1,"169":1,"171":1,"172":1,"173":1,"177":1,"179":1,"180":1,"183":1,"184":1,"190":1,"193":1,"194":1,"198":1,"201":1,"202":1,"203":1,"208":1,"211":1,"212":1,"217":1,"220":1}}}