{"/home/travis/build/kaizhu256/node-github-crud/test.js":{"path":"/home/travis/build/kaizhu256/node-github-crud/test.js","s":{"1":2,"2":2,"3":2,"4":2,"5":2,"6":2,"7":2,"8":2,"9":0,"10":0,"11":0,"12":0,"13":0,"14":0,"15":0,"16":0,"17":0,"18":2,"19":2,"20":2,"21":2,"22":2,"23":0,"24":0,"25":0,"26":0,"27":0,"28":2,"29":0,"30":2,"31":0,"32":2,"33":0,"34":2,"35":0,"36":0,"37":0,"38":0,"39":2,"40":1,"41":1,"42":1,"43":1,"44":1,"45":1,"46":1,"47":1,"48":1,"49":1,"50":1,"51":1,"52":1,"53":1,"54":1,"55":1,"56":1,"57":1,"58":1,"59":1,"60":1,"61":1,"62":1,"63":1,"64":1,"65":1,"66":1,"67":2,"68":2,"69":2,"70":2,"71":2,"72":2,"73":2,"74":2,"75":2,"76":1,"77":1,"78":1,"79":3,"80":3,"81":1,"82":1,"83":1,"84":12,"85":12,"86":3,"87":3,"88":3,"89":3,"90":12,"91":1,"92":2,"93":2,"94":1,"95":1,"96":1,"97":7,"98":7,"99":13,"100":13,"101":7,"102":7,"103":52,"104":13,"105":13,"106":13,"107":13,"108":52,"109":7,"110":7,"111":7,"112":7,"113":2,"114":2,"115":1,"116":1,"117":1,"118":6,"119":6,"120":8,"121":8,"122":6,"123":6,"124":32,"125":8,"126":8,"127":8,"128":8,"129":16,"130":16,"131":32,"132":6,"133":6,"134":6,"135":6,"136":2,"137":2,"138":1,"139":1,"140":1,"141":1,"142":1,"143":2,"144":2,"145":2,"146":3,"147":3,"148":3,"149":3,"150":3,"151":3,"152":12,"153":3,"154":3,"155":12,"156":3,"157":3,"158":2,"159":2,"160":2,"161":2,"162":2,"163":1,"164":1,"165":1,"166":2,"167":2,"168":2,"169":2},"b":{"1":[0,2],"2":[2,1,1,1,1],"3":[0,0],"4":[0,0],"5":[0,0,0],"6":[0,0],"7":[0,0],"8":[0,0],"9":[0,0,0],"10":[0,0],"11":[1,1],"12":[2,1],"13":[1,1],"14":[3,3],"15":[2,1],"16":[1,1],"17":[13,13],"18":[1,1],"19":[8,8,16],"20":[1,1],"21":[3],"22":[1,1]},"f":{"1":2,"2":2,"3":0,"4":0,"5":0,"6":0,"7":0,"8":0,"9":0,"10":2,"11":2,"12":2,"13":2,"14":3,"15":12,"16":2,"17":7,"18":13,"19":52,"20":7,"21":2,"22":6,"23":8,"24":32,"25":6,"26":2,"27":2,"28":3,"29":12,"30":2,"31":2,"32":2,"33":2},"fnMap":{"1":{"name":"(anonymous_1)","line":4,"loc":{"start":{"line":4,"column":1},"end":{"line":4,"column":23}},"skip":true},"2":{"name":"(anonymous_2)","line":9,"loc":{"start":{"line":9,"column":5},"end":{"line":9,"column":17}},"skip":true},"3":{"name":"(anonymous_3)","line":18,"loc":{"start":{"line":18,"column":41},"end":{"line":18,"column":53}},"skip":true},"4":{"name":"(anonymous_4)","line":47,"loc":{"start":{"line":47,"column":24},"end":{"line":47,"column":51}},"skip":true},"5":{"name":"(anonymous_5)","line":74,"loc":{"start":{"line":74,"column":26},"end":{"line":74,"column":41}},"skip":true},"6":{"name":"(anonymous_6)","line":82,"loc":{"start":{"line":82,"column":21},"end":{"line":82,"column":38}},"skip":true},"7":{"name":"(anonymous_7)","line":88,"loc":{"start":{"line":88,"column":16},"end":{"line":88,"column":28}},"skip":true},"8":{"name":"(anonymous_8)","line":94,"loc":{"start":{"line":94,"column":32},"end":{"line":94,"column":58}},"skip":true},"9":{"name":"(anonymous_9)","line":100,"loc":{"start":{"line":100,"column":36},"end":{"line":100,"column":51}},"skip":true},"10":{"name":"(anonymous_10)","line":145,"loc":{"start":{"line":145,"column":1},"end":{"line":145,"column":18}}},"11":{"name":"(anonymous_11)","line":151,"loc":{"start":{"line":151,"column":1},"end":{"line":151,"column":13}}},"12":{"name":"(anonymous_12)","line":162,"loc":{"start":{"line":162,"column":1},"end":{"line":162,"column":13}}},"13":{"name":"(anonymous_13)","line":163,"loc":{"start":{"line":163,"column":46},"end":{"line":163,"column":74}}},"14":{"name":"(anonymous_14)","line":172,"loc":{"start":{"line":172,"column":18},"end":{"line":172,"column":51}}},"15":{"name":"(anonymous_15)","line":178,"loc":{"start":{"line":178,"column":21},"end":{"line":178,"column":46}}},"16":{"name":"(anonymous_16)","line":203,"loc":{"start":{"line":203,"column":46},"end":{"line":203,"column":74}}},"17":{"name":"(anonymous_17)","line":221,"loc":{"start":{"line":221,"column":7},"end":{"line":221,"column":39}}},"18":{"name":"(anonymous_18)","line":223,"loc":{"start":{"line":223,"column":22},"end":{"line":223,"column":55}}},"19":{"name":"(anonymous_19)","line":228,"loc":{"start":{"line":228,"column":25},"end":{"line":228,"column":50}}},"20":{"name":"(anonymous_20)","line":246,"loc":{"start":{"line":246,"column":11},"end":{"line":246,"column":28}}},"21":{"name":"(anonymous_21)","line":254,"loc":{"start":{"line":254,"column":44},"end":{"line":254,"column":72}}},"22":{"name":"(anonymous_22)","line":271,"loc":{"start":{"line":271,"column":7},"end":{"line":271,"column":39}}},"23":{"name":"(anonymous_23)","line":273,"loc":{"start":{"line":273,"column":22},"end":{"line":273,"column":55}}},"24":{"name":"(anonymous_24)","line":278,"loc":{"start":{"line":278,"column":25},"end":{"line":278,"column":50}}},"25":{"name":"(anonymous_25)","line":298,"loc":{"start":{"line":298,"column":11},"end":{"line":298,"column":28}}},"26":{"name":"(anonymous_26)","line":306,"loc":{"start":{"line":306,"column":47},"end":{"line":306,"column":75}}},"27":{"name":"(anonymous_27)","line":321,"loc":{"start":{"line":321,"column":7},"end":{"line":321,"column":39}}},"28":{"name":"(anonymous_28)","line":324,"loc":{"start":{"line":324,"column":22},"end":{"line":324,"column":55}}},"29":{"name":"(anonymous_29)","line":330,"loc":{"start":{"line":330,"column":28},"end":{"line":330,"column":53}}},"30":{"name":"(anonymous_30)","line":344,"loc":{"start":{"line":344,"column":11},"end":{"line":344,"column":28}}},"31":{"name":"(anonymous_31)","line":352,"loc":{"start":{"line":352,"column":41},"end":{"line":352,"column":69}}},"32":{"name":"(anonymous_32)","line":365,"loc":{"start":{"line":365,"column":7},"end":{"line":365,"column":39}}},"33":{"name":"(anonymous_33)","line":369,"loc":{"start":{"line":369,"column":11},"end":{"line":369,"column":28}}}},"statementMap":{"1":{"start":{"line":4,"column":0},"end":{"line":141,"column":9},"skip":true},"2":{"start":{"line":6,"column":4},"end":{"line":6,"column":21},"skip":true},"3":{"start":{"line":7,"column":4},"end":{"line":7,"column":14},"skip":true},"4":{"start":{"line":9,"column":4},"end":{"line":13,"column":9},"skip":true},"5":{"start":{"line":10,"column":8},"end":{"line":12,"column":27},"skip":true},"6":{"start":{"line":11,"column":12},"end":{"line":11,"column":51},"skip":true},"7":{"start":{"line":14,"column":4},"end":{"line":14,"column":39},"skip":true},"8":{"start":{"line":16,"column":4},"end":{"line":33,"column":5},"skip":true},"9":{"start":{"line":17,"column":8},"end":{"line":17,"column":37},"skip":true},"10":{"start":{"line":18,"column":8},"end":{"line":32,"column":10},"skip":true},"11":{"start":{"line":23,"column":12},"end":{"line":23,"column":24},"skip":true},"12":{"start":{"line":24,"column":12},"end":{"line":24,"column":44},"skip":true},"13":{"start":{"line":26,"column":12},"end":{"line":26,"column":62},"skip":true},"14":{"start":{"line":27,"column":12},"end":{"line":27,"column":49},"skip":true},"15":{"start":{"line":28,"column":12},"end":{"line":28,"column":49},"skip":true},"16":{"start":{"line":29,"column":12},"end":{"line":29,"column":31},"skip":true},"17":{"start":{"line":31,"column":12},"end":{"line":31,"column":30},"skip":true},"18":{"start":{"line":35,"column":4},"end":{"line":35,"column":15},"skip":true},"19":{"start":{"line":36,"column":4},"end":{"line":36,"column":24},"skip":true},"20":{"start":{"line":37,"column":4},"end":{"line":37,"column":35},"skip":true},"21":{"start":{"line":39,"column":4},"end":{"line":45,"column":6},"skip":true},"22":{"start":{"line":47,"column":4},"end":{"line":73,"column":6},"skip":true},"23":{"start":{"line":51,"column":8},"end":{"line":51,"column":18},"skip":true},"24":{"start":{"line":52,"column":8},"end":{"line":54,"column":9},"skip":true},"25":{"start":{"line":53,"column":12},"end":{"line":53,"column":19},"skip":true},"26":{"start":{"line":55,"column":8},"end":{"line":71,"column":10},"skip":true},"27":{"start":{"line":72,"column":8},"end":{"line":72,"column":20},"skip":true},"28":{"start":{"line":74,"column":4},"end":{"line":81,"column":6},"skip":true},"29":{"start":{"line":80,"column":8},"end":{"line":80,"column":32},"skip":true},"30":{"start":{"line":82,"column":4},"end":{"line":87,"column":6},"skip":true},"31":{"start":{"line":86,"column":8},"end":{"line":86,"column":21},"skip":true},"32":{"start":{"line":88,"column":4},"end":{"line":93,"column":6},"skip":true},"33":{"start":{"line":92,"column":8},"end":{"line":92,"column":15},"skip":true},"34":{"start":{"line":94,"column":4},"end":{"line":110,"column":6},"skip":true},"35":{"start":{"line":100,"column":8},"end":{"line":108,"column":11},"skip":true},"36":{"start":{"line":101,"column":12},"end":{"line":107,"column":13},"skip":true},"37":{"start":{"line":106,"column":16},"end":{"line":106,"column":57},"skip":true},"38":{"start":{"line":109,"column":8},"end":{"line":109,"column":22},"skip":true},"39":{"start":{"line":112,"column":4},"end":{"line":140,"column":5},"skip":true},"40":{"start":{"line":113,"column":8},"end":{"line":113,"column":41},"skip":true},"41":{"start":{"line":114,"column":8},"end":{"line":114,"column":41},"skip":true},"42":{"start":{"line":115,"column":8},"end":{"line":115,"column":55},"skip":true},"43":{"start":{"line":116,"column":8},"end":{"line":116,"column":43},"skip":true},"44":{"start":{"line":117,"column":8},"end":{"line":117,"column":41},"skip":true},"45":{"start":{"line":118,"column":8},"end":{"line":118,"column":39},"skip":true},"46":{"start":{"line":119,"column":8},"end":{"line":119,"column":35},"skip":true},"47":{"start":{"line":120,"column":8},"end":{"line":120,"column":41},"skip":true},"48":{"start":{"line":121,"column":8},"end":{"line":121,"column":41},"skip":true},"49":{"start":{"line":122,"column":8},"end":{"line":122,"column":33},"skip":true},"50":{"start":{"line":123,"column":8},"end":{"line":123,"column":37},"skip":true},"51":{"start":{"line":124,"column":8},"end":{"line":124,"column":39},"skip":true},"52":{"start":{"line":125,"column":8},"end":{"line":125,"column":35},"skip":true},"53":{"start":{"line":126,"column":8},"end":{"line":126,"column":33},"skip":true},"54":{"start":{"line":127,"column":8},"end":{"line":127,"column":37},"skip":true},"55":{"start":{"line":128,"column":8},"end":{"line":128,"column":51},"skip":true},"56":{"start":{"line":129,"column":8},"end":{"line":129,"column":45},"skip":true},"57":{"start":{"line":130,"column":8},"end":{"line":130,"column":37},"skip":true},"58":{"start":{"line":131,"column":8},"end":{"line":131,"column":41},"skip":true},"59":{"start":{"line":132,"column":8},"end":{"line":132,"column":57},"skip":true},"60":{"start":{"line":133,"column":8},"end":{"line":133,"column":41},"skip":true},"61":{"start":{"line":134,"column":8},"end":{"line":134,"column":35},"skip":true},"62":{"start":{"line":135,"column":8},"end":{"line":135,"column":35},"skip":true},"63":{"start":{"line":136,"column":8},"end":{"line":136,"column":35},"skip":true},"64":{"start":{"line":137,"column":8},"end":{"line":137,"column":37},"skip":true},"65":{"start":{"line":138,"column":8},"end":{"line":138,"column":33},"skip":true},"66":{"start":{"line":139,"column":8},"end":{"line":139,"column":37},"skip":true},"67":{"start":{"line":145,"column":0},"end":{"line":380,"column":5}},"68":{"start":{"line":151,"column":0},"end":{"line":157,"column":5}},"69":{"start":{"line":153,"column":0},"end":{"line":153,"column":69}},"70":{"start":{"line":154,"column":0},"end":{"line":154,"column":25}},"71":{"start":{"line":156,"column":0},"end":{"line":156,"column":28}},"72":{"start":{"line":162,"column":0},"end":{"line":376,"column":5}},"73":{"start":{"line":163,"column":0},"end":{"line":201,"column":2}},"74":{"start":{"line":167,"column":4},"end":{"line":167,"column":20}},"75":{"start":{"line":168,"column":4},"end":{"line":171,"column":5}},"76":{"start":{"line":169,"column":8},"end":{"line":169,"column":31}},"77":{"start":{"line":170,"column":8},"end":{"line":170,"column":15}},"78":{"start":{"line":172,"column":4},"end":{"line":175,"column":6}},"79":{"start":{"line":173,"column":8},"end":{"line":173,"column":43}},"80":{"start":{"line":174,"column":8},"end":{"line":174,"column":27}},"81":{"start":{"line":176,"column":4},"end":{"line":176,"column":32}},"82":{"start":{"line":177,"column":4},"end":{"line":177,"column":24}},"83":{"start":{"line":178,"column":4},"end":{"line":196,"column":6}},"84":{"start":{"line":179,"column":8},"end":{"line":179,"column":28}},"85":{"start":{"line":180,"column":8},"end":{"line":194,"column":9}},"86":{"start":{"line":182,"column":12},"end":{"line":189,"column":15}},"87":{"start":{"line":190,"column":12},"end":{"line":190,"column":18}},"88":{"start":{"line":192,"column":12},"end":{"line":192,"column":22}},"89":{"start":{"line":193,"column":12},"end":{"line":193,"column":18}},"90":{"start":{"line":195,"column":8},"end":{"line":195,"column":27}},"91":{"start":{"line":197,"column":4},"end":{"line":200,"column":16}},"92":{"start":{"line":203,"column":0},"end":{"line":252,"column":2}},"93":{"start":{"line":207,"column":4},"end":{"line":210,"column":5}},"94":{"start":{"line":208,"column":8},"end":{"line":208,"column":31}},"95":{"start":{"line":209,"column":8},"end":{"line":209,"column":15}},"96":{"start":{"line":211,"column":4},"end":{"line":251,"column":16}},"97":{"start":{"line":222,"column":8},"end":{"line":222,"column":24}},"98":{"start":{"line":223,"column":8},"end":{"line":226,"column":10}},"99":{"start":{"line":224,"column":12},"end":{"line":224,"column":62}},"100":{"start":{"line":225,"column":12},"end":{"line":225,"column":31}},"101":{"start":{"line":227,"column":8},"end":{"line":227,"column":36}},"102":{"start":{"line":228,"column":8},"end":{"line":238,"column":10}},"103":{"start":{"line":229,"column":12},"end":{"line":236,"column":13}},"104":{"start":{"line":231,"column":16},"end":{"line":231,"column":57}},"105":{"start":{"line":232,"column":16},"end":{"line":232,"column":22}},"106":{"start":{"line":234,"column":16},"end":{"line":234,"column":36}},"107":{"start":{"line":235,"column":16},"end":{"line":235,"column":22}},"108":{"start":{"line":237,"column":12},"end":{"line":237,"column":31}},"109":{"start":{"line":239,"column":8},"end":{"line":239,"column":32}},"110":{"start":{"line":240,"column":8},"end":{"line":250,"column":11}},"111":{"start":{"line":248,"column":12},"end":{"line":248,"column":45}},"112":{"start":{"line":249,"column":12},"end":{"line":249,"column":38}},"113":{"start":{"line":254,"column":0},"end":{"line":304,"column":2}},"114":{"start":{"line":258,"column":4},"end":{"line":261,"column":5}},"115":{"start":{"line":259,"column":8},"end":{"line":259,"column":31}},"116":{"start":{"line":260,"column":8},"end":{"line":260,"column":15}},"117":{"start":{"line":262,"column":4},"end":{"line":303,"column":16}},"118":{"start":{"line":272,"column":8},"end":{"line":272,"column":24}},"119":{"start":{"line":273,"column":8},"end":{"line":276,"column":10}},"120":{"start":{"line":274,"column":12},"end":{"line":274,"column":62}},"121":{"start":{"line":275,"column":12},"end":{"line":275,"column":31}},"122":{"start":{"line":277,"column":8},"end":{"line":277,"column":36}},"123":{"start":{"line":278,"column":8},"end":{"line":291,"column":10}},"124":{"start":{"line":279,"column":12},"end":{"line":289,"column":13}},"125":{"start":{"line":281,"column":16},"end":{"line":281,"column":43}},"126":{"start":{"line":282,"column":16},"end":{"line":282,"column":22}},"127":{"start":{"line":284,"column":16},"end":{"line":284,"column":36}},"128":{"start":{"line":285,"column":16},"end":{"line":285,"column":22}},"129":{"start":{"line":287,"column":16},"end":{"line":287,"column":62}},"130":{"start":{"line":288,"column":16},"end":{"line":288,"column":22}},"131":{"start":{"line":290,"column":12},"end":{"line":290,"column":31}},"132":{"start":{"line":292,"column":8},"end":{"line":292,"column":32}},"133":{"start":{"line":293,"column":8},"end":{"line":302,"column":11}},"134":{"start":{"line":300,"column":12},"end":{"line":300,"column":47}},"135":{"start":{"line":301,"column":12},"end":{"line":301,"column":38}},"136":{"start":{"line":306,"column":0},"end":{"line":350,"column":2}},"137":{"start":{"line":310,"column":4},"end":{"line":313,"column":5}},"138":{"start":{"line":311,"column":8},"end":{"line":311,"column":31}},"139":{"start":{"line":312,"column":8},"end":{"line":312,"column":15}},"140":{"start":{"line":314,"column":4},"end":{"line":314,"column":17}},"141":{"start":{"line":315,"column":4},"end":{"line":315,"column":29}},"142":{"start":{"line":316,"column":4},"end":{"line":349,"column":16}},"143":{"start":{"line":322,"column":8},"end":{"line":322,"column":24}},"144":{"start":{"line":323,"column":8},"end":{"line":323,"column":32}},"145":{"start":{"line":324,"column":8},"end":{"line":340,"column":10}},"146":{"start":{"line":325,"column":12},"end":{"line":325,"column":27}},"147":{"start":{"line":326,"column":12},"end":{"line":326,"column":28}},"148":{"start":{"line":327,"column":12},"end":{"line":327,"column":55}},"149":{"start":{"line":328,"column":12},"end":{"line":328,"column":35}},"150":{"start":{"line":329,"column":12},"end":{"line":329,"column":39}},"151":{"start":{"line":330,"column":12},"end":{"line":337,"column":14}},"152":{"start":{"line":331,"column":16},"end":{"line":335,"column":17}},"153":{"start":{"line":333,"column":20},"end":{"line":333,"column":40}},"154":{"start":{"line":334,"column":20},"end":{"line":334,"column":26}},"155":{"start":{"line":336,"column":16},"end":{"line":336,"column":34}},"156":{"start":{"line":338,"column":12},"end":{"line":338,"column":61}},"157":{"start":{"line":339,"column":12},"end":{"line":339,"column":30}},"158":{"start":{"line":341,"column":8},"end":{"line":348,"column":11}},"159":{"start":{"line":346,"column":12},"end":{"line":346,"column":45}},"160":{"start":{"line":347,"column":12},"end":{"line":347,"column":38}},"161":{"start":{"line":352,"column":0},"end":{"line":375,"column":2}},"162":{"start":{"line":356,"column":4},"end":{"line":359,"column":5}},"163":{"start":{"line":357,"column":8},"end":{"line":357,"column":31}},"164":{"start":{"line":358,"column":8},"end":{"line":358,"column":15}},"165":{"start":{"line":360,"column":4},"end":{"line":374,"column":16}},"166":{"start":{"line":366,"column":8},"end":{"line":366,"column":32}},"167":{"start":{"line":367,"column":8},"end":{"line":373,"column":11}},"168":{"start":{"line":371,"column":12},"end":{"line":371,"column":44}},"169":{"start":{"line":372,"column":12},"end":{"line":372,"column":38}}},"branchMap":{"1":{"line":16,"type":"if","locations":[{"start":{"line":16,"column":4},"end":{"line":16,"column":4},"skip":true},{"start":{"line":16,"column":4},"end":{"line":16,"column":4},"skip":true}]},"2":{"line":40,"type":"binary-expr","locations":[{"start":{"line":40,"column":8},"end":{"line":40,"column":34},"skip":true},{"start":{"line":41,"column":11},"end":{"line":41,"column":32},"skip":true},{"start":{"line":42,"column":11},"end":{"line":42,"column":54},"skip":true},{"start":{"line":43,"column":11},"end":{"line":43,"column":26},"skip":true},{"start":{"line":44,"column":11},"end":{"line":44,"column":62},"skip":true}]},"3":{"line":52,"type":"if","locations":[{"start":{"line":52,"column":8},"end":{"line":52,"column":8},"skip":true},{"start":{"line":52,"column":8},"end":{"line":52,"column":8},"skip":true}]},"4":{"line":57,"type":"cond-expr","locations":[{"start":{"line":63,"column":14},"end":{"line":63,"column":21},"skip":true},{"start":{"line":64,"column":14},"end":{"line":70,"column":13},"skip":true}]},"5":{"line":58,"type":"binary-expr","locations":[{"start":{"line":58,"column":16},"end":{"line":58,"column":23},"skip":true},{"start":{"line":59,"column":19},"end":{"line":59,"column":54},"skip":true},{"start":{"line":60,"column":19},"end":{"line":60,"column":52},"skip":true}]},"6":{"line":65,"type":"cond-expr","locations":[{"start":{"line":67,"column":18},"end":{"line":67,"column":25},"skip":true},{"start":{"line":69,"column":18},"end":{"line":69,"column":50},"skip":true}]},"7":{"line":80,"type":"binary-expr","locations":[{"start":{"line":80,"column":15},"end":{"line":80,"column":18},"skip":true},{"start":{"line":80,"column":22},"end":{"line":80,"column":31},"skip":true}]},"8":{"line":101,"type":"if","locations":[{"start":{"line":101,"column":12},"end":{"line":101,"column":12},"skip":true},{"start":{"line":101,"column":12},"end":{"line":101,"column":12},"skip":true}]},"9":{"line":102,"type":"binary-expr","locations":[{"start":{"line":102,"column":16},"end":{"line":102,"column":36},"skip":true},{"start":{"line":103,"column":19},"end":{"line":103,"column":44},"skip":true},{"start":{"line":104,"column":19},"end":{"line":104,"column":37},"skip":true}]},"10":{"line":106,"type":"binary-expr","locations":[{"start":{"line":106,"column":30},"end":{"line":106,"column":41},"skip":true},{"start":{"line":106,"column":45},"end":{"line":106,"column":56},"skip":true}]},"11":{"line":112,"type":"if","locations":[{"start":{"line":112,"column":4},"end":{"line":112,"column":4},"skip":true},{"start":{"line":112,"column":4},"end":{"line":112,"column":4},"skip":true}]},"12":{"line":153,"type":"binary-expr","locations":[{"start":{"line":153,"column":9},"end":{"line":153,"column":28}},{"start":{"line":153,"column":32},"end":{"line":153,"column":51}}]},"13":{"line":168,"type":"if","locations":[{"start":{"line":168,"column":4},"end":{"line":168,"column":4}},{"start":{"line":168,"column":4},"end":{"line":168,"column":4}}]},"14":{"line":180,"type":"switch","locations":[{"start":{"line":181,"column":8},"end":{"line":190,"column":18}},{"start":{"line":191,"column":8},"end":{"line":193,"column":18}}]},"15":{"line":183,"type":"cond-expr","locations":[{"start":{"line":184,"column":18},"end":{"line":184,"column":36}},{"start":{"line":186,"column":20},"end":{"line":187,"column":60}}]},"16":{"line":207,"type":"if","locations":[{"start":{"line":207,"column":4},"end":{"line":207,"column":4}},{"start":{"line":207,"column":4},"end":{"line":207,"column":4}}]},"17":{"line":229,"type":"switch","locations":[{"start":{"line":230,"column":12},"end":{"line":232,"column":22}},{"start":{"line":233,"column":12},"end":{"line":235,"column":22}}]},"18":{"line":258,"type":"if","locations":[{"start":{"line":258,"column":4},"end":{"line":258,"column":4}},{"start":{"line":258,"column":4},"end":{"line":258,"column":4}}]},"19":{"line":279,"type":"switch","locations":[{"start":{"line":280,"column":12},"end":{"line":282,"column":22}},{"start":{"line":283,"column":12},"end":{"line":285,"column":22}},{"start":{"line":286,"column":12},"end":{"line":288,"column":22}}]},"20":{"line":310,"type":"if","locations":[{"start":{"line":310,"column":4},"end":{"line":310,"column":4}},{"start":{"line":310,"column":4},"end":{"line":310,"column":4}}]},"21":{"line":331,"type":"switch","locations":[{"start":{"line":332,"column":16},"end":{"line":334,"column":26}}]},"22":{"line":356,"type":"if","locations":[{"start":{"line":356,"column":4},"end":{"line":356,"column":4}},{"start":{"line":356,"column":4},"end":{"line":356,"column":4}}]}},"code":["/* istanbul instrument in package github_crud */","/* istanbul ignore next */","/* jslint utility2:true */","(function (globalThis) {","    \"use strict\";","    var consoleError;","    var local;","    // init globalThis","    (function () {","        try {","            globalThis = Function(\"return this\")(); // jslint ignore:line","        } catch (ignore) {}","    }());","    globalThis.globalThis = globalThis;","    // init debug_inline","    if (!globalThis[\"debug\\u0049nline\"]) {","        consoleError = console.error;","        globalThis[\"debug\\u0049nline\"] = function () {","        /*","         * this function will both print <arguments> to stderr","         * and return <arguments>[0]","         */","            var argList;","            argList = Array.from(arguments); // jslint ignore:line","            // debug arguments","            globalThis[\"debug\\u0049nlineArguments\"] = argList;","            consoleError(\"\\n\\ndebug\\u0049nline\");","            consoleError.apply(console, argList);","            consoleError(\"\\n\");","            // return arg0 for inspection","            return argList[0];","        };","    }","    // init local","    local = {};","    local.local = local;","    globalThis.globalLocal = local;","    // init isBrowser","    local.isBrowser = (","        typeof window === \"object\"","        && window === globalThis","        && typeof window.XMLHttpRequest === \"function\"","        && window.document","        && typeof window.document.querySelector === \"function\"","    );","    // init function","    local.assertThrow = function (passed, message) {","    /*","     * this function will throw error <message> if <passed> is falsy","     */","        var error;","        if (passed) {","            return;","        }","        error = (","            // ternary-condition","            (","                message","                && typeof message.message === \"string\"","                && typeof message.stack === \"string\"","            )","            // if message is an error-object, then leave it as is","            ? message","            : new Error(","                typeof message === \"string\"","                // if message is a string, then leave it as is","                ? message","                // else JSON.stringify message","                : JSON.stringify(message, null, 4)","            )","        );","        throw error;","    };","    local.functionOrNop = function (fnc) {","    /*","     * this function will if <fnc> exists,","     * them return <fnc>,","     * else return <nop>","     */","        return fnc || local.nop;","    };","    local.identity = function (value) {","    /*","     * this function will return <value>","     */","        return value;","    };","    local.nop = function () {","    /*","     * this function will do nothing","     */","        return;","    };","    local.objectAssignDefault = function (target, source) {","    /*","     * this function will if items from <target> are","     * null, undefined, or empty-string,","     * then overwrite them with items from <source>","     */","        Object.keys(source).forEach(function (key) {","            if (","                target[key] === null","                || target[key] === undefined","                || target[key] === \"\"","            ) {","                target[key] = target[key] || source[key];","            }","        });","        return target;","    };","    // require builtin","    if (!local.isBrowser) {","        local.assert = require(\"assert\");","        local.buffer = require(\"buffer\");","        local.child_process = require(\"child_process\");","        local.cluster = require(\"cluster\");","        local.crypto = require(\"crypto\");","        local.dgram = require(\"dgram\");","        local.dns = require(\"dns\");","        local.domain = require(\"domain\");","        local.events = require(\"events\");","        local.fs = require(\"fs\");","        local.http = require(\"http\");","        local.https = require(\"https\");","        local.net = require(\"net\");","        local.os = require(\"os\");","        local.path = require(\"path\");","        local.querystring = require(\"querystring\");","        local.readline = require(\"readline\");","        local.repl = require(\"repl\");","        local.stream = require(\"stream\");","        local.string_decoder = require(\"string_decoder\");","        local.timers = require(\"timers\");","        local.tls = require(\"tls\");","        local.tty = require(\"tty\");","        local.url = require(\"url\");","        local.util = require(\"util\");","        local.vm = require(\"vm\");","        local.zlib = require(\"zlib\");","    }","}(this));","","","","(function (local) {","\"use strict\";","","","","// run shared js-env code - init-before","(function () {","// init local","local = (globalThis.utility2 || require(\"utility2\")).requireReadme();","globalThis.local = local;","// init test","local.testRunDefault(local);","}());","","","","// run shared js-env code - function","(function () {","local.testCase_githubCrudContentDelete_tree = function (options, onError) {","/*"," * this function will test githubCrudContentDelete's tree handling-behavior"," */","    var httpRequest;","    if (local.isBrowser) {","        onError(null, options);","        return;","    }","    httpRequest = function (urlParsed, onResponse) {","        onResponse(httpRequest, urlParsed);","        return httpRequest;","    };","    httpRequest.end = local.nop;","    httpRequest.ii = -1;","    httpRequest.on = function (type, onError) {","        httpRequest.ii += 1;","        switch (type) {","        case \"data\":","            onError(Buffer.from(","                httpRequest.ii","                ? \"{\\\"sha\\\":\\\"aa\\\"}\"","                : (","                    \"[{\\\"url\\\":\\\"https://github.com\"","                    + \"/:owner/:repo/blob/:branch/:path\\\"}]\"","                )","            ));","            break;","        case \"end\":","            onError();","            break;","        }","        return httpRequest;","    };","    local.githubCrudContentDelete({","        httpRequest: httpRequest,","        url: \"https://github.com/:owner/:repo/blob/:branch/:path\"","    }, onError);","};","","local.testCase_githubCrudContentXxx_default = function (options, onError) {","/*"," * this function will test githubCrudContentXxx's default handling-behavior"," */","    if (local.isBrowser) {","        onError(null, options);","        return;","    }","    local.onParallelList({","        list: [","            \"githubCrudAjax\",","            \"githubCrudContentDelete\",","            \"githubCrudContentGet\",","            \"githubCrudContentPut\",","            \"githubCrudContentPutFile\",","            \"githubCrudContentTouch\",","            \"githubCrudContentTouchList\"","        ]","    }, function (options2, onParallel) {","        var httpRequest;","        httpRequest = function (urlParsed, onResponse) {","            setTimeout(onResponse, 0, httpRequest, urlParsed);","            return httpRequest;","        };","        httpRequest.end = local.nop;","        httpRequest.on = function (type, onError) {","            switch (type) {","            case \"data\":","                onError(Buffer.from(\"{\\\"sha\\\":\\\"aa\\\"}\"));","                break;","            case \"end\":","                setTimeout(onError);","                break;","            }","            return httpRequest;","        };","        onParallel.counter += 1;","        local[options2.element]({","            content: \"aa\",","            file: \"https://github.com/:owner/:repo/blob/:branch/:path\",","            httpRequest: httpRequest,","            url: \"https://github.com/:owner/:repo/blob/:branch/:path\",","            urlList: [\"https://github.com/:owner/:repo/blob/:branch/:path\"]","        }, function (error) {","            // validate no error occurred","            local.assertThrow(!error, error);","            onParallel(null, options);","        });","    }, onError);","};","","local.testCase_githubCrudContentXxx_error = function (options, onError) {","/*"," * this function will test githubCrudContentXxx's error handling-behavior"," */","    if (local.isBrowser) {","        onError(null, options);","        return;","    }","    local.onParallelList({","        list: [","            \"githubCrudAjax\",","            \"githubCrudContentGet\",","            \"githubCrudContentPut\",","            \"githubCrudContentPutFile\",","            \"githubCrudContentTouch\",","            \"githubCrudContentTouchList\"","        ]","    }, function (options2, onParallel) {","        var httpRequest;","        httpRequest = function (urlParsed, onResponse) {","            setTimeout(onResponse, 0, httpRequest, urlParsed);","            return httpRequest;","        };","        httpRequest.end = local.nop;","        httpRequest.on = function (type, onError) {","            switch (type) {","            case \"data\":","                onError(Buffer.from(\"{}\"));","                break;","            case \"end\":","                setTimeout(onError);","                break;","            case \"error\":","                setTimeout(onError, null, local.errorDefault);","                break;","            }","            return httpRequest;","        };","        onParallel.counter += 1;","        local[options2.element]({","            file: \"package.json\",","            httpRequest: httpRequest,","            url: \"https://github.com/:owner/:repo/blob/:branch/:path/\",","            urlList: [\"error\"]","        }, function (error) {","            // validate error occurred","            local.assertThrow(error, options2);","            onParallel(null, options);","        });","    }, onError);","};","","local.testCase_githubCrudRepoXxxList_default = function (options, onError) {","/*"," * this function will test githubCrudRepoXxxList's default handling-behavior"," */","    if (local.isBrowser) {","        onError(null, options);","        return;","    }","    options = {};","    options.statusCode = 404;","    local.onParallelList({","        list: [","            \"githubCrudRepoCreateList\",","            \"githubCrudRepoDeleteList\"","        ]","    }, function (options2, onParallel) {","        var httpRequest;","        onParallel.counter += 1;","        httpRequest = function (urlParsed, onResponse) {","            var requestObj;","            requestObj = {};","            requestObj.statusCode = options.statusCode;","            options.statusCode = 0;","            requestObj.end = local.nop;","            requestObj.on = function (type, onError) {","                switch (type) {","                case \"end\":","                    setTimeout(onError);","                    break;","                }","                return requestObj;","            };","            setTimeout(onResponse, 0, requestObj, urlParsed);","            return requestObj;","        };","        local[options2.element]({","            httpRequest: httpRequest,","            urlList: [\"aa/bb\"]","        }, function (error) {","            // validate no error occurred","            local.assertThrow(!error, error);","            onParallel(null, options);","        });","    }, onError);","};","","local.testCase_githubCrudRepoXxx_error = function (options, onError) {","/*"," * this function will test githubCrudRepoXxx's error handling-behavior"," */","    if (local.isBrowser) {","        onError(null, options);","        return;","    }","    local.onParallelList({","        list: [","            \"githubCrudRepoCreateList\",","            \"githubCrudRepoDeleteList\"","        ]","    }, function (options2, onParallel) {","        onParallel.counter += 1;","        local[options2.element]({","            urlList: [\"undefined\"]","        }, function (error) {","            // validate error occurred","            local.assertThrow(error, error);","            onParallel(null, options);","        });","    }, onError);","};","}());","","","","}());",""],"l":{"4":2,"6":2,"7":2,"9":2,"10":2,"11":2,"14":2,"16":2,"17":1,"18":1,"23":1,"24":1,"26":1,"27":1,"28":1,"29":1,"31":1,"35":2,"36":2,"37":2,"39":2,"47":2,"51":1,"52":1,"53":1,"55":1,"72":1,"74":2,"80":1,"82":2,"86":1,"88":2,"92":1,"94":2,"100":1,"101":1,"106":1,"109":1,"112":2,"113":1,"114":1,"115":1,"116":1,"117":1,"118":1,"119":1,"120":1,"121":1,"122":1,"123":1,"124":1,"125":1,"126":1,"127":1,"128":1,"129":1,"130":1,"131":1,"132":1,"133":1,"134":1,"135":1,"136":1,"137":1,"138":1,"139":1,"145":2,"151":2,"153":2,"154":2,"156":2,"162":2,"163":2,"167":2,"168":2,"169":1,"170":1,"172":1,"173":3,"174":3,"176":1,"177":1,"178":1,"179":12,"180":12,"182":3,"190":3,"192":3,"193":3,"195":12,"197":1,"203":2,"207":2,"208":1,"209":1,"211":1,"222":7,"223":7,"224":13,"225":13,"227":7,"228":7,"229":52,"231":13,"232":13,"234":13,"235":13,"237":52,"239":7,"240":7,"248":7,"249":7,"254":2,"258":2,"259":1,"260":1,"262":1,"272":6,"273":6,"274":8,"275":8,"277":6,"278":6,"279":32,"281":8,"282":8,"284":8,"285":8,"287":16,"288":16,"290":32,"292":6,"293":6,"300":6,"301":6,"306":2,"310":2,"311":1,"312":1,"314":1,"315":1,"316":1,"322":2,"323":2,"324":2,"325":3,"326":3,"327":3,"328":3,"329":3,"330":3,"331":12,"333":3,"334":3,"336":12,"338":3,"339":3,"341":2,"346":2,"347":2,"352":2,"356":2,"357":1,"358":1,"360":1,"366":2,"367":2,"371":2,"372":2}},"/home/travis/build/kaizhu256/node-github-crud/lib.github_crud.js":{"path":"/home/travis/build/kaizhu256/node-github-crud/lib.github_crud.js","s":{"1":1,"2":1,"3":1,"4":1,"5":1,"6":1,"7":1,"8":1,"9":0,"10":0,"11":0,"12":0,"13":0,"14":0,"15":0,"16":0,"17":0,"18":1,"19":1,"20":1,"21":1,"22":1,"23":17,"24":17,"25":17,"26":0,"27":0,"28":1,"29":27,"30":1,"31":54,"32":1,"33":344,"34":1,"35":54,"36":270,"37":155,"38":54,"39":1,"40":1,"41":1,"42":1,"43":1,"44":1,"45":1,"46":1,"47":1,"48":1,"49":1,"50":1,"51":1,"52":1,"53":1,"54":1,"55":1,"56":1,"57":1,"58":1,"59":1,"60":1,"61":1,"62":1,"63":1,"64":1,"65":1,"66":1,"67":1,"68":1,"69":1,"70":1,"71":0,"72":1,"73":1,"74":1,"75":1,"76":27,"77":27,"78":27,"79":27,"80":27,"81":27,"82":27,"83":27,"84":27,"85":27,"86":27,"87":27,"88":27,"89":0,"90":0,"91":0,"92":0,"93":0,"94":27,"95":59,"96":16,"97":16,"98":16,"99":43,"100":43,"101":43,"102":16,"103":27,"104":27,"105":27,"106":27,"107":0,"108":0,"109":19,"110":1,"111":19,"112":27,"113":9,"114":9,"115":9,"116":9,"117":9,"118":27,"119":0,"120":0,"121":27,"122":27,"123":27,"124":0,"125":27,"126":22,"127":6,"128":16,"129":16,"130":0,"131":0,"132":27,"133":27,"134":27,"135":27,"136":27,"137":27,"138":54,"139":54,"140":54,"141":3,"142":54,"143":3,"144":3,"145":27,"146":54,"147":490,"148":490,"149":54,"150":54,"151":54,"152":156,"153":54,"154":0,"155":54,"156":54,"157":54,"158":54,"159":27,"160":27,"161":27,"162":27,"163":27,"164":27,"165":27,"166":27,"167":27,"168":27,"169":27,"170":27,"171":27,"172":27,"173":24,"174":27,"175":27,"176":27,"177":27,"178":27,"179":27,"180":0,"181":27,"182":27,"183":27,"184":27,"185":27,"186":27,"187":27,"188":27,"189":0,"190":0,"191":0,"192":0,"193":27,"194":27,"195":27,"196":27,"197":27,"198":27,"199":27,"200":27,"201":0,"202":27,"203":0,"204":0,"205":0,"206":27,"207":27,"208":104,"209":27,"210":0,"211":0,"212":0,"213":0,"214":0,"215":0,"216":27,"217":27,"218":1,"219":0,"220":0,"221":0,"222":0,"223":0,"224":0,"225":0,"226":0,"227":0,"228":0,"229":0,"230":0,"231":0,"232":0,"233":0,"234":0,"235":0,"236":0,"237":0,"238":0,"239":0,"240":0,"241":0,"242":0,"243":0,"244":0,"245":0,"246":0,"247":0,"248":0,"249":0,"250":0,"251":0,"252":0,"253":0,"254":0,"255":0,"256":0,"257":0,"258":0,"259":0,"260":0,"261":0,"262":0,"263":0,"264":0,"265":0,"266":0,"267":0,"268":0,"269":0,"270":0,"271":0,"272":0,"273":0,"274":0,"275":0,"276":0,"277":0,"278":0,"279":0,"280":0,"281":0,"282":0,"283":0,"284":1,"285":26,"286":8,"287":26,"288":1,"289":26,"290":26,"291":26,"292":26,"293":55,"294":5,"295":55,"296":26,"297":0,"298":26,"299":1,"300":15,"301":44,"302":44,"303":44,"304":0,"305":0,"306":0,"307":44,"308":1,"309":0,"310":1,"311":1,"312":15,"313":1,"314":11,"315":11,"316":11,"317":11,"318":11,"319":35,"320":0,"321":35,"322":35,"323":0,"324":35,"325":3,"326":32,"327":3,"328":3,"329":32,"330":11,"331":11,"332":21,"333":11,"334":11,"335":1,"336":11,"337":11,"338":11,"339":11,"340":11,"341":32,"342":56,"343":31,"344":31,"345":25,"346":1,"347":24,"348":24,"349":11,"350":35,"351":0,"352":0,"353":0,"354":0,"355":0,"356":0,"357":35,"358":0,"359":0,"360":11,"361":11,"362":11,"363":11,"364":11,"365":11,"366":11,"367":1,"368":1,"369":29,"370":29,"371":23,"372":23,"373":14,"374":23,"375":29,"376":3,"377":3,"378":1,"379":1,"380":1,"381":1,"382":1,"383":1,"384":3,"385":26,"386":3,"387":3,"388":3,"389":23,"390":9,"391":9,"392":9,"393":6,"394":9,"395":26,"396":26,"397":26,"398":26,"399":26,"400":26,"401":1,"402":3,"403":3,"404":9,"405":3,"406":3,"407":3,"408":2,"409":2,"410":1,"411":1,"412":1,"413":1,"414":3,"415":3,"416":3,"417":1,"418":2,"419":2,"420":5,"421":2,"422":2,"423":1,"424":1,"425":2,"426":2,"427":2,"428":1,"429":4,"430":4,"431":12,"432":4,"433":4,"434":4,"435":4,"436":4,"437":4,"438":4,"439":1,"440":2,"441":2,"442":6,"443":2,"444":1,"445":1,"446":1,"447":1,"448":1,"449":2,"450":2,"451":2,"452":2,"453":2,"454":1,"455":4,"456":4,"457":12,"458":4,"459":4,"460":4,"461":3,"462":4,"463":4,"464":4,"465":1,"466":2,"467":2,"468":2,"469":1,"470":2,"471":2,"472":1,"473":1,"474":1,"475":1,"476":2,"477":2,"478":2,"479":1,"480":2,"481":1,"482":2,"483":2,"484":2,"485":1,"486":1,"487":0,"488":1,"489":1,"490":0,"491":0,"492":1,"493":0,"494":0,"495":0,"496":0,"497":1,"498":0,"499":0,"500":1,"501":0,"502":0,"503":1,"504":0,"505":0,"506":1,"507":0,"508":0,"509":1,"510":0},"b":{"1":[0,1],"2":[1,0,0,0,0],"3":[17,0],"4":[0,0],"5":[0,0,0],"6":[0,0],"7":[27,0],"8":[155,115],"9":[270,270,126],"10":[155,155],"11":[1,0],"12":[1,1],"13":[0,1],"14":[27,0],"15":[27,0],"16":[27,0],"17":[0,0],"18":[0,0],"19":[0,0],"20":[16,43],"21":[16,5],"22":[43,23],"23":[0,16,43],"24":[16,27],"25":[0,0,19],"26":[27,19],"27":[1,18],"28":[9,18],"29":[9,5],"30":[0,9],"31":[0,27],"32":[27,22,3],"33":[0,27],"34":[22,22,0],"35":[27,22],"36":[6,16],"37":[3,51],"38":[490,0],"39":[54,54,0],"40":[54,0,54],"41":[0,54],"42":[54,54,54],"43":[54,43],"44":[27,0],"45":[27,0,0,0],"46":[0,0],"47":[27,0],"48":[27,0],"49":[27,0,0,0],"50":[27,3],"51":[0,27],"52":[27,3],"53":[0,0],"54":[27,0],"55":[0,27],"56":[27,0],"57":[0,27],"58":[0,0,27],"59":[27,14,13],"60":[0,0],"61":[0,0],"62":[0,0],"63":[0,0],"64":[0,0],"65":[0,0],"66":[0,0],"67":[0,0],"68":[0,0],"69":[0,0],"70":[0,0],"71":[0,0],"72":[0,0,0],"73":[0,0],"74":[0,0],"75":[0,0],"76":[0,0],"77":[0,0],"78":[0,0],"79":[0,0],"80":[0,0],"81":[0,0],"82":[0,0],"83":[0,0],"84":[0,0],"85":[0,0],"86":[0,0],"87":[8,18],"88":[5,50],"89":[55,13,13,5],"90":[2,42],"91":[44,10],"92":[0,44],"93":[0,0],"94":[0,0],"95":[0,0],"96":[0,1],"97":[11,0],"98":[11,0],"99":[0,35],"100":[0,35],"101":[35,3,3],"102":[3,32],"103":[3,29],"104":[11,21],"105":[11,0],"106":[31,25],"107":[1,24],"108":[0,35],"109":[35,3,0],"110":[0,35],"111":[35,27],"112":[11,11],"113":[11,11],"114":[29,29,29],"115":[29,15],"116":[14,9],"117":[3,26],"118":[1,1,1],"119":[3,23],"120":[9,14],"121":[9,9],"122":[6,3],"123":[9,4],"124":[26,9,8,8],"125":[26,26],"126":[26,3],"127":[3,3,3],"128":[2,1],"129":[3,3],"130":[2,1,2],"131":[1,1],"132":[2,1],"133":[4,4,4],"134":[2,2,2],"135":[1,1],"136":[1,1],"137":[1,1],"138":[4,4,4],"139":[4,3],"140":[1,1],"141":[2,2],"142":[0,1],"143":[0,1],"144":[1,0]},"f":{"1":1,"2":1,"3":0,"4":17,"5":27,"6":54,"7":344,"8":54,"9":270,"10":1,"11":1,"12":27,"13":0,"14":59,"15":0,"16":54,"17":54,"18":490,"19":156,"20":27,"21":24,"22":27,"23":0,"24":0,"25":104,"26":0,"27":0,"28":0,"29":0,"30":0,"31":0,"32":0,"33":0,"34":0,"35":0,"36":26,"37":26,"38":55,"39":0,"40":15,"41":44,"42":11,"43":35,"44":11,"45":32,"46":35,"47":0,"48":1,"49":29,"50":23,"51":26,"52":3,"53":9,"54":1,"55":2,"56":5,"57":4,"58":12,"59":2,"60":6,"61":1,"62":4,"63":12,"64":2,"65":2,"66":2,"67":2,"68":2,"69":2,"70":2,"71":2,"72":2,"73":1,"74":0,"75":0,"76":0,"77":0,"78":0,"79":0,"80":0,"81":0,"82":0,"83":0,"84":0,"85":0},"fnMap":{"1":{"name":"(anonymous_1)","line":14,"loc":{"start":{"line":14,"column":1},"end":{"line":14,"column":23}},"skip":true},"2":{"name":"(anonymous_2)","line":19,"loc":{"start":{"line":19,"column":5},"end":{"line":19,"column":17}},"skip":true},"3":{"name":"(anonymous_3)","line":28,"loc":{"start":{"line":28,"column":41},"end":{"line":28,"column":53}},"skip":true},"4":{"name":"(anonymous_4)","line":57,"loc":{"start":{"line":57,"column":24},"end":{"line":57,"column":51}},"skip":true},"5":{"name":"(anonymous_5)","line":84,"loc":{"start":{"line":84,"column":26},"end":{"line":84,"column":41}},"skip":true},"6":{"name":"(anonymous_6)","line":92,"loc":{"start":{"line":92,"column":21},"end":{"line":92,"column":38}},"skip":true},"7":{"name":"(anonymous_7)","line":98,"loc":{"start":{"line":98,"column":16},"end":{"line":98,"column":28}},"skip":true},"8":{"name":"(anonymous_8)","line":104,"loc":{"start":{"line":104,"column":32},"end":{"line":104,"column":58}},"skip":true},"9":{"name":"(anonymous_9)","line":110,"loc":{"start":{"line":110,"column":36},"end":{"line":110,"column":51}},"skip":true},"10":{"name":"(anonymous_10)","line":155,"loc":{"start":{"line":155,"column":1},"end":{"line":155,"column":18}}},"11":{"name":"(anonymous_11)","line":162,"loc":{"start":{"line":162,"column":1},"end":{"line":162,"column":13}},"skip":true},"12":{"name":"(anonymous_12)","line":183,"loc":{"start":{"line":183,"column":13},"end":{"line":183,"column":40}},"skip":true},"13":{"name":"(anonymous_13)","line":212,"loc":{"start":{"line":212,"column":64},"end":{"line":215,"column":6}},"skip":true},"14":{"name":"(anonymous_14)","line":230,"loc":{"start":{"line":230,"column":14},"end":{"line":230,"column":31}},"skip":true},"15":{"name":"(anonymous_15)","line":293,"loc":{"start":{"line":293,"column":19},"end":{"line":293,"column":53}},"skip":true},"16":{"name":"(anonymous_16)","line":343,"loc":{"start":{"line":343,"column":20},"end":{"line":343,"column":38}},"skip":true},"17":{"name":"(anonymous_17)","line":361,"loc":{"start":{"line":361,"column":14},"end":{"line":361,"column":26}},"skip":true},"18":{"name":"(anonymous_18)","line":366,"loc":{"start":{"line":366,"column":36},"end":{"line":366,"column":51}},"skip":true},"19":{"name":"(anonymous_19)","line":382,"loc":{"start":{"line":382,"column":41},"end":{"line":382,"column":56}},"skip":true},"20":{"name":"(anonymous_20)","line":423,"loc":{"start":{"line":423,"column":15},"end":{"line":423,"column":41}},"skip":true},"21":{"name":"(anonymous_21)","line":436,"loc":{"start":{"line":436,"column":38},"end":{"line":436,"column":55}},"skip":true},"22":{"name":"(anonymous_22)","line":439,"loc":{"start":{"line":439,"column":37},"end":{"line":439,"column":49}},"skip":true},"23":{"name":"(anonymous_23)","line":455,"loc":{"start":{"line":455,"column":20},"end":{"line":455,"column":32}},"skip":true},"24":{"name":"(anonymous_24)","line":474,"loc":{"start":{"line":474,"column":34},"end":{"line":474,"column":46}},"skip":true},"25":{"name":"(anonymous_25)","line":510,"loc":{"start":{"line":510,"column":37},"end":{"line":510,"column":52}},"skip":true},"26":{"name":"(anonymous_26)","line":521,"loc":{"start":{"line":521,"column":34},"end":{"line":521,"column":57}},"skip":true},"27":{"name":"(anonymous_27)","line":536,"loc":{"start":{"line":536,"column":15},"end":{"line":536,"column":33}},"skip":true},"28":{"name":"(anonymous_28)","line":540,"loc":{"start":{"line":540,"column":49},"end":{"line":540,"column":61}},"skip":true},"29":{"name":"(anonymous_29)","line":550,"loc":{"start":{"line":550,"column":49},"end":{"line":550,"column":61}},"skip":true},"30":{"name":"(anonymous_30)","line":579,"loc":{"start":{"line":579,"column":50},"end":{"line":579,"column":69}},"skip":true},"31":{"name":"(anonymous_31)","line":621,"loc":{"start":{"line":621,"column":16},"end":{"line":621,"column":35}},"skip":true},"32":{"name":"(anonymous_32)","line":624,"loc":{"start":{"line":624,"column":13},"end":{"line":624,"column":36}},"skip":true},"33":{"name":"(anonymous_33)","line":625,"loc":{"start":{"line":625,"column":53},"end":{"line":625,"column":72}},"skip":true},"34":{"name":"(anonymous_34)","line":657,"loc":{"start":{"line":657,"column":63},"end":{"line":657,"column":75}},"skip":true},"35":{"name":"(anonymous_35)","line":672,"loc":{"start":{"line":672,"column":55},"end":{"line":672,"column":67}},"skip":true},"36":{"name":"(anonymous_36)","line":696,"loc":{"start":{"line":696,"column":23},"end":{"line":696,"column":40}},"skip":true},"37":{"name":"(anonymous_37)","line":706,"loc":{"start":{"line":706,"column":25},"end":{"line":706,"column":44}},"skip":true},"38":{"name":"(anonymous_38)","line":716,"loc":{"start":{"line":716,"column":15},"end":{"line":716,"column":44}},"skip":true},"39":{"name":"(anonymous_39)","line":729,"loc":{"start":{"line":729,"column":24},"end":{"line":729,"column":36}},"skip":true},"40":{"name":"(anonymous_40)","line":735,"loc":{"start":{"line":735,"column":15},"end":{"line":735,"column":42}},"skip":true},"41":{"name":"(anonymous_41)","line":740,"loc":{"start":{"line":740,"column":43},"end":{"line":740,"column":72}},"skip":true},"42":{"name":"(anonymous_42)","line":769,"loc":{"start":{"line":769,"column":19},"end":{"line":769,"column":55}},"skip":true},"43":{"name":"(anonymous_43)","line":779,"loc":{"start":{"line":779,"column":17},"end":{"line":779,"column":40}},"skip":true},"44":{"name":"(anonymous_44)","line":813,"loc":{"start":{"line":813,"column":23},"end":{"line":813,"column":58}},"skip":true},"45":{"name":"(anonymous_45)","line":824,"loc":{"start":{"line":824,"column":14},"end":{"line":824,"column":26}},"skip":true},"46":{"name":"(anonymous_46)","line":842,"loc":{"start":{"line":842,"column":52},"end":{"line":842,"column":75}},"skip":true},"47":{"name":"(anonymous_47)","line":846,"loc":{"start":{"line":846,"column":23},"end":{"line":846,"column":35}},"skip":true},"48":{"name":"(anonymous_48)","line":871,"loc":{"start":{"line":871,"column":1},"end":{"line":871,"column":13}}},"49":{"name":"(anonymous_49)","line":872,"loc":{"start":{"line":872,"column":23},"end":{"line":872,"column":50}}},"50":{"name":"(anonymous_50)","line":925,"loc":{"start":{"line":925,"column":7},"end":{"line":925,"column":33}}},"51":{"name":"(anonymous_51)","line":982,"loc":{"start":{"line":982,"column":23},"end":{"line":982,"column":45}}},"52":{"name":"(anonymous_52)","line":1007,"loc":{"start":{"line":1007,"column":32},"end":{"line":1007,"column":59}}},"53":{"name":"(anonymous_53)","line":1017,"loc":{"start":{"line":1017,"column":25},"end":{"line":1017,"column":48}}},"54":{"name":"(anonymous_54)","line":1041,"loc":{"start":{"line":1041,"column":15},"end":{"line":1041,"column":46}}},"55":{"name":"(anonymous_55)","line":1059,"loc":{"start":{"line":1059,"column":29},"end":{"line":1059,"column":56}}},"56":{"name":"(anonymous_56)","line":1068,"loc":{"start":{"line":1068,"column":25},"end":{"line":1068,"column":48}}},"57":{"name":"(anonymous_57)","line":1087,"loc":{"start":{"line":1087,"column":29},"end":{"line":1087,"column":56}}},"58":{"name":"(anonymous_58)","line":1100,"loc":{"start":{"line":1100,"column":25},"end":{"line":1100,"column":48}}},"59":{"name":"(anonymous_59)","line":1128,"loc":{"start":{"line":1128,"column":33},"end":{"line":1128,"column":60}}},"60":{"name":"(anonymous_60)","line":1139,"loc":{"start":{"line":1139,"column":25},"end":{"line":1139,"column":48}}},"61":{"name":"(anonymous_61)","line":1149,"loc":{"start":{"line":1149,"column":19},"end":{"line":1149,"column":46}}},"62":{"name":"(anonymous_62)","line":1181,"loc":{"start":{"line":1181,"column":31},"end":{"line":1181,"column":58}}},"63":{"name":"(anonymous_63)","line":1192,"loc":{"start":{"line":1192,"column":25},"end":{"line":1192,"column":48}}},"64":{"name":"(anonymous_64)","line":1220,"loc":{"start":{"line":1220,"column":35},"end":{"line":1220,"column":62}}},"65":{"name":"(anonymous_65)","line":1227,"loc":{"start":{"line":1227,"column":7},"end":{"line":1227,"column":38}}},"66":{"name":"(anonymous_66)","line":1237,"loc":{"start":{"line":1237,"column":29},"end":{"line":1237,"column":56}}},"67":{"name":"(anonymous_67)","line":1246,"loc":{"start":{"line":1246,"column":7},"end":{"line":1246,"column":30}}},"68":{"name":"(anonymous_68)","line":1259,"loc":{"start":{"line":1259,"column":33},"end":{"line":1259,"column":60}}},"69":{"name":"(anonymous_69)","line":1266,"loc":{"start":{"line":1266,"column":7},"end":{"line":1266,"column":38}}},"70":{"name":"(anonymous_70)","line":1275,"loc":{"start":{"line":1275,"column":29},"end":{"line":1275,"column":56}}},"71":{"name":"(anonymous_71)","line":1287,"loc":{"start":{"line":1287,"column":33},"end":{"line":1287,"column":60}}},"72":{"name":"(anonymous_72)","line":1294,"loc":{"start":{"line":1294,"column":7},"end":{"line":1294,"column":38}}},"73":{"name":"(anonymous_73)","line":1308,"loc":{"start":{"line":1308,"column":1},"end":{"line":1308,"column":13}},"skip":true},"74":{"name":"(anonymous_74)","line":1316,"loc":{"start":{"line":1316,"column":23},"end":{"line":1316,"column":35}},"skip":true},"75":{"name":"(anonymous_75)","line":1324,"loc":{"start":{"line":1324,"column":7},"end":{"line":1324,"column":24}},"skip":true},"76":{"name":"(anonymous_76)","line":1329,"loc":{"start":{"line":1329,"column":20},"end":{"line":1329,"column":32}},"skip":true},"77":{"name":"(anonymous_77)","line":1336,"loc":{"start":{"line":1336,"column":7},"end":{"line":1336,"column":30}},"skip":true},"78":{"name":"(anonymous_78)","line":1344,"loc":{"start":{"line":1344,"column":20},"end":{"line":1344,"column":32}},"skip":true},"79":{"name":"(anonymous_79)","line":1353,"loc":{"start":{"line":1353,"column":7},"end":{"line":1353,"column":24}},"skip":true},"80":{"name":"(anonymous_80)","line":1358,"loc":{"start":{"line":1358,"column":28},"end":{"line":1358,"column":40}},"skip":true},"81":{"name":"(anonymous_81)","line":1367,"loc":{"start":{"line":1367,"column":7},"end":{"line":1367,"column":24}},"skip":true},"82":{"name":"(anonymous_82)","line":1372,"loc":{"start":{"line":1372,"column":28},"end":{"line":1372,"column":40}},"skip":true},"83":{"name":"(anonymous_83)","line":1381,"loc":{"start":{"line":1381,"column":7},"end":{"line":1381,"column":24}},"skip":true},"84":{"name":"(anonymous_84)","line":1386,"loc":{"start":{"line":1386,"column":22},"end":{"line":1386,"column":34}},"skip":true},"85":{"name":"(anonymous_85)","line":1396,"loc":{"start":{"line":1396,"column":7},"end":{"line":1396,"column":24}},"skip":true}},"statementMap":{"1":{"start":{"line":14,"column":0},"end":{"line":151,"column":9},"skip":true},"2":{"start":{"line":16,"column":4},"end":{"line":16,"column":21},"skip":true},"3":{"start":{"line":17,"column":4},"end":{"line":17,"column":14},"skip":true},"4":{"start":{"line":19,"column":4},"end":{"line":23,"column":9},"skip":true},"5":{"start":{"line":20,"column":8},"end":{"line":22,"column":27},"skip":true},"6":{"start":{"line":21,"column":12},"end":{"line":21,"column":51},"skip":true},"7":{"start":{"line":24,"column":4},"end":{"line":24,"column":39},"skip":true},"8":{"start":{"line":26,"column":4},"end":{"line":43,"column":5},"skip":true},"9":{"start":{"line":27,"column":8},"end":{"line":27,"column":37},"skip":true},"10":{"start":{"line":28,"column":8},"end":{"line":42,"column":10},"skip":true},"11":{"start":{"line":33,"column":12},"end":{"line":33,"column":24},"skip":true},"12":{"start":{"line":34,"column":12},"end":{"line":34,"column":44},"skip":true},"13":{"start":{"line":36,"column":12},"end":{"line":36,"column":62},"skip":true},"14":{"start":{"line":37,"column":12},"end":{"line":37,"column":49},"skip":true},"15":{"start":{"line":38,"column":12},"end":{"line":38,"column":49},"skip":true},"16":{"start":{"line":39,"column":12},"end":{"line":39,"column":31},"skip":true},"17":{"start":{"line":41,"column":12},"end":{"line":41,"column":30},"skip":true},"18":{"start":{"line":45,"column":4},"end":{"line":45,"column":15},"skip":true},"19":{"start":{"line":46,"column":4},"end":{"line":46,"column":24},"skip":true},"20":{"start":{"line":47,"column":4},"end":{"line":47,"column":35},"skip":true},"21":{"start":{"line":49,"column":4},"end":{"line":55,"column":6},"skip":true},"22":{"start":{"line":57,"column":4},"end":{"line":83,"column":6},"skip":true},"23":{"start":{"line":61,"column":8},"end":{"line":61,"column":18},"skip":true},"24":{"start":{"line":62,"column":8},"end":{"line":64,"column":9},"skip":true},"25":{"start":{"line":63,"column":12},"end":{"line":63,"column":19},"skip":true},"26":{"start":{"line":65,"column":8},"end":{"line":81,"column":10},"skip":true},"27":{"start":{"line":82,"column":8},"end":{"line":82,"column":20},"skip":true},"28":{"start":{"line":84,"column":4},"end":{"line":91,"column":6},"skip":true},"29":{"start":{"line":90,"column":8},"end":{"line":90,"column":32},"skip":true},"30":{"start":{"line":92,"column":4},"end":{"line":97,"column":6},"skip":true},"31":{"start":{"line":96,"column":8},"end":{"line":96,"column":21},"skip":true},"32":{"start":{"line":98,"column":4},"end":{"line":103,"column":6},"skip":true},"33":{"start":{"line":102,"column":8},"end":{"line":102,"column":15},"skip":true},"34":{"start":{"line":104,"column":4},"end":{"line":120,"column":6},"skip":true},"35":{"start":{"line":110,"column":8},"end":{"line":118,"column":11},"skip":true},"36":{"start":{"line":111,"column":12},"end":{"line":117,"column":13},"skip":true},"37":{"start":{"line":116,"column":16},"end":{"line":116,"column":57},"skip":true},"38":{"start":{"line":119,"column":8},"end":{"line":119,"column":22},"skip":true},"39":{"start":{"line":122,"column":4},"end":{"line":150,"column":5},"skip":true},"40":{"start":{"line":123,"column":8},"end":{"line":123,"column":41},"skip":true},"41":{"start":{"line":124,"column":8},"end":{"line":124,"column":41},"skip":true},"42":{"start":{"line":125,"column":8},"end":{"line":125,"column":55},"skip":true},"43":{"start":{"line":126,"column":8},"end":{"line":126,"column":43},"skip":true},"44":{"start":{"line":127,"column":8},"end":{"line":127,"column":41},"skip":true},"45":{"start":{"line":128,"column":8},"end":{"line":128,"column":39},"skip":true},"46":{"start":{"line":129,"column":8},"end":{"line":129,"column":35},"skip":true},"47":{"start":{"line":130,"column":8},"end":{"line":130,"column":41},"skip":true},"48":{"start":{"line":131,"column":8},"end":{"line":131,"column":41},"skip":true},"49":{"start":{"line":132,"column":8},"end":{"line":132,"column":33},"skip":true},"50":{"start":{"line":133,"column":8},"end":{"line":133,"column":37},"skip":true},"51":{"start":{"line":134,"column":8},"end":{"line":134,"column":39},"skip":true},"52":{"start":{"line":135,"column":8},"end":{"line":135,"column":35},"skip":true},"53":{"start":{"line":136,"column":8},"end":{"line":136,"column":33},"skip":true},"54":{"start":{"line":137,"column":8},"end":{"line":137,"column":37},"skip":true},"55":{"start":{"line":138,"column":8},"end":{"line":138,"column":51},"skip":true},"56":{"start":{"line":139,"column":8},"end":{"line":139,"column":45},"skip":true},"57":{"start":{"line":140,"column":8},"end":{"line":140,"column":37},"skip":true},"58":{"start":{"line":141,"column":8},"end":{"line":141,"column":41},"skip":true},"59":{"start":{"line":142,"column":8},"end":{"line":142,"column":57},"skip":true},"60":{"start":{"line":143,"column":8},"end":{"line":143,"column":41},"skip":true},"61":{"start":{"line":144,"column":8},"end":{"line":144,"column":35},"skip":true},"62":{"start":{"line":145,"column":8},"end":{"line":145,"column":35},"skip":true},"63":{"start":{"line":146,"column":8},"end":{"line":146,"column":35},"skip":true},"64":{"start":{"line":147,"column":8},"end":{"line":147,"column":37},"skip":true},"65":{"start":{"line":148,"column":8},"end":{"line":148,"column":33},"skip":true},"66":{"start":{"line":149,"column":8},"end":{"line":149,"column":37},"skip":true},"67":{"start":{"line":155,"column":0},"end":{"line":1409,"column":5}},"68":{"start":{"line":162,"column":0},"end":{"line":866,"column":5},"skip":true},"69":{"start":{"line":164,"column":0},"end":{"line":169,"column":2},"skip":true},"70":{"start":{"line":171,"column":0},"end":{"line":176,"column":1},"skip":true},"71":{"start":{"line":172,"column":4},"end":{"line":172,"column":44},"skip":true},"72":{"start":{"line":174,"column":4},"end":{"line":174,"column":27},"skip":true},"73":{"start":{"line":175,"column":4},"end":{"line":175,"column":41},"skip":true},"74":{"start":{"line":178,"column":0},"end":{"line":178,"column":26},"skip":true},"75":{"start":{"line":183,"column":0},"end":{"line":534,"column":2},"skip":true},"76":{"start":{"line":198,"column":4},"end":{"line":198,"column":27},"skip":true},"77":{"start":{"line":199,"column":4},"end":{"line":199,"column":32},"skip":true},"78":{"start":{"line":200,"column":4},"end":{"line":200,"column":15},"skip":true},"79":{"start":{"line":201,"column":4},"end":{"line":201,"column":15},"skip":true},"80":{"start":{"line":202,"column":4},"end":{"line":202,"column":16},"skip":true},"81":{"start":{"line":203,"column":4},"end":{"line":203,"column":22},"skip":true},"82":{"start":{"line":204,"column":4},"end":{"line":204,"column":16},"skip":true},"83":{"start":{"line":205,"column":4},"end":{"line":205,"column":12},"skip":true},"84":{"start":{"line":206,"column":4},"end":{"line":206,"column":12},"skip":true},"85":{"start":{"line":207,"column":4},"end":{"line":207,"column":16},"skip":true},"86":{"start":{"line":209,"column":4},"end":{"line":209,"column":34},"skip":true},"87":{"start":{"line":211,"column":4},"end":{"line":211,"column":64},"skip":true},"88":{"start":{"line":212,"column":4},"end":{"line":229,"column":6},"skip":true},"89":{"start":{"line":221,"column":8},"end":{"line":223,"column":9},"skip":true},"90":{"start":{"line":222,"column":12},"end":{"line":222,"column":38},"skip":true},"91":{"start":{"line":225,"column":8},"end":{"line":227,"column":9},"skip":true},"92":{"start":{"line":226,"column":12},"end":{"line":226,"column":30},"skip":true},"93":{"start":{"line":228,"column":8},"end":{"line":228,"column":19},"skip":true},"94":{"start":{"line":230,"column":4},"end":{"line":342,"column":6},"skip":true},"95":{"start":{"line":234,"column":8},"end":{"line":240,"column":9},"skip":true},"96":{"start":{"line":235,"column":12},"end":{"line":235,"column":43},"skip":true},"97":{"start":{"line":236,"column":12},"end":{"line":238,"column":15},"skip":true},"98":{"start":{"line":239,"column":12},"end":{"line":239,"column":19},"skip":true},"99":{"start":{"line":242,"column":8},"end":{"line":242,"column":60},"skip":true},"100":{"start":{"line":243,"column":8},"end":{"line":341,"column":9},"skip":true},"101":{"start":{"line":247,"column":12},"end":{"line":249,"column":13},"skip":true},"102":{"start":{"line":248,"column":16},"end":{"line":248,"column":23},"skip":true},"103":{"start":{"line":250,"column":12},"end":{"line":250,"column":26},"skip":true},"104":{"start":{"line":252,"column":12},"end":{"line":255,"column":14},"skip":true},"105":{"start":{"line":256,"column":12},"end":{"line":256,"column":33},"skip":true},"106":{"start":{"line":258,"column":12},"end":{"line":270,"column":13},"skip":true},"107":{"start":{"line":261,"column":16},"end":{"line":261,"column":68},"skip":true},"108":{"start":{"line":262,"column":16},"end":{"line":262,"column":22},"skip":true},"109":{"start":{"line":264,"column":16},"end":{"line":268,"column":17},"skip":true},"110":{"start":{"line":265,"column":20},"end":{"line":267,"column":22},"skip":true},"111":{"start":{"line":269,"column":16},"end":{"line":269,"column":22},"skip":true},"112":{"start":{"line":272,"column":12},"end":{"line":287,"column":13},"skip":true},"113":{"start":{"line":273,"column":16},"end":{"line":273,"column":55},"skip":true},"114":{"start":{"line":274,"column":16},"end":{"line":274,"column":54},"skip":true},"115":{"start":{"line":275,"column":16},"end":{"line":284,"column":18},"skip":true},"116":{"start":{"line":285,"column":16},"end":{"line":285,"column":60},"skip":true},"117":{"start":{"line":286,"column":16},"end":{"line":286,"column":56},"skip":true},"118":{"start":{"line":290,"column":12},"end":{"line":296,"column":13},"skip":true},"119":{"start":{"line":291,"column":16},"end":{"line":295,"column":19},"skip":true},"120":{"start":{"line":294,"column":20},"end":{"line":294,"column":71},"skip":true},"121":{"start":{"line":298,"column":12},"end":{"line":301,"column":18},"skip":true},"122":{"start":{"line":302,"column":12},"end":{"line":302,"column":57},"skip":true},"123":{"start":{"line":303,"column":12},"end":{"line":314,"column":13},"skip":true},"124":{"start":{"line":304,"column":16},"end":{"line":313,"column":20},"skip":true},"125":{"start":{"line":317,"column":12},"end":{"line":333,"column":13},"skip":true},"126":{"start":{"line":322,"column":16},"end":{"line":324,"column":17},"skip":true},"127":{"start":{"line":323,"column":20},"end":{"line":323,"column":26},"skip":true},"128":{"start":{"line":325,"column":16},"end":{"line":328,"column":18},"skip":true},"129":{"start":{"line":329,"column":16},"end":{"line":329,"column":22},"skip":true},"130":{"start":{"line":331,"column":16},"end":{"line":331,"column":75},"skip":true},"131":{"start":{"line":332,"column":16},"end":{"line":332,"column":22},"skip":true},"132":{"start":{"line":335,"column":12},"end":{"line":335,"column":43},"skip":true},"133":{"start":{"line":337,"column":12},"end":{"line":337,"column":45},"skip":true},"134":{"start":{"line":338,"column":12},"end":{"line":338,"column":46},"skip":true},"135":{"start":{"line":339,"column":12},"end":{"line":339,"column":36},"skip":true},"136":{"start":{"line":340,"column":12},"end":{"line":340,"column":18},"skip":true},"137":{"start":{"line":343,"column":4},"end":{"line":360,"column":6},"skip":true},"138":{"start":{"line":347,"column":8},"end":{"line":347,"column":18},"skip":true},"139":{"start":{"line":349,"column":8},"end":{"line":353,"column":9},"skip":true},"140":{"start":{"line":350,"column":12},"end":{"line":350,"column":25},"skip":true},"141":{"start":{"line":352,"column":12},"end":{"line":352,"column":32},"skip":true},"142":{"start":{"line":355,"column":8},"end":{"line":359,"column":9},"skip":true},"143":{"start":{"line":356,"column":12},"end":{"line":358,"column":31},"skip":true},"144":{"start":{"line":357,"column":16},"end":{"line":357,"column":33},"skip":true},"145":{"start":{"line":361,"column":4},"end":{"line":399,"column":6},"skip":true},"146":{"start":{"line":366,"column":8},"end":{"line":370,"column":11},"skip":true},"147":{"start":{"line":367,"column":12},"end":{"line":369,"column":13},"skip":true},"148":{"start":{"line":368,"column":16},"end":{"line":368,"column":39},"skip":true},"149":{"start":{"line":372,"column":8},"end":{"line":372,"column":64},"skip":true},"150":{"start":{"line":374,"column":8},"end":{"line":380,"column":11},"skip":true},"151":{"start":{"line":382,"column":8},"end":{"line":384,"column":11},"skip":true},"152":{"start":{"line":383,"column":12},"end":{"line":383,"column":62},"skip":true},"153":{"start":{"line":386,"column":8},"end":{"line":393,"column":9},"skip":true},"154":{"start":{"line":392,"column":12},"end":{"line":392,"column":62},"skip":true},"155":{"start":{"line":395,"column":8},"end":{"line":395,"column":31},"skip":true},"156":{"start":{"line":396,"column":8},"end":{"line":396,"column":30},"skip":true},"157":{"start":{"line":397,"column":8},"end":{"line":397,"column":33},"skip":true},"158":{"start":{"line":398,"column":8},"end":{"line":398,"column":52},"skip":true},"159":{"start":{"line":401,"column":4},"end":{"line":403,"column":5},"skip":true},"160":{"start":{"line":402,"column":8},"end":{"line":402,"column":51},"skip":true},"161":{"start":{"line":405,"column":4},"end":{"line":410,"column":6},"skip":true},"162":{"start":{"line":412,"column":4},"end":{"line":470,"column":5},"skip":true},"163":{"start":{"line":413,"column":8},"end":{"line":415,"column":10},"skip":true},"164":{"start":{"line":417,"column":8},"end":{"line":417,"column":18},"skip":true},"165":{"start":{"line":419,"column":8},"end":{"line":454,"column":11},"skip":true},"166":{"start":{"line":427,"column":12},"end":{"line":427,"column":26},"skip":true},"167":{"start":{"line":428,"column":12},"end":{"line":428,"column":27},"skip":true},"168":{"start":{"line":429,"column":12},"end":{"line":432,"column":14},"skip":true},"169":{"start":{"line":433,"column":12},"end":{"line":433,"column":48},"skip":true},"170":{"start":{"line":434,"column":12},"end":{"line":434,"column":55},"skip":true},"171":{"start":{"line":435,"column":12},"end":{"line":435,"column":42},"skip":true},"172":{"start":{"line":436,"column":12},"end":{"line":438,"column":15},"skip":true},"173":{"start":{"line":437,"column":16},"end":{"line":437,"column":38},"skip":true},"174":{"start":{"line":439,"column":12},"end":{"line":452,"column":15},"skip":true},"175":{"start":{"line":440,"column":16},"end":{"line":444,"column":18},"skip":true},"176":{"start":{"line":445,"column":16},"end":{"line":448,"column":18},"skip":true},"177":{"start":{"line":449,"column":16},"end":{"line":451,"column":19},"skip":true},"178":{"start":{"line":453,"column":12},"end":{"line":453,"column":52},"skip":true},"179":{"start":{"line":455,"column":8},"end":{"line":463,"column":10},"skip":true},"180":{"start":{"line":460,"column":12},"end":{"line":462,"column":15},"skip":true},"181":{"start":{"line":464,"column":8},"end":{"line":464,"column":41},"skip":true},"182":{"start":{"line":465,"column":8},"end":{"line":465,"column":29},"skip":true},"183":{"start":{"line":466,"column":8},"end":{"line":466,"column":32},"skip":true},"184":{"start":{"line":467,"column":8},"end":{"line":467,"column":27},"skip":true},"185":{"start":{"line":468,"column":8},"end":{"line":468,"column":41},"skip":true},"186":{"start":{"line":469,"column":8},"end":{"line":469,"column":33},"skip":true},"187":{"start":{"line":472,"column":4},"end":{"line":472,"column":14},"skip":true},"188":{"start":{"line":474,"column":4},"end":{"line":483,"column":16},"skip":true},"189":{"start":{"line":475,"column":8},"end":{"line":478,"column":10},"skip":true},"190":{"start":{"line":479,"column":8},"end":{"line":479,"column":20},"skip":true},"191":{"start":{"line":481,"column":8},"end":{"line":481,"column":41},"skip":true},"192":{"start":{"line":482,"column":8},"end":{"line":482,"column":42},"skip":true},"193":{"start":{"line":485,"column":4},"end":{"line":485,"column":65},"skip":true},"194":{"start":{"line":486,"column":4},"end":{"line":486,"column":36},"skip":true},"195":{"start":{"line":488,"column":4},"end":{"line":488,"column":47},"skip":true},"196":{"start":{"line":489,"column":4},"end":{"line":489,"column":47},"skip":true},"197":{"start":{"line":490,"column":4},"end":{"line":490,"column":46},"skip":true},"198":{"start":{"line":491,"column":4},"end":{"line":491,"column":58},"skip":true},"199":{"start":{"line":492,"column":4},"end":{"line":492,"column":57},"skip":true},"200":{"start":{"line":494,"column":4},"end":{"line":496,"column":5},"skip":true},"201":{"start":{"line":495,"column":8},"end":{"line":495,"column":68},"skip":true},"202":{"start":{"line":498,"column":4},"end":{"line":508,"column":5},"skip":true},"203":{"start":{"line":499,"column":8},"end":{"line":499,"column":71},"skip":true},"204":{"start":{"line":500,"column":8},"end":{"line":503,"column":10},"skip":true},"205":{"start":{"line":504,"column":8},"end":{"line":504,"column":59},"skip":true},"206":{"start":{"line":507,"column":8},"end":{"line":507,"column":38},"skip":true},"207":{"start":{"line":510,"column":4},"end":{"line":512,"column":7},"skip":true},"208":{"start":{"line":511,"column":8},"end":{"line":511,"column":52},"skip":true},"209":{"start":{"line":514,"column":4},"end":{"line":532,"column":5},"skip":true},"210":{"start":{"line":521,"column":8},"end":{"line":528,"column":11},"skip":true},"211":{"start":{"line":522,"column":12},"end":{"line":525,"column":13},"skip":true},"212":{"start":{"line":523,"column":16},"end":{"line":523,"column":35},"skip":true},"213":{"start":{"line":524,"column":16},"end":{"line":524,"column":23},"skip":true},"214":{"start":{"line":527,"column":12},"end":{"line":527,"column":27},"skip":true},"215":{"start":{"line":529,"column":8},"end":{"line":529,"column":14},"skip":true},"216":{"start":{"line":531,"column":8},"end":{"line":531,"column":27},"skip":true},"217":{"start":{"line":533,"column":4},"end":{"line":533,"column":15},"skip":true},"218":{"start":{"line":536,"column":0},"end":{"line":694,"column":2},"skip":true},"219":{"start":{"line":540,"column":4},"end":{"line":547,"column":6},"skip":true},"220":{"start":{"line":545,"column":8},"end":{"line":545,"column":33},"skip":true},"221":{"start":{"line":546,"column":8},"end":{"line":546,"column":51},"skip":true},"222":{"start":{"line":548,"column":4},"end":{"line":548,"column":77},"skip":true},"223":{"start":{"line":549,"column":4},"end":{"line":549,"column":69},"skip":true},"224":{"start":{"line":550,"column":4},"end":{"line":652,"column":6},"skip":true},"225":{"start":{"line":555,"column":8},"end":{"line":555,"column":24},"skip":true},"226":{"start":{"line":556,"column":8},"end":{"line":556,"column":17},"skip":true},"227":{"start":{"line":557,"column":8},"end":{"line":557,"column":24},"skip":true},"228":{"start":{"line":558,"column":8},"end":{"line":558,"column":17},"skip":true},"229":{"start":{"line":559,"column":8},"end":{"line":559,"column":21},"skip":true},"230":{"start":{"line":560,"column":8},"end":{"line":568,"column":11},"skip":true},"231":{"start":{"line":569,"column":8},"end":{"line":571,"column":15},"skip":true},"232":{"start":{"line":572,"column":8},"end":{"line":572,"column":43},"skip":true},"233":{"start":{"line":573,"column":8},"end":{"line":573,"column":48},"skip":true},"234":{"start":{"line":575,"column":8},"end":{"line":577,"column":10},"skip":true},"235":{"start":{"line":578,"column":8},"end":{"line":578,"column":22},"skip":true},"236":{"start":{"line":579,"column":8},"end":{"line":617,"column":11},"skip":true},"237":{"start":{"line":580,"column":12},"end":{"line":582,"column":13},"skip":true},"238":{"start":{"line":581,"column":16},"end":{"line":581,"column":23},"skip":true},"239":{"start":{"line":583,"column":12},"end":{"line":583,"column":46},"skip":true},"240":{"start":{"line":584,"column":12},"end":{"line":586,"column":13},"skip":true},"241":{"start":{"line":585,"column":16},"end":{"line":585,"column":25},"skip":true},"242":{"start":{"line":587,"column":12},"end":{"line":587,"column":56},"skip":true},"243":{"start":{"line":588,"column":12},"end":{"line":588,"column":32},"skip":true},"244":{"start":{"line":589,"column":12},"end":{"line":592,"column":13},"skip":true},"245":{"start":{"line":590,"column":16},"end":{"line":590,"column":50},"skip":true},"246":{"start":{"line":591,"column":16},"end":{"line":591,"column":23},"skip":true},"247":{"start":{"line":593,"column":12},"end":{"line":616,"column":13},"skip":true},"248":{"start":{"line":594,"column":16},"end":{"line":594,"column":63},"skip":true},"249":{"start":{"line":595,"column":16},"end":{"line":599,"column":18},"skip":true},"250":{"start":{"line":601,"column":16},"end":{"line":615,"column":19},"skip":true},"251":{"start":{"line":618,"column":8},"end":{"line":618,"column":18},"skip":true},"252":{"start":{"line":619,"column":8},"end":{"line":619,"column":72},"skip":true},"253":{"start":{"line":620,"column":8},"end":{"line":650,"column":22},"skip":true},"254":{"start":{"line":622,"column":12},"end":{"line":622,"column":27},"skip":true},"255":{"start":{"line":625,"column":12},"end":{"line":627,"column":15},"skip":true},"256":{"start":{"line":626,"column":16},"end":{"line":626,"column":31},"skip":true},"257":{"start":{"line":628,"column":12},"end":{"line":640,"column":13},"skip":true},"258":{"start":{"line":631,"column":16},"end":{"line":631,"column":52},"skip":true},"259":{"start":{"line":632,"column":16},"end":{"line":632,"column":22},"skip":true},"260":{"start":{"line":634,"column":16},"end":{"line":634,"column":61},"skip":true},"261":{"start":{"line":635,"column":16},"end":{"line":639,"column":18},"skip":true},"262":{"start":{"line":641,"column":12},"end":{"line":648,"column":14},"skip":true},"263":{"start":{"line":651,"column":8},"end":{"line":651,"column":26},"skip":true},"264":{"start":{"line":653,"column":4},"end":{"line":653,"column":77},"skip":true},"265":{"start":{"line":654,"column":4},"end":{"line":654,"column":69},"skip":true},"266":{"start":{"line":655,"column":4},"end":{"line":655,"column":75},"skip":true},"267":{"start":{"line":656,"column":4},"end":{"line":656,"column":67},"skip":true},"268":{"start":{"line":657,"column":4},"end":{"line":666,"column":6},"skip":true},"269":{"start":{"line":662,"column":8},"end":{"line":662,"column":33},"skip":true},"270":{"start":{"line":663,"column":8},"end":{"line":665,"column":11},"skip":true},"271":{"start":{"line":667,"column":4},"end":{"line":670,"column":6},"skip":true},"272":{"start":{"line":671,"column":4},"end":{"line":671,"column":76},"skip":true},"273":{"start":{"line":672,"column":4},"end":{"line":678,"column":6},"skip":true},"274":{"start":{"line":677,"column":8},"end":{"line":677,"column":66},"skip":true},"275":{"start":{"line":679,"column":4},"end":{"line":682,"column":6},"skip":true},"276":{"start":{"line":683,"column":4},"end":{"line":683,"column":72},"skip":true},"277":{"start":{"line":685,"column":4},"end":{"line":688,"column":5},"skip":true},"278":{"start":{"line":686,"column":8},"end":{"line":686,"column":30},"skip":true},"279":{"start":{"line":687,"column":8},"end":{"line":687,"column":15},"skip":true},"280":{"start":{"line":689,"column":4},"end":{"line":692,"column":5},"skip":true},"281":{"start":{"line":690,"column":8},"end":{"line":690,"column":41},"skip":true},"282":{"start":{"line":691,"column":8},"end":{"line":691,"column":15},"skip":true},"283":{"start":{"line":693,"column":4},"end":{"line":693,"column":29},"skip":true},"284":{"start":{"line":696,"column":0},"end":{"line":704,"column":2},"skip":true},"285":{"start":{"line":700,"column":4},"end":{"line":702,"column":5},"skip":true},"286":{"start":{"line":701,"column":8},"end":{"line":701,"column":29},"skip":true},"287":{"start":{"line":703,"column":4},"end":{"line":703,"column":17},"skip":true},"288":{"start":{"line":706,"column":0},"end":{"line":733,"column":2},"skip":true},"289":{"start":{"line":711,"column":4},"end":{"line":711,"column":17},"skip":true},"290":{"start":{"line":712,"column":4},"end":{"line":712,"column":14},"skip":true},"291":{"start":{"line":713,"column":4},"end":{"line":715,"column":13},"skip":true},"292":{"start":{"line":716,"column":4},"end":{"line":727,"column":6},"skip":true},"293":{"start":{"line":717,"column":8},"end":{"line":725,"column":9},"skip":true},"294":{"start":{"line":724,"column":12},"end":{"line":724,"column":40},"skip":true},"295":{"start":{"line":726,"column":8},"end":{"line":726,"column":35},"skip":true},"296":{"start":{"line":729,"column":4},"end":{"line":731,"column":6},"skip":true},"297":{"start":{"line":730,"column":8},"end":{"line":730,"column":31},"skip":true},"298":{"start":{"line":732,"column":4},"end":{"line":732,"column":20},"skip":true},"299":{"start":{"line":735,"column":0},"end":{"line":767,"column":2},"skip":true},"300":{"start":{"line":740,"column":4},"end":{"line":765,"column":7},"skip":true},"301":{"start":{"line":741,"column":8},"end":{"line":764,"column":9},"skip":true},"302":{"start":{"line":742,"column":12},"end":{"line":746,"column":14},"skip":true},"303":{"start":{"line":747,"column":12},"end":{"line":755,"column":13},"skip":true},"304":{"start":{"line":748,"column":16},"end":{"line":751,"column":20},"skip":true},"305":{"start":{"line":752,"column":16},"end":{"line":754,"column":17},"skip":true},"306":{"start":{"line":753,"column":20},"end":{"line":753,"column":47},"skip":true},"307":{"start":{"line":756,"column":12},"end":{"line":756,"column":39},"skip":true},"308":{"start":{"line":759,"column":12},"end":{"line":761,"column":13},"skip":true},"309":{"start":{"line":760,"column":16},"end":{"line":760,"column":60},"skip":true},"310":{"start":{"line":762,"column":12},"end":{"line":762,"column":45},"skip":true},"311":{"start":{"line":763,"column":12},"end":{"line":763,"column":51},"skip":true},"312":{"start":{"line":766,"column":4},"end":{"line":766,"column":18},"skip":true},"313":{"start":{"line":769,"column":0},"end":{"line":811,"column":2},"skip":true},"314":{"start":{"line":775,"column":4},"end":{"line":775,"column":19},"skip":true},"315":{"start":{"line":776,"column":4},"end":{"line":776,"column":46},"skip":true},"316":{"start":{"line":777,"column":4},"end":{"line":777,"column":33},"skip":true},"317":{"start":{"line":778,"column":4},"end":{"line":778,"column":35},"skip":true},"318":{"start":{"line":779,"column":4},"end":{"line":806,"column":6},"skip":true},"319":{"start":{"line":780,"co
[...]
"                        /\\/$/","                    ).test(option.url)","                    ? option.url + local.path.basename(option.file)","                    : option.url","                )","            }, option.onNext);","            break;","        default:","            onError(error, data);","        }","    });","    option.modeNext = 0;","    option.onNext();","};","","local.githubCrudContentTouch = function (option, onError) {","/*"," * this function will touch github-file <option>.url"," * https://developer.github.com/v3/repos/contents/#update-a-file"," */","    option = {","        httpRequest: option.httpRequest,","        message: option.message,","        modeErrorIgnore: true,","        url: option.url","    };","    local.onNext(option, function (error, data) {","        switch (option.modeNext) {","        case 1:","            // get sha","            local.githubCrudAjax({","                httpRequest: option.httpRequest,","                url: option.url","            }, option.onNext);","            break;","        case 2:","            // put file with sha","            local.githubCrudAjax({","                content: Buffer.from(data.content || \"\", \"base64\"),","                httpRequest: option.httpRequest,","                message: option.message,","                method: \"PUT\",","                sha: data.sha,","                url: option.url","            }, option.onNext);","            break;","        default:","            onError(error, data);","        }","    });","    option.modeNext = 0;","    option.onNext();","};","","local.githubCrudContentTouchList = function (option, onError) {","/*"," * this function will touch github-files <option>.urlList in parallel"," * https://developer.github.com/v3/repos/contents/#update-a-file"," */","    local.onParallelList({","        list: option.urlList","    }, function (option2, onParallel) {","        onParallel.counter += 1;","        local.githubCrudContentTouch({","            httpRequest: option.httpRequest,","            message: option.message,","            url: option2.element","        }, onParallel);","    }, onError);","};","","local.githubCrudRepoCreate = function (option, onError) {","/*"," * this function will create github-repo <option>.url"," * https://developer.github.com/v3/repos/#create"," */","    local.githubCrudAjax({","        httpRequest: option.httpRequest,","        method: \"POST_ORG\",","        url: option.url","    }, function (error, data) {","        if (!(error && error.statusCode === 404)) {","            onError(error, data);","            return;","        }","        local.githubCrudAjax({","            httpRequest: option.httpRequest,","            method: \"POST_USER\",","            url: option.url","        }, onError);","    });","};","","local.githubCrudRepoCreateList = function (option, onError) {","/*"," * this function will create github-repos <option>.urlList in parallel"," * https://developer.github.com/v3/repos/#create"," */","    local.onParallelList({","        list: option.urlList","    }, function (option2, onParallel) {","        onParallel.counter += 1;","        local.githubCrudRepoCreate({","            httpRequest: option.httpRequest,","            url: option2.element","        }, onParallel);","    }, onError);","};","","local.githubCrudRepoDelete = function (option, onError) {","/*"," * this function will delete github-repo <option>.url"," * https://developer.github.com/v3/repos/#delete-a-repository"," */","    local.githubCrudAjax({","        httpRequest: option.httpRequest,","        method: \"DELETE\",","        url: option.url","    }, onError);","};","","local.githubCrudRepoDeleteList = function (option, onError) {","/*"," * this function will delete github-repos <option>.urlList in parallel"," * https://developer.github.com/v3/repos/#delete-a-repository"," */","    local.onParallelList({","        list: option.urlList","    }, function (option2, onParallel) {","        onParallel.counter += 1;","        local.githubCrudRepoDelete({","            httpRequest: option.httpRequest,","            url: option2.element","        }, onParallel);","    }, onError);","};","}());","","","","// run node js-env code - init-after","/* istanbul ignore next */","(function () {","if (local.isBrowser) {","    return;","}","","","","local.cliDict = {};","local.cliDict.delete = function () {","/*"," * <fileRemote|dirRemote> <commitMessage>"," * will delete from github <fileRemote|dirRemote>"," */","    local.github_crud.githubCrudContentDelete({","        message: process.argv[4],","        url: process.argv[3]","    }, function (error) {","        process.exit(Boolean(error));","    });","};","","local.cliDict.get = function () {","/*"," * <fileRemote>"," * will get from github <fileRemote>"," */","    local.github_crud.githubCrudContentGet({","        url: process.argv[3]","    }, function (error, data) {","        try {","            process.stdout.write(data);","        } catch (ignore) {}","        process.exit(Boolean(error));","    });","};","","local.cliDict.put = function () {","/*"," * <fileRemote> <fileLocal> <commitMessage>"," * will put on github <fileRemote> to <fileLocal>"," */","    local.github_crud.githubCrudContentPutFile({","        message: process.argv[5],","        url: process.argv[3],","        file: process.argv[4]","    }, function (error) {","        process.exit(Boolean(error));","    });","};","","local.cliDict.repo_create = function () {","/*"," * <repoList>"," * will create on github in parallel, comma-separated <repoList>"," */","    local.github_crud.githubCrudRepoCreateList({","        urlList: process.argv[3].split(","            /[,\\s]/g","        ).filter(local.identity)","    }, function (error) {","        process.exit(Boolean(error));","    });","};","","local.cliDict.repo_delete = function () {","/*"," * <repoList>"," * will delete from github in parallel, comma-separated <repoList>"," */","    local.github_crud.githubCrudRepoDeleteList({","        urlList: process.argv[3].split(","            /[,\\s]/g","        ).filter(local.identity)","    }, function (error) {","        process.exit(Boolean(error));","    });","};","","local.cliDict.touch = function () {","/*"," * <fileRemoteList> <commitMessage>"," * will touch on github in parallel, comma-separated <fileRemoteList>"," */","    local.github_crud.githubCrudContentTouchList({","        message: process.argv[4],","        urlList: process.argv[3].split(","            /[,\\s]/g","        ).filter(local.identity)","    }, function (error) {","        process.exit(Boolean(error));","    });","};","","// run cli","if (module === require.main && !globalThis.utility2_rollup) {","    local.cliRun();","}","}());","","","","}());",""],"l":{"14":1,"16":1,"17":1,"19":1,"20":1,"21":1,"24":1,"26":1,"27":1,"28":1,"33":1,"34":1,"36":1,"37":1,"38":1,"39":1,"41":1,"45":1,"46":1,"47":1,"49":1,"57":1,"61":17,"62":17,"63":17,"65":1,"82":1,"84":1,"90":27,"92":1,"96":54,"98":1,"102":344,"104":1,"110":54,"111":270,"116":155,"119":54,"122":1,"123":1,"124":1,"125":1,"126":1,"127":1,"128":1,"129":1,"130":1,"131":1,"132":1,"133":1,"134":1,"135":1,"136":1,"137":1,"138":1,"139":1,"140":1,"141":1,"142":1,"143":1,"144":1,"145":1,"146":1,"147":1,"148":1,"149":1,"155":1,"162":1,"164":1,"171":1,"172":1,"174":1,"175":1,"178":1,"183":1,"198":27,"199":27,"200":27,"201":27,"202":27,"203":27,"204":27,"205":27,"206":27,"207":27,"209":27,"211":27,"212":27,"221":1,"222":1,"225":1,"226":1,"228":1,"230":27,"234":59,"235":16,"236":16,"239":16,"242":43,"243":43,"247":43,"248":16,"250":27,"252":27,"256":27,"258":27,"261":1,"262":1,"264":19,"265":1,"269":19,"272":27,"273":9,"274":9,"275":9,"285":9,"286":9,"290":27,"291":1,"294":1,"298":27,"302":27,"303":27,"304":1,"317":27,"322":22,"323":6,"325":16,"329":16,"331":1,"332":1,"335":27,"337":27,"338":27,"339":27,"340":27,"343":27,"347":54,"349":54,"350":54,"352":3,"355":54,"356":3,"357":3,"361":27,"366":54,"367":490,"368":490,"372":54,"374":54,"382":54,"383":156,"386":54,"392":1,"395":54,"396":54,"397":54,"398":54,"401":27,"402":27,"405":27,"412":27,"413":27,"417":27,"419":27,"427":27,"428":27,"429":27,"433":27,"434":27,"435":27,"436":27,"437":24,"439":27,"440":27,"445":27,"449":27,"453":27,"455":27,"460":1,"464":27,"465":27,"466":27,"467":27,"468":27,"469":27,"472":27,"474":27,"475":1,"479":1,"481":1,"482":1,"485":27,"486":27,"488":27,"489":27,"490":27,"491":27,"492":27,"494":27,"495":1,"498":27,"499":1,"500":1,"504":1,"507":27,"510":27,"511":104,"514":27,"521":1,"522":1,"523":1,"524":1,"527":1,"529":1,"531":27,"533":27,"536":1,"540":1,"545":1,"546":1,"548":1,"549":1,"550":1,"555":1,"556":1,"557":1,"558":1,"559":1,"560":1,"569":1,"572":1,"573":1,"575":1,"578":1,"579":1,"580":1,"581":1,"583":1,"584":1,"585":1,"587":1,"588":1,"589":1,"590":1,"591":1,"593":1,"594":1,"595":1,"601":1,"618":1,"619":1,"620":1,"622":1,"625":1,"626":1,"628":1,"631":1,"632":1,"634":1,"635":1,"641":1,"651":1,"653":1,"654":1,"655":1,"656":1,"657":1,"662":1,"663":1,"667":1,"671":1,"672":1,"677":1,"679":1,"683":1,"685":1,"686":1,"687":1,"689":1,"690":1,"691":1,"693":1,"696":1,"700":26,"701":8,"703":26,"706":1,"711":26,"712":26,"713":26,"716":26,"717":55,"724":5,"726":55,"729":26,"730":1,"732":26,"735":1,"740":15,"741":44,"742":44,"747":44,"748":1,"752":1,"753":1,"756":44,"759":1,"760":1,"762":1,"763":1,"766":15,"769":1,"775":11,"776":11,"777":11,"778":11,"779":11,"780":35,"781":1,"784":35,"786":35,"787":1,"791":35,"792":3,"795":32,"796":3,"798":3,"801":32,"802":11,"803":11,"805":21,"808":11,"810":11,"813":1,"820":11,"821":11,"822":11,"823":11,"824":11,"825":32,"826":56,"827":31,"828":31,"830":25,"831":1,"833":24,"834":24,"842":11,"843":35,"844":1,"845":1,"846":1,"847":1,"848":1,"850":1,"853":35,"854":1,"855":1,"858":11,"859":11,"860":11,"861":11,"862":11,"863":11,"864":11,"871":1,"872":1,"878":29,"895":29,"926":23,"927":23,"928":14,"930":23,"932":29,"935":3,"938":3,"940":1,"944":1,"946":1,"950":1,"952":1,"953":1,"955":3,"957":26,"958":3,"959":3,"960":3,"962":23,"963":9,"970":9,"971":9,"972":6,"974":9,"982":26,"983":26,"991":26,"997":26,"998":26,"1000":26,"1007":1,"1012":3,"1017":3,"1018":9,"1021":3,"1025":3,"1028":3,"1029":2,"1036":2,"1039":1,"1042":1,"1044":1,"1050":1,"1052":3,"1055":3,"1056":3,"1059":1,"1064":2,"1068":2,"1069":5,"1071":2,"1075":2,"1077":1,"1078":1,"1080":2,"1083":2,"1084":2,"1087":1,"1093":4,"1100":4,"1101":12,"1104":4,"1108":4,"1111":4,"1119":4,"1121":4,"1124":4,"1125":4,"1128":1,"1133":2,"1139":2,"1140":6,"1143":2,"1146":1,"1150":1,"1152":1,"1155":1,"1156":1,"1158":2,"1172":2,"1174":2,"1177":2,"1178":2,"1181":1,"1186":4,"1192":4,"1193":12,"1196":4,"1200":4,"1203":4,"1211":3,"1213":4,"1216":4,"1217":4,"1220":1,"1225":2,"1228":2,"1229":2,"1237":1,"1242":2,"1247":2,"1248":1,"1249":1,"1251":1,"1259":1,"1264":2,"1267":2,"1268":2,"1275":1,"1280":2,"1287":1,"1292":2,"1295":2,"1296":2,"1308":1,"1309":1,"1310":1,"1315":1,"1316":1,"1321":1,"1325":1,"1329":1,"1334":1,"1337":1,"1338":1,"1340":1,"1344":1,"1349":1,"1354":1,"1358":1,"1363":1,"1368":1,"1372":1,"1377":1,"1382":1,"1386":1,"1391":1,"1397":1,"1402":1,"1403":1}},"/home/travis/build/kaizhu256/node-github-crud/example.js":{"path":"/home/travis/build/kaizhu256/node-github-crud/example.js","s":{"1":2,"2":2,"3":1,"4":1,"5":1,"6":1,"7":1,"8":1,"9":1,"10":1,"11":0,"12":1,"13":1,"14":1,"15":0,"16":1,"17":1,"18":1,"19":1,"20":0,"21":0,"22":0,"23":0,"24":0,"25":0,"26":0,"27":0,"28":0,"29":0,"30":0,"31":0,"32":0,"33":0,"34":0,"35":1},"b":{"1":[1,1],"2":[0,1],"3":[1,0,0,0,0],"4":[0,1],"5":[1,1],"6":[1,0],"7":[1,1]},"f":{"1":2,"2":1},"fnMap":{"1":{"name":"(anonymous_1)","line":137,"loc":{"start":{"line":137,"column":1},"end":{"line":137,"column":13}}},"2":{"name":"(anonymous_2)","line":161,"loc":{"start":{"line":161,"column":9},"end":{"line":161,"column":32}},"skip":true}},"statementMap":{"1":{"start":{"line":137,"column":0},"end":{"line":225,"column":5}},"2":{"start":{"line":146,"column":0},"end":{"line":146,"column":32}},"3":{"start":{"line":147,"column":0},"end":{"line":147,"column":55}},"4":{"start":{"line":149,"column":0},"end":{"line":149,"column":66}},"5":{"start":{"line":156,"column":0},"end":{"line":156,"column":10}},"6":{"start":{"line":157,"column":0},"end":{"line":157,"column":13}},"7":{"start":{"line":158,"column":0},"end":{"line":158,"column":11}},"8":{"start":{"line":159,"column":0},"end":{"line":159,"column":13}},"9":{"start":{"line":161,"column":0},"end":{"line":223,"column":2},"skip":true},"10":{"start":{"line":162,"column":4},"end":{"line":164,"column":5},"skip":true},"11":{"start":{"line":163,"column":8},"end":{"line":163,"column":29},"skip":true},"12":{"start":{"line":165,"column":4},"end":{"line":165,"column":18},"skip":true},"13":{"start":{"line":166,"column":4},"end":{"line":222,"column":5},"skip":true},"14":{"start":{"line":169,"column":8},"end":{"line":174,"column":9},"skip":true},"15":{"start":{"line":173,"column":12},"end":{"line":173,"column":19},"skip":true},"16":{"start":{"line":175,"column":8},"end":{"line":175,"column":50},"skip":true},"17":{"start":{"line":176,"column":8},"end":{"line":176,"column":31},"skip":true},"18":{"start":{"line":177,"column":8},"end":{"line":182,"column":9},"skip":true},"19":{"start":{"line":181,"column":12},"end":{"line":181,"column":19},"skip":true},"20":{"start":{"line":183,"column":8},"end":{"line":183,"column":17},"skip":true},"21":{"start":{"line":184,"column":8},"end":{"line":184,"column":14},"skip":true},"22":{"start":{"line":187,"column":8},"end":{"line":187,"column":68},"skip":true},"23":{"start":{"line":188,"column":8},"end":{"line":193,"column":19},"skip":true},"24":{"start":{"line":194,"column":8},"end":{"line":194,"column":14},"skip":true},"25":{"start":{"line":197,"column":8},"end":{"line":197,"column":68},"skip":true},"26":{"start":{"line":198,"column":8},"end":{"line":201,"column":19},"skip":true},"27":{"start":{"line":202,"column":8},"end":{"line":202,"column":14},"skip":true},"28":{"start":{"line":205,"column":8},"end":{"line":205,"column":36},"skip":true},"29":{"start":{"line":206,"column":8},"end":{"line":206,"column":70},"skip":true},"30":{"start":{"line":207,"column":8},"end":{"line":211,"column":19},"skip":true},"31":{"start":{"line":212,"column":8},"end":{"line":212,"column":14},"skip":true},"32":{"start":{"line":215,"column":8},"end":{"line":215,"column":71},"skip":true},"33":{"start":{"line":216,"column":8},"end":{"line":220,"column":19},"skip":true},"34":{"start":{"line":221,"column":8},"end":{"line":221,"column":14},"skip":true},"35":{"start":{"line":224,"column":0},"end":{"line":224,"column":9}}},"branchMap":{"1":{"line":149,"type":"binary-expr","locations":[{"start":{"line":149,"column":27},"end":{"line":149,"column":51}},{"start":{"line":149,"column":55},"end":{"line":149,"column":65}}]},"2":{"line":162,"type":"if","locations":[{"start":{"line":162,"column":4},"end":{"line":162,"column":4},"skip":true},{"start":{"line":162,"column":4},"end":{"line":162,"column":4},"skip":true}]},"3":{"line":166,"type":"switch","locations":[{"start":{"line":168,"column":4},"end":{"line":184,"column":14},"skip":true},{"start":{"line":186,"column":4},"end":{"line":194,"column":14},"skip":true},{"start":{"line":196,"column":4},"end":{"line":202,"column":14},"skip":true},{"start":{"line":204,"column":4},"end":{"line":212,"column":14},"skip":true},{"start":{"line":214,"column":4},"end":{"line":221,"column":14},"skip":true}]},"4":{"line":169,"type":"if","locations":[{"start":{"line":169,"column":8},"end":{"line":169,"column":8},"skip":true},{"start":{"line":169,"column":8},"end":{"line":169,"column":8},"skip":true}]},"5":{"line":170,"type":"binary-expr","locations":[{"start":{"line":170,"column":12},"end":{"line":170,"column":38},"skip":true},{"start":{"line":171,"column":15},"end":{"line":171,"column":37},"skip":true}]},"6":{"line":177,"type":"if","locations":[{"start":{"line":177,"column":8},"end":{"line":177,"column":8},"skip":true},{"start":{"line":177,"column":8},"end":{"line":177,"column":8},"skip":true}]},"7":{"line":178,"type":"binary-expr","locations":[{"start":{"line":178,"column":12},"end":{"line":178,"column":52},"skip":true},{"start":{"line":179,"column":15},"end":{"line":179,"column":47},"skip":true}]}},"code":["","","","","","","","","","","","","","","","","","","","","","","","","","","","","","","","","","","","","","","","","","","","","","","","","","","","","","","","","","","","","","","","","","","","","","","","","","","","","","","","","","","","","","","","","","","","","","","","","","","","","","","","","","","","","","","","","","","","","","","","/*","example.js","","this script will run a web-demo of github-crud","","instruction","    1. save this script as example.js","    2. edit env vars below","    3. run the shell command:","        $ npm install github-crud && node example.js","    4. edit this script to suit your needs","*/","","","","/* istanbul instrument in package github_crud */","/* jslint utility2:true */","(function () {","\"use strict\";","","","","/*"," * edit begin"," * edit env vars below"," */","process.env.BRANCH = \"gh-pages\";","process.env.GITHUB_REPO = \"kaizhu256/node-github-crud\";","// get $GITHUB_TOKEN from https://github.com/settings/tokens","process.env.GITHUB_TOKEN = process.env.GITHUB_TOKEN || \"xxxxxxxx\";","/*"," * edit end"," */","","","","var local;","var modeNext;","var onNext;","modeNext = 0;","/* istanbul ignore next */","onNext = function (error, data) {","    if (error) {","        console.error(error);","    }","    modeNext += 1;","    switch (modeNext) {","    // init","    case 1:","        if (","            typeof window === \"object\"","            || global.utility2_rollup // jslint ignore:line","        ) {","            return;","        }","        local = globalThis.utility2_moduleExports;","        module.exports = local;","        if (","            process.env.npm_config_mode_auto_restart","            || process.env.npm_config_mode_test","        ) {","            return;","        }","        onNext();","        break;","    // test github-crud put","    case 2:","        console.error(\"\\n\\n\\ngithub-crud put /foo/bar/hello.txt\\n\");","        local.githubCrudContentPut({","            content: \"hello world\\n\",","            message: \"commit message 1\",","            url: \"https://github.com/\" + process.env.GITHUB_REPO + \"/blob/\"","            + process.env.BRANCH + \"/foo/bar/hello.txt\"","        }, onNext);","        break;","    // test github-crud get","    case 3:","        console.error(\"\\n\\n\\ngithub-crud get /foo/bar/hello.txt\\n\");","        local.githubCrudContentGet({","            url: \"https://github.com/\" + process.env.GITHUB_REPO + \"/blob/\"","            + process.env.BRANCH + \"/foo/bar/hello.txt\"","        }, onNext);","        break;","    // test github-crud touch","    case 4:","        console.error(String(data));","        console.error(\"\\n\\n\\ngithub-crud touch /foo/bar/hello.txt\\n\");","        local.githubCrudContentTouch({","            message: \"commit message 2\",","            url: \"https://github.com/\" + process.env.GITHUB_REPO + \"/blob/\"","            + process.env.BRANCH + \"/foo/bar/hello.txt\"","        }, onNext);","        break;","    // test github-crud delete","    case 5:","        console.error(\"\\n\\n\\ngithub-crud delete /foo/bar/hello.txt\\n\");","        local.githubCrudContentDelete({","            message: \"commit message 3\",","            url: \"https://github.com/\" + process.env.GITHUB_REPO + \"/blob/\"","            + process.env.BRANCH + \"/foo/bar/hello.txt\"","        }, onNext);","        break;","    }","};","onNext();","}());"],"l":{"137":2,"146":2,"147":1,"149":1,"156":1,"157":1,"158":1,"159":1,"161":1,"162":1,"163":1,"165":1,"166":1,"169":1,"173":1,"175":1,"176":1,"177":1,"181":1,"183":1,"184":1,"187":1,"188":1,"194":1,"197":1,"198":1,"202":1,"205":1,"206":1,"207":1,"212":1,"215":1,"216":1,"221":1,"224":1}}}